39.0 APEX_CODE,DEBUG;APEX_PROFILING,NONE;CALLOUT,NONE;DB,NONE;SYSTEM,NONE;VALIDATION,NONE;VISUALFORCE,NONE;WAVE,NONE;WORKFLOW,NONE
06:06:32.1 (1015004)|USER_INFO|[EXTERNAL]|005410000028GkS|candidate@829258advdev.com.devbox|Pacific Standard Time|GMT-08:00
06:06:32.1 (1048993)|EXECUTION_STARTED
06:06:32.1 (1053214)|CODE_UNIT_STARTED|[EXTERNAL]|01p11000000FzFc|BookOrderPageControllerTest.TestMethodFour
06:06:36.558 (4558955149)|CODE_UNIT_STARTED|[EXTERNAL]|Workflow:Product2
06:06:36.558 (4863594194)|CODE_UNIT_FINISHED|Workflow:Product2
06:06:36.558 (5097318242)|CODE_UNIT_STARTED|[EXTERNAL]|Workflow:Product2
06:06:36.558 (5245688146)|CODE_UNIT_FINISHED|Workflow:Product2
06:06:37.660 (5660241666)|CODE_UNIT_STARTED|[EXTERNAL]|Workflow:Product2
06:06:37.660 (6019571884)|CODE_UNIT_FINISHED|Workflow:Product2
06:06:37.660 (6441136204)|CODE_UNIT_STARTED|[EXTERNAL]|Workflow:Product2
06:06:38.793 (6793228700)|CODE_UNIT_FINISHED|Workflow:Product2
06:06:38.793 (7329672773)|CODE_UNIT_STARTED|[EXTERNAL]|Workflow:Product2
06:06:38.793 (7617853663)|CODE_UNIT_FINISHED|Workflow:Product2
06:06:40.478 (8478440604)|CODE_UNIT_STARTED|[EXTERNAL]|Workflow:Contact
06:06:40.478 (8534272075)|CODE_UNIT_FINISHED|Workflow:Contact
06:06:40.478 (8599682094)|VF_PAGE_MESSAGE|Book Order ID is Missing
06:06:40.478 (8601708795)|CODE_UNIT_FINISHED|BookOrderPageControllerTest.TestMethodFour
06:06:40.478 (8602881776)|EXECUTION_FINISHED
06:06:41.828 (9828315063)|USER_INFO|[EXTERNAL]|005410000028GkS|candidate@829258advdev.com.devbox|Pacific Standard Time|GMT-08:00
06:06:41.828 (9828331102)|EXECUTION_STARTED
06:06:41.828 (9828336332)|CODE_UNIT_STARTED|[EXTERNAL]|01p11000000FzFc|BookOrderPageControllerTest.TestMethodOne
06:06:45.329 (13329188886)|CODE_UNIT_STARTED|[EXTERNAL]|Workflow:Product2
06:06:45.329 (13589253049)|CODE_UNIT_FINISHED|Workflow:Product2
06:06:45.329 (13738429137)|CODE_UNIT_STARTED|[EXTERNAL]|Workflow:Product2
06:06:45.329 (13902062013)|CODE_UNIT_FINISHED|Workflow:Product2
06:06:45.329 (14186539965)|CODE_UNIT_STARTED|[EXTERNAL]|Workflow:Product2
06:06:46.413 (14413880179)|CODE_UNIT_FINISHED|Workflow:Product2
06:06:46.413 (14714081792)|CODE_UNIT_STARTED|[EXTERNAL]|Workflow:Product2
06:06:46.413 (15005716627)|CODE_UNIT_FINISHED|Workflow:Product2
06:06:47.413 (15413288077)|CODE_UNIT_STARTED|[EXTERNAL]|Workflow:Product2
06:06:47.413 (15688980229)|CODE_UNIT_FINISHED|Workflow:Product2
06:06:48.453 (16453150119)|CODE_UNIT_STARTED|[EXTERNAL]|Workflow:Contact
06:06:48.453 (16497808159)|CODE_UNIT_FINISHED|Workflow:Contact
06:06:48.453 (16526599634)|USER_DEBUG|[68]|DEBUG|lstPrd 300
06:06:48.453 (16543316523)|USER_DEBUG|[74]|DEBUG|Test dataBook_Order__c:{Id=a001100000DbFBlAAN, Name=order_2, Contact__c=0031100001Fv7KCAAZ}
06:06:48.453 (16590239401)|USER_DEBUG|[76]|DEBUG|test0.00
06:06:48.453 (16590439281)|USER_DEBUG|[76]|DEBUG|test0.00
06:06:48.453 (16593671797)|EXCEPTION_THROWN|[92]|System.AssertException: Assertion Failed: Expected: 2, Actual: 0
06:06:48.453 (16593954747)|FATAL_ERROR|System.AssertException: Assertion Failed: Expected: 2, Actual: 0

Class.BookOrderPageControllerTest.TestMethodOne: line 92, column 1
06:06:48.453 (16593967825)|FATAL_ERROR|System.AssertException: Assertion Failed: Expected: 2, Actual: 0

Class.BookOrderPageControllerTest.TestMethodOne: line 92, column 1
06:06:48.453 (16593976719)|CODE_UNIT_FINISHED|BookOrderPageControllerTest.TestMethodOne
06:06:48.453 (16595336511)|EXECUTION_FINISHED
06:06:49.800 (17800383761)|USER_INFO|[EXTERNAL]|005410000028GkS|candidate@829258advdev.com.devbox|Pacific Standard Time|GMT-08:00
06:06:49.800 (17800395076)|EXECUTION_STARTED
06:06:49.800 (17800398111)|CODE_UNIT_STARTED|[EXTERNAL]|01p11000000FzFc|BookOrderPageControllerTest.TestMethodTwo
06:06:53.218 (21218873758)|CODE_UNIT_STARTED|[EXTERNAL]|Workflow:Product2
06:06:53.218 (21477576174)|CODE_UNIT_FINISHED|Workflow:Product2
06:06:53.218 (21618120246)|CODE_UNIT_STARTED|[EXTERNAL]|Workflow:Product2
06:06:53.218 (21764462429)|CODE_UNIT_FINISHED|Workflow:Product2
06:06:53.218 (22051214805)|CODE_UNIT_STARTED|[EXTERNAL]|Workflow:Product2
06:06:54.300 (22300285180)|CODE_UNIT_FINISHED|Workflow:Product2
06:06:54.300 (22591481028)|CODE_UNIT_STARTED|[EXTERNAL]|Workflow:Product2
06:06:54.300 (22856314409)|CODE_UNIT_FINISHED|Workflow:Product2
06:06:54.300 (23101507507)|CODE_UNIT_STARTED|[EXTERNAL]|Workflow:Product2
06:06:55.347 (23347950463)|CODE_UNIT_FINISHED|Workflow:Product2
06:06:55.347 (24075212213)|CODE_UNIT_STARTED|[EXTERNAL]|Workflow:Contact
06:06:55.347 (24104064251)|CODE_UNIT_FINISHED|Workflow:Contact
06:06:56.355 (24355091316)|USER_DEBUG|[76]|DEBUG|test0.00
06:06:56.355 (24355264213)|USER_DEBUG|[76]|DEBUG|test0.00
06:06:56.355 (24355867649)|USER_DEBUG|[76]|DEBUG|test0.00
06:06:56.355 (24384922130)|CODE_UNIT_STARTED|[EXTERNAL]|01q11000000D4Gi|BookOrder on Book_Order trigger event BeforeUpdate for [a001100000DbFBm]
06:06:56.355 (24398399012)|USER_DEBUG|[81]|DEBUG|List of Book Names{a001100000DbFBmAAN={}}
06:06:56.355 (24398476013)|USER_DEBUG|[99]|DEBUG|List of Wharehouse accounts()
06:06:56.355 (24398775966)|USER_DEBUG|[163]|DEBUG|Final update to Product{}
06:06:56.355 (24400283678)|CODE_UNIT_FINISHED|BookOrder on Book_Order trigger event BeforeUpdate for [a001100000DbFBm]
06:06:56.355 (24416414725)|CODE_UNIT_FINISHED|BookOrderPageControllerTest.TestMethodTwo
06:06:56.355 (24417566920)|EXECUTION_FINISHED
