39.0 APEX_CODE,DEBUG;APEX_PROFILING,NONE;CALLOUT,NONE;DB,NONE;SYSTEM,NONE;VALIDATION,NONE;VISUALFORCE,NONE;WAVE,NONE;WORKFLOW,NONE
06:57:43.1 (1677873)|USER_INFO|[EXTERNAL]|005410000028GkS|candidate@829258advdev.com.devbox|Pacific Standard Time|GMT-08:00
06:57:43.1 (1719714)|EXECUTION_STARTED
06:57:43.1 (1723883)|CODE_UNIT_STARTED|[EXTERNAL]|01p11000000FzFc|BookOrderPageControllerTest.TestMethodFour
06:57:47.972 (4972232190)|CODE_UNIT_STARTED|[EXTERNAL]|Workflow:Product2
06:57:47.972 (5278997395)|CODE_UNIT_FINISHED|Workflow:Product2
06:57:47.972 (5498868052)|CODE_UNIT_STARTED|[EXTERNAL]|Workflow:Product2
06:57:47.972 (5626858019)|CODE_UNIT_FINISHED|Workflow:Product2
06:57:48.986 (5986881145)|CODE_UNIT_STARTED|[EXTERNAL]|Workflow:Product2
06:57:48.986 (6300630442)|CODE_UNIT_FINISHED|Workflow:Product2
06:57:48.986 (6750534799)|CODE_UNIT_STARTED|[EXTERNAL]|Workflow:Product2
06:57:50.114 (7114590866)|CODE_UNIT_FINISHED|Workflow:Product2
06:57:50.114 (7563012741)|CODE_UNIT_STARTED|[EXTERNAL]|Workflow:Product2
06:57:50.114 (7849313913)|CODE_UNIT_FINISHED|Workflow:Product2
06:57:51.152 (8152789238)|USER_DEBUG|[60]|DEBUG|test_1520
06:57:51.152 (8299362974)|CODE_UNIT_STARTED|[EXTERNAL]|Workflow:Contact
06:57:51.152 (8340751603)|CODE_UNIT_FINISHED|Workflow:Contact
06:57:51.152 (8445785341)|VF_PAGE_MESSAGE|Book Order ID is Missing
06:57:51.152 (8448031644)|CODE_UNIT_FINISHED|BookOrderPageControllerTest.TestMethodFour
06:57:51.152 (8449313789)|EXECUTION_FINISHED
06:57:52.842 (9842601785)|USER_INFO|[EXTERNAL]|005410000028GkS|candidate@829258advdev.com.devbox|Pacific Standard Time|GMT-08:00
06:57:52.842 (9842627536)|EXECUTION_STARTED
06:57:52.842 (9842633036)|CODE_UNIT_STARTED|[EXTERNAL]|01p11000000FzFc|BookOrderPageControllerTest.TestMethodOne
06:57:56.392 (13392644411)|CODE_UNIT_STARTED|[EXTERNAL]|Workflow:Product2
06:57:56.392 (13633437998)|CODE_UNIT_FINISHED|Workflow:Product2
06:57:56.392 (13760046409)|CODE_UNIT_STARTED|[EXTERNAL]|Workflow:Product2
06:57:56.392 (13899497618)|CODE_UNIT_FINISHED|Workflow:Product2
06:57:56.392 (14180991273)|CODE_UNIT_STARTED|[EXTERNAL]|Workflow:Product2
06:57:57.446 (14446947641)|CODE_UNIT_FINISHED|Workflow:Product2
06:57:57.446 (14717963859)|CODE_UNIT_STARTED|[EXTERNAL]|Workflow:Product2
06:57:57.446 (14997018455)|CODE_UNIT_FINISHED|Workflow:Product2
06:57:57.446 (15409185393)|CODE_UNIT_STARTED|[EXTERNAL]|Workflow:Product2
06:57:58.712 (15712314735)|CODE_UNIT_FINISHED|Workflow:Product2
06:57:58.712 (16115501008)|USER_DEBUG|[60]|DEBUG|test_1520
06:57:58.712 (16251436081)|CODE_UNIT_STARTED|[EXTERNAL]|Workflow:Contact
06:57:58.712 (16278659346)|CODE_UNIT_FINISHED|Workflow:Contact
06:57:58.712 (16316442697)|USER_DEBUG|[84]|DEBUG|lstPrd 50
06:57:58.712 (16319490631)|USER_DEBUG|[90]|DEBUG|Test dataBook_Order__c:{Id=a001100000DbFUAAA3, Name=order_2, Contact__c=0031100001FvNBVAA3}
06:57:58.712 (16402195380)|CODE_UNIT_STARTED|[EXTERNAL]|01q11000000D4Gi|BookOrder on Book_Order trigger event BeforeUpdate for [a001100000DbFUA]
06:57:58.712 (16422674568)|USER_DEBUG|[81]|DEBUG|List of Book Names{}
06:57:58.712 (16422759964)|USER_DEBUG|[99]|DEBUG|List of Wharehouse accounts()
06:57:58.712 (16422900422)|USER_DEBUG|[163]|DEBUG|Final update to Product{}
06:57:58.712 (16424562969)|CODE_UNIT_FINISHED|BookOrder on Book_Order trigger event BeforeUpdate for [a001100000DbFUA]
06:57:58.712 (16440596480)|USER_DEBUG|[76]|DEBUG|test0.00
06:57:58.712 (16469140040)|CODE_UNIT_STARTED|[EXTERNAL]|01q11000000D4Gi|BookOrder on Book_Order trigger event BeforeUpdate for [a001100000DbFUA]
06:57:58.712 (16483744579)|USER_DEBUG|[81]|DEBUG|List of Book Names{}
06:57:58.712 (16483807526)|USER_DEBUG|[99]|DEBUG|List of Wharehouse accounts()
06:57:58.712 (16483892531)|USER_DEBUG|[163]|DEBUG|Final update to Product{}
06:57:58.712 (16485302426)|CODE_UNIT_FINISHED|BookOrder on Book_Order trigger event BeforeUpdate for [a001100000DbFUA]
06:57:58.712 (16520907537)|USER_DEBUG|[76]|DEBUG|test0.00
06:57:58.712 (16527087642)|USER_DEBUG|[109]|DEBUG|Count1--0
06:57:58.712 (16527141311)|USER_DEBUG|[111]|DEBUG|Count2--0
06:57:58.712 (16639515727)|CODE_UNIT_STARTED|[EXTERNAL]|01q11000000D4Gi|BookOrder on Book_Order trigger event BeforeUpdate for [a001100000DbFUA]
06:57:58.712 (16654203261)|USER_DEBUG|[81]|DEBUG|List of Book Names{}
06:57:58.712 (16654250033)|USER_DEBUG|[99]|DEBUG|List of Wharehouse accounts()
06:57:58.712 (16654330638)|USER_DEBUG|[163]|DEBUG|Final update to Product{}
06:57:58.712 (16655871778)|CODE_UNIT_FINISHED|BookOrder on Book_Order trigger event BeforeUpdate for [a001100000DbFUA]
06:57:58.712 (16672929240)|USER_DEBUG|[76]|DEBUG|test0.00
06:57:59.714 (16714798072)|USER_DEBUG|[76]|DEBUG|test0.00
06:57:59.714 (16725891553)|CODE_UNIT_STARTED|[EXTERNAL]|01q11000000D4Gi|BookOrder on Book_Order trigger event BeforeUpdate for [a001100000DbFUA]
06:57:59.714 (16739432262)|USER_DEBUG|[81]|DEBUG|List of Book Names{a001100000DbFUAAA3={Book_98=1}}
06:57:59.714 (16758087543)|USER_DEBUG|[99]|DEBUG|List of Wharehouse accounts(Account:{Id=0011100001LcnhyAAB, Name=Warehouse0}, Account:{Id=0011100001Lcnb4AAB, Name=Warehouse0}, Account:{Id=0011100001LcnlhAAB, Name=Warehouse0}, Account:{Id=0011100001LcnhzAAB, Name=Warehouse1}, Account:{Id=0011100001Lcnb5AAB, Name=Warehouse1}, Account:{Id=0011100001LcnliAAB, Name=Warehouse1}, Account:{Id=0011100001Lcni8AAB, Name=Warehouse10}, Account:{Id=0011100001LcnbEAAR, Name=Warehouse10}, Account:{Id=0011100001LcnlrAAB, Name=Warehouse10}, Account:{Id=0011100001Lcni9AAB, Name=Warehouse11}, ...)
06:57:59.714 (16773150053)|USER_DEBUG|[163]|DEBUG|Final update to Product{}
06:57:59.714 (16774830101)|CODE_UNIT_FINISHED|BookOrder on Book_Order trigger event BeforeUpdate for [a001100000DbFUA]
06:57:59.714 (16792893836)|CODE_UNIT_FINISHED|BookOrderPageControllerTest.TestMethodOne
06:57:59.714 (16794827155)|EXECUTION_FINISHED
06:58:01.192 (18192309989)|USER_INFO|[EXTERNAL]|005410000028GkS|candidate@829258advdev.com.devbox|Pacific Standard Time|GMT-08:00
06:58:01.192 (18192331381)|EXECUTION_STARTED
06:58:01.192 (18192335426)|CODE_UNIT_STARTED|[EXTERNAL]|01p11000000FzFc|BookOrderPageControllerTest.TestMethodTwo
06:58:04.726 (21726467278)|CODE_UNIT_STARTED|[EXTERNAL]|Workflow:Product2
06:58:04.726 (22009889496)|CODE_UNIT_FINISHED|Workflow:Product2
06:58:04.726 (22155862337)|CODE_UNIT_STARTED|[EXTERNAL]|Workflow:Product2
06:58:04.726 (22285440429)|CODE_UNIT_FINISHED|Workflow:Product2
06:58:04.726 (22611292985)|CODE_UNIT_STARTED|[EXTERNAL]|Workflow:Product2
06:58:05.913 (22913445381)|CODE_UNIT_FINISHED|Workflow:Product2
06:58:05.913 (23217744429)|CODE_UNIT_STARTED|[EXTERNAL]|Workflow:Product2
06:58:05.913 (23506811890)|CODE_UNIT_FINISHED|Workflow:Product2
06:58:05.913 (23776225500)|CODE_UNIT_STARTED|[EXTERNAL]|Workflow:Product2
06:58:07.85 (24085781216)|CODE_UNIT_FINISHED|Workflow:Product2
06:58:07.85 (24395553772)|USER_DEBUG|[60]|DEBUG|test_1520
06:58:07.85 (24551477005)|CODE_UNIT_STARTED|[EXTERNAL]|Workflow:Contact
06:58:07.85 (24580519591)|CODE_UNIT_FINISHED|Workflow:Contact
06:58:07.85 (24867143199)|EXCEPTION_THROWN|[93]|System.AssertException: Assertion Failed: Same value: 0
06:58:07.85 (24867435167)|FATAL_ERROR|System.AssertException: Assertion Failed: Same value: 0

Class.BookOrderPageController.addToShoppingCart: line 93, column 1
Class.BookOrderPageControllerTest.TestMethodTwo: line 168, column 1
06:58:07.85 (24867446970)|FATAL_ERROR|System.AssertException: Assertion Failed: Same value: 0

Class.BookOrderPageController.addToShoppingCart: line 93, column 1
Class.BookOrderPageControllerTest.TestMethodTwo: line 168, column 1
06:58:07.85 (24867458455)|CODE_UNIT_FINISHED|BookOrderPageControllerTest.TestMethodTwo
06:58:07.85 (24869877554)|EXECUTION_FINISHED
