39.0 APEX_CODE,DEBUG;APEX_PROFILING,NONE;CALLOUT,NONE;DB,NONE;SYSTEM,NONE;VALIDATION,NONE;VISUALFORCE,NONE;WAVE,NONE;WORKFLOW,NONE
05:25:27.0 (809410)|USER_INFO|[EXTERNAL]|005410000028GkS|candidate@829258advdev.com.devbox|Pacific Standard Time|GMT-08:00
05:25:27.0 (845645)|EXECUTION_STARTED
05:25:27.0 (849167)|CODE_UNIT_STARTED|[EXTERNAL]|01p11000000Fz9e|BookListControllerTest.TestMethodOne
05:25:30.711 (3711727037)|CODE_UNIT_STARTED|[EXTERNAL]|Workflow:Product2
05:25:30.711 (4027239835)|CODE_UNIT_FINISHED|Workflow:Product2
05:25:30.711 (4220161722)|CODE_UNIT_STARTED|[EXTERNAL]|Workflow:Product2
05:25:30.711 (4372913480)|CODE_UNIT_FINISHED|Workflow:Product2
05:25:30.711 (4697072019)|CODE_UNIT_STARTED|[EXTERNAL]|Workflow:Product2
05:25:31.969 (4969003223)|CODE_UNIT_FINISHED|Workflow:Product2
05:25:31.969 (5274101729)|CODE_UNIT_STARTED|[EXTERNAL]|Workflow:Product2
05:25:31.969 (5556087879)|CODE_UNIT_FINISHED|Workflow:Product2
05:25:31.969 (5833074770)|CODE_UNIT_STARTED|[EXTERNAL]|Workflow:Product2
05:25:33.121 (6121381076)|CODE_UNIT_FINISHED|Workflow:Product2
05:25:33.121 (6530608996)|CODE_UNIT_STARTED|[EXTERNAL]|Workflow:Contact
05:25:33.121 (6568434602)|CODE_UNIT_FINISHED|Workflow:Contact
05:25:33.121 (6634634724)|USER_DEBUG|[88]|DEBUG|Test dataBook_Order__c:{Id=a001100000DompDAAR, Name=order_2, Contact__c=0031100001G0HopAAF}
05:25:33.121 (6634971572)|EXCEPTION_THROWN|[95]|System.SObjectException: SObject row was retrieved via SOQL without querying the requested field: Account.Type
05:25:33.121 (6635075551)|FATAL_ERROR|System.SObjectException: SObject row was retrieved via SOQL without querying the requested field: Account.Type

Class.BookListControllerTest.TestMethodOne: line 95, column 1
05:25:33.121 (6635090430)|FATAL_ERROR|System.SObjectException: SObject row was retrieved via SOQL without querying the requested field: Account.Type

Class.BookListControllerTest.TestMethodOne: line 95, column 1
05:25:33.121 (6635101945)|CODE_UNIT_FINISHED|BookListControllerTest.TestMethodOne
05:25:33.121 (6636850058)|EXECUTION_FINISHED
