39.0 APEX_CODE,DEBUG;APEX_PROFILING,NONE;CALLOUT,NONE;DB,NONE;SYSTEM,NONE;VALIDATION,NONE;VISUALFORCE,NONE;WAVE,NONE;WORKFLOW,NONE
11:17:46.0 (452993)|USER_INFO|[EXTERNAL]|005410000028GkS|candidate@829258advdev.com.devbox|Pacific Standard Time|GMT-08:00
11:17:46.0 (480923)|EXECUTION_STARTED
11:17:46.0 (484840)|CODE_UNIT_STARTED|[EXTERNAL]|TRIGGERS
11:17:46.0 (525751)|CODE_UNIT_STARTED|[EXTERNAL]|01q11000000D55H|RefactorTriiger on Book_Order trigger event BeforeUpdate for [a001100000DZCcZ]
11:17:46.0 (15398638)|USER_DEBUG|[52]|DEBUG|{01t11000006KTm0AAG=12, 01t41000001bXVSAA2=1}
11:17:46.0 (21948806)|USER_DEBUG|[57]|DEBUG|Fantasy Series 2 Book 2 Paperback ; 01t11000006KTm0AAG
11:17:46.0 (22017462)|USER_DEBUG|[64]|DEBUG|mapCollecBookNames== {Fantasy Series 2 Book 2 Paperback=12}
11:17:46.0 (22068450)|USER_DEBUG|[57]|DEBUG|Harry Potter Book 1 Hardcover ; 01t41000001bXVSAA2
11:17:46.0 (22101255)|USER_DEBUG|[60]|DEBUG|mapBOrdPrdNames == {01t11000006KTm0AAG={}, a001100000DZCcZAAX={Fantasy Series 2 Book 1 Paperback=12}}
11:17:46.0 (22131982)|USER_DEBUG|[64]|DEBUG|mapCollecBookNames== {Harry Potter Book 1 Hardcover=1}
11:17:46.0 (22178003)|USER_DEBUG|[57]|DEBUG|Harry Potter Book 2 Hardcover ; 01t41000001bXVSAA2
11:17:46.0 (22224197)|USER_DEBUG|[64]|DEBUG|mapCollecBookNames== {Harry Potter Book 1 Hardcover=1, Harry Potter Book 2 Hardcover=1}
11:17:46.0 (22251481)|USER_DEBUG|[68]|DEBUG|mapBOrdPrdNames Final == {01t11000006KTm0AAG={Harry Potter Book 1 Hardcover=1, Harry Potter Book 2 Hardcover=1}, 01t41000001bXVSAA2=(already output), a001100000DZCcZAAX={Fantasy Series 2 Book 1 Paperback=12}}
11:17:46.0 (22267606)|USER_DEBUG|[102]|DEBUG|List of Book Names{01t11000006KTm0AAG={Harry Potter Book 1 Hardcover=1, Harry Potter Book 2 Hardcover=1}, 01t41000001bXVSAA2=(already output), a001100000DZCcZAAX={Fantasy Series 2 Book 1 Paperback=12}}
11:17:46.0 (33565593)|USER_DEBUG|[120]|DEBUG|List of Wharehouse accounts(Account:{Id=0011100001L82JVAAZ, Name=Atlanta Wharehouse}, Account:{Id=0011100001L8T5bAAF, Name=Charlotte Warehouse})
11:17:46.0 (34641454)|USER_DEBUG|[184]|DEBUG|Final update to Product{01t11000006HfoGAAS=Product2:{Account__c=0011100001L82JVAAZ, Id=01t11000006HfoGAAS, Name=Fantasy Series 2 Book 2 Paperback, Inventory__c=0}}
11:17:46.0 (55086427)|CODE_UNIT_STARTED|[EXTERNAL]|Workflow:Product2
11:17:46.0 (69479524)|CODE_UNIT_FINISHED|Workflow:Product2
11:17:46.0 (77744380)|CODE_UNIT_FINISHED|RefactorTriiger on Book_Order trigger event BeforeUpdate for [a001100000DZCcZ]
11:17:46.0 (104927277)|CODE_UNIT_FINISHED|TRIGGERS
11:17:46.0 (104941983)|EXECUTION_FINISHED
