39.0 APEX_CODE,DEBUG;APEX_PROFILING,NONE;CALLOUT,NONE;DB,NONE;SYSTEM,NONE;VALIDATION,NONE;VISUALFORCE,NONE;WAVE,NONE;WORKFLOW,NONE
07:19:03.1 (1247143)|USER_INFO|[EXTERNAL]|005410000028GkS|candidate@829258advdev.com.devbox|Pacific Standard Time|GMT-08:00
07:19:03.1 (1300790)|EXECUTION_STARTED
07:19:03.1 (1305999)|CODE_UNIT_STARTED|[EXTERNAL]|01p11000000FzFc|BookOrderPageControllerTest.TestMethodFour
07:19:06.995 (3995581711)|CODE_UNIT_STARTED|[EXTERNAL]|Workflow:Product2
07:19:06.995 (4290238473)|CODE_UNIT_FINISHED|Workflow:Product2
07:19:06.995 (4538361836)|CODE_UNIT_STARTED|[EXTERNAL]|Workflow:Product2
07:19:06.995 (4680855411)|CODE_UNIT_FINISHED|Workflow:Product2
07:19:08.16 (5016632093)|CODE_UNIT_STARTED|[EXTERNAL]|Workflow:Product2
07:19:08.16 (5260557500)|CODE_UNIT_FINISHED|Workflow:Product2
07:19:08.16 (5682992769)|CODE_UNIT_STARTED|[EXTERNAL]|Workflow:Product2
07:19:08.16 (6012764069)|CODE_UNIT_FINISHED|Workflow:Product2
07:19:09.409 (6409271661)|CODE_UNIT_STARTED|[EXTERNAL]|Workflow:Product2
07:19:09.409 (6718129131)|CODE_UNIT_FINISHED|Workflow:Product2
07:19:09.409 (6979853618)|USER_DEBUG|[59]|DEBUG|test_1520
07:19:09.409 (7130263759)|CODE_UNIT_STARTED|[EXTERNAL]|Workflow:Contact
07:19:09.409 (7179188995)|CODE_UNIT_FINISHED|Workflow:Contact
07:19:09.409 (7245935664)|VF_PAGE_MESSAGE|Book Order ID is Missing
07:19:09.409 (7248332246)|CODE_UNIT_FINISHED|BookOrderPageControllerTest.TestMethodFour
07:19:09.409 (7249948653)|EXECUTION_FINISHED
07:19:11.507 (8507326801)|USER_INFO|[EXTERNAL]|005410000028GkS|candidate@829258advdev.com.devbox|Pacific Standard Time|GMT-08:00
07:19:11.507 (8507352318)|EXECUTION_STARTED
07:19:11.507 (8507358339)|CODE_UNIT_STARTED|[EXTERNAL]|01p11000000FzFc|BookOrderPageControllerTest.TestMethodOne
07:19:14.999 (11999590257)|CODE_UNIT_STARTED|[EXTERNAL]|Workflow:Product2
07:19:14.999 (12303957967)|CODE_UNIT_FINISHED|Workflow:Product2
07:19:14.999 (12446149178)|CODE_UNIT_STARTED|[EXTERNAL]|Workflow:Product2
07:19:14.999 (12583376189)|CODE_UNIT_FINISHED|Workflow:Product2
07:19:14.999 (12853076739)|CODE_UNIT_STARTED|[EXTERNAL]|Workflow:Product2
07:19:16.107 (13107583017)|CODE_UNIT_FINISHED|Workflow:Product2
07:19:16.107 (13379052995)|CODE_UNIT_STARTED|[EXTERNAL]|Workflow:Product2
07:19:16.107 (13660213916)|CODE_UNIT_FINISHED|Workflow:Product2
07:19:16.107 (14020610895)|CODE_UNIT_STARTED|[EXTERNAL]|Workflow:Product2
07:19:17.297 (14297207410)|CODE_UNIT_FINISHED|Workflow:Product2
07:19:17.297 (14569977774)|USER_DEBUG|[59]|DEBUG|test_1520
07:19:17.297 (14702635868)|CODE_UNIT_STARTED|[EXTERNAL]|Workflow:Contact
07:19:17.297 (14730400251)|CODE_UNIT_FINISHED|Workflow:Contact
07:19:17.297 (14765431672)|USER_DEBUG|[83]|DEBUG|lstPrd 50
07:19:17.297 (14768649637)|USER_DEBUG|[89]|DEBUG|Test dataBook_Order__c:{Id=a001100000DbFYRAA3, Name=order_2, Contact__c=0031100001FvNKaAAN}
07:19:17.297 (14856018031)|CODE_UNIT_STARTED|[EXTERNAL]|01q11000000D4Gi|BookOrder on Book_Order trigger event BeforeUpdate for [a001100000DbFYR]
07:19:17.297 (14874836248)|USER_DEBUG|[81]|DEBUG|List of Book Names{}
07:19:17.297 (14874932214)|USER_DEBUG|[99]|DEBUG|List of Wharehouse accounts()
07:19:17.297 (14875093182)|USER_DEBUG|[163]|DEBUG|Final update to Product{}
07:19:17.297 (14876607473)|CODE_UNIT_FINISHED|BookOrder on Book_Order trigger event BeforeUpdate for [a001100000DbFYR]
07:19:17.297 (14892171098)|USER_DEBUG|[76]|DEBUG|test0.00
07:19:17.297 (14920373143)|CODE_UNIT_STARTED|[EXTERNAL]|01q11000000D4Gi|BookOrder on Book_Order trigger event BeforeUpdate for [a001100000DbFYR]
07:19:17.297 (14934367112)|USER_DEBUG|[81]|DEBUG|List of Book Names{}
07:19:17.297 (14934422712)|USER_DEBUG|[99]|DEBUG|List of Wharehouse accounts()
07:19:17.297 (14934510816)|USER_DEBUG|[163]|DEBUG|Final update to Product{}
07:19:17.297 (14935928511)|CODE_UNIT_FINISHED|BookOrder on Book_Order trigger event BeforeUpdate for [a001100000DbFYR]
07:19:17.297 (14968985244)|USER_DEBUG|[76]|DEBUG|test0.00
07:19:17.297 (14974935125)|USER_DEBUG|[109]|DEBUG|Count1--0
07:19:17.297 (14975012274)|USER_DEBUG|[111]|DEBUG|Count2--0
07:19:17.297 (15071002940)|CODE_UNIT_STARTED|[EXTERNAL]|01q11000000D4Gi|BookOrder on Book_Order trigger event BeforeUpdate for [a001100000DbFYR]
07:19:17.297 (15084197497)|USER_DEBUG|[81]|DEBUG|List of Book Names{}
07:19:17.297 (15084247978)|USER_DEBUG|[99]|DEBUG|List of Wharehouse accounts()
07:19:17.297 (15084337425)|USER_DEBUG|[163]|DEBUG|Final update to Product{}
07:19:17.297 (15085743189)|CODE_UNIT_FINISHED|BookOrder on Book_Order trigger event BeforeUpdate for [a001100000DbFYR]
07:19:17.297 (15101193460)|USER_DEBUG|[76]|DEBUG|test0.00
07:19:17.297 (15142628589)|USER_DEBUG|[76]|DEBUG|test0.00
07:19:17.297 (15152434543)|CODE_UNIT_STARTED|[EXTERNAL]|01q11000000D4Gi|BookOrder on Book_Order trigger event BeforeUpdate for [a001100000DbFYR]
07:19:17.297 (15169659163)|USER_DEBUG|[81]|DEBUG|List of Book Names{a001100000DbFYRAA3={Book_98=1}}
07:19:17.297 (15190265309)|USER_DEBUG|[99]|DEBUG|List of Wharehouse accounts(Account:{Id=0011100001LcqRzAAJ, Name=Warehouse0}, Account:{Id=0011100001LcqL5AAJ, Name=Warehouse0}, Account:{Id=0011100001LcqVdAAJ, Name=Warehouse0}, Account:{Id=0011100001LcqS0AAJ, Name=Warehouse1}, Account:{Id=0011100001LcqL6AAJ, Name=Warehouse1}, Account:{Id=0011100001LcqVeAAJ, Name=Warehouse1}, Account:{Id=0011100001LcqS9AAJ, Name=Warehouse10}, Account:{Id=0011100001LcqLFAAZ, Name=Warehouse10}, Account:{Id=0011100001LcqVnAAJ, Name=Warehouse10}, Account:{Id=0011100001LcqSAAAZ, Name=Warehouse11}, ...)
07:19:17.297 (15206051596)|USER_DEBUG|[163]|DEBUG|Final update to Product{}
07:19:17.297 (15207524787)|CODE_UNIT_FINISHED|BookOrder on Book_Order trigger event BeforeUpdate for [a001100000DbFYR]
07:19:17.297 (15221945777)|CODE_UNIT_FINISHED|BookOrderPageControllerTest.TestMethodOne
07:19:17.297 (15223093979)|EXECUTION_FINISHED
07:19:19.681 (16681199435)|USER_INFO|[EXTERNAL]|005410000028GkS|candidate@829258advdev.com.devbox|Pacific Standard Time|GMT-08:00
07:19:19.681 (16681219161)|EXECUTION_STARTED
07:19:19.681 (16681223628)|CODE_UNIT_STARTED|[EXTERNAL]|01p11000000FzFc|BookOrderPageControllerTest.TestMethodTwo
07:19:23.68 (20068483173)|CODE_UNIT_STARTED|[EXTERNAL]|Workflow:Product2
07:19:23.68 (20330170200)|CODE_UNIT_FINISHED|Workflow:Product2
07:19:23.68 (20468277288)|CODE_UNIT_STARTED|[EXTERNAL]|Workflow:Product2
07:19:23.68 (20634882741)|CODE_UNIT_FINISHED|Workflow:Product2
07:19:23.68 (20938304569)|CODE_UNIT_STARTED|[EXTERNAL]|Workflow:Product2
07:19:24.217 (21217010166)|CODE_UNIT_FINISHED|Workflow:Product2
07:19:24.217 (21477014904)|CODE_UNIT_STARTED|[EXTERNAL]|Workflow:Product2
07:19:24.217 (21823577810)|CODE_UNIT_FINISHED|Workflow:Product2
07:19:24.217 (22096891809)|CODE_UNIT_STARTED|[EXTERNAL]|Workflow:Product2
07:19:25.357 (22357206122)|CODE_UNIT_FINISHED|Workflow:Product2
07:19:25.357 (22601780898)|USER_DEBUG|[59]|DEBUG|test_1520
07:19:25.357 (22733692401)|CODE_UNIT_STARTED|[EXTERNAL]|Workflow:Contact
07:19:25.357 (22764836430)|CODE_UNIT_FINISHED|Workflow:Contact
07:19:25.357 (23201999895)|CODE_UNIT_STARTED|[EXTERNAL]|Workflow:Product2
07:19:25.357 (23215837927)|CODE_UNIT_FINISHED|Workflow:Product2
07:19:25.357 (23284709942)|VF_PAGE_MESSAGE|Required fields are missing: [Price_Each__c]
07:19:25.357 (23284800491)|EXCEPTION_THROWN|[93]|System.DmlException: Upsert failed. First exception on row 0; first error: REQUIRED_FIELD_MISSING, Required fields are missing: [Price_Each__c]: [Price_Each__c]
07:19:25.357 (23293024433)|VF_PAGE_MESSAGE|Upsert failed. First exception on row 0; first error: REQUIRED_FIELD_MISSING, Required fields are missing: [Price_Each__c]: [Price_Each__c]
07:19:25.357 (23293223076)|USER_DEBUG|[76]|DEBUG|test0.00
07:19:25.357 (23294169739)|EXCEPTION_THROWN|[151]|System.DmlException: Update failed. First exception on row 0; first error: MISSING_ARGUMENT, Id not specified in an update call: []
07:19:25.357 (23302133506)|VF_PAGE_MESSAGE|Update failed. First exception on row 0; first error: MISSING_ARGUMENT, Id not specified in an update call: []
07:19:25.357 (23302334176)|USER_DEBUG|[76]|DEBUG|test0.00
07:19:25.357 (23302791543)|USER_DEBUG|[109]|DEBUG|Count1--0
07:19:25.357 (23302833971)|USER_DEBUG|[111]|DEBUG|Count2--0
07:19:25.357 (23304273439)|EXCEPTION_THROWN|[117]|System.ListException: Missing id at index: 0
07:19:25.357 (23312606481)|VF_PAGE_MESSAGE|Missing id at index: 0
07:19:25.357 (23312776660)|USER_DEBUG|[76]|DEBUG|test0.00
07:19:25.357 (23337705836)|CODE_UNIT_STARTED|[EXTERNAL]|01q11000000D4Gi|BookOrder on Book_Order trigger event BeforeUpdate for [a001100000DbFYS]
07:19:25.357 (23346057571)|USER_DEBUG|[81]|DEBUG|List of Book Names{a001100000DbFYSAA3={}}
07:19:25.357 (23346113719)|USER_DEBUG|[99]|DEBUG|List of Wharehouse accounts()
07:19:25.357 (23346291338)|USER_DEBUG|[163]|DEBUG|Final update to Product{}
07:19:25.357 (23348004404)|CODE_UNIT_FINISHED|BookOrder on Book_Order trigger event BeforeUpdate for [a001100000DbFYS]
07:19:26.362 (23362898763)|CODE_UNIT_FINISHED|BookOrderPageControllerTest.TestMethodTwo
07:19:26.362 (23364519045)|EXECUTION_FINISHED
