39.0 APEX_CODE,DEBUG;APEX_PROFILING,NONE;CALLOUT,NONE;DB,NONE;SYSTEM,NONE;VALIDATION,NONE;VISUALFORCE,NONE;WAVE,NONE;WORKFLOW,NONE
06:03:36.0 (470064)|USER_INFO|[EXTERNAL]|005410000028GkS|candidate@829258advdev.com.devbox|Pacific Standard Time|GMT-08:00
06:03:36.0 (503903)|EXECUTION_STARTED
06:03:36.0 (507479)|CODE_UNIT_STARTED|[EXTERNAL]|01p11000000FzFc|BookOrderPageControllerTest.TestMethodFour
06:03:40.586 (4586656278)|CODE_UNIT_STARTED|[EXTERNAL]|Workflow:Product2
06:03:40.586 (4855109596)|CODE_UNIT_FINISHED|Workflow:Product2
06:03:40.586 (5109907216)|CODE_UNIT_STARTED|[EXTERNAL]|Workflow:Product2
06:03:40.586 (5283657519)|CODE_UNIT_FINISHED|Workflow:Product2
06:03:41.655 (5655903324)|CODE_UNIT_STARTED|[EXTERNAL]|Workflow:Product2
06:03:41.655 (5929722689)|CODE_UNIT_FINISHED|Workflow:Product2
06:03:41.655 (6353756057)|CODE_UNIT_STARTED|[EXTERNAL]|Workflow:Product2
06:03:42.726 (6726949388)|CODE_UNIT_FINISHED|Workflow:Product2
06:03:42.726 (7165884423)|CODE_UNIT_STARTED|[EXTERNAL]|Workflow:Product2
06:03:42.726 (7471731474)|CODE_UNIT_FINISHED|Workflow:Product2
06:03:43.863 (7863908447)|CODE_UNIT_STARTED|[EXTERNAL]|Workflow:Contact
06:03:43.863 (7902939282)|CODE_UNIT_FINISHED|Workflow:Contact
06:03:43.863 (7941812591)|VF_PAGE_MESSAGE|Book Order ID is Missing
06:03:43.863 (7944655773)|CODE_UNIT_FINISHED|BookOrderPageControllerTest.TestMethodFour
06:03:43.863 (7946454897)|EXECUTION_FINISHED
06:03:45.232 (9232426488)|USER_INFO|[EXTERNAL]|005410000028GkS|candidate@829258advdev.com.devbox|Pacific Standard Time|GMT-08:00
06:03:45.232 (9232440061)|EXECUTION_STARTED
06:03:45.232 (9232443236)|CODE_UNIT_STARTED|[EXTERNAL]|01p11000000FzFc|BookOrderPageControllerTest.TestMethodOne
06:03:48.809 (12809369703)|CODE_UNIT_STARTED|[EXTERNAL]|Workflow:Product2
06:03:48.809 (13091512761)|CODE_UNIT_FINISHED|Workflow:Product2
06:03:48.809 (13225666575)|CODE_UNIT_STARTED|[EXTERNAL]|Workflow:Product2
06:03:48.809 (13514864484)|CODE_UNIT_FINISHED|Workflow:Product2
06:03:49.815 (13815058065)|CODE_UNIT_STARTED|[EXTERNAL]|Workflow:Product2
06:03:49.815 (14085665814)|CODE_UNIT_FINISHED|Workflow:Product2
06:03:49.815 (14409844890)|CODE_UNIT_STARTED|[EXTERNAL]|Workflow:Product2
06:03:49.815 (14735011427)|CODE_UNIT_FINISHED|Workflow:Product2
06:03:51.120 (15120776774)|CODE_UNIT_STARTED|[EXTERNAL]|Workflow:Product2
06:03:51.120 (15423227913)|CODE_UNIT_FINISHED|Workflow:Product2
06:03:51.120 (15819186871)|CODE_UNIT_STARTED|[EXTERNAL]|Workflow:Contact
06:03:51.120 (15864342777)|CODE_UNIT_FINISHED|Workflow:Contact
06:03:51.120 (15894889533)|USER_DEBUG|[68]|DEBUG|lstPrd 50
06:03:51.120 (15898061041)|USER_DEBUG|[74]|DEBUG|Test dataBook_Order__c:{Id=a001100000DbFBWAA3, Name=order_2, Contact__c=0031100001Fv78GAAR}
06:03:51.120 (15959061993)|CODE_UNIT_STARTED|[EXTERNAL]|01q11000000D4Gi|BookOrder on Book_Order trigger event BeforeUpdate for [a001100000DbFBW]
06:03:51.120 (15978501222)|USER_DEBUG|[81]|DEBUG|List of Book Names{}
06:03:51.120 (15978591199)|USER_DEBUG|[99]|DEBUG|List of Wharehouse accounts()
06:03:51.120 (15978737078)|USER_DEBUG|[163]|DEBUG|Final update to Product{}
06:03:51.120 (15980450853)|CODE_UNIT_FINISHED|BookOrder on Book_Order trigger event BeforeUpdate for [a001100000DbFBW]
06:03:51.120 (15997301263)|USER_DEBUG|[76]|DEBUG|test0.00
06:03:51.120 (16029378577)|CODE_UNIT_STARTED|[EXTERNAL]|01q11000000D4Gi|BookOrder on Book_Order trigger event BeforeUpdate for [a001100000DbFBW]
06:03:51.120 (16042739864)|USER_DEBUG|[81]|DEBUG|List of Book Names{}
06:03:51.120 (16042789023)|USER_DEBUG|[99]|DEBUG|List of Wharehouse accounts()
06:03:51.120 (16042872656)|USER_DEBUG|[163]|DEBUG|Final update to Product{}
06:03:51.120 (16044880714)|CODE_UNIT_FINISHED|BookOrder on Book_Order trigger event BeforeUpdate for [a001100000DbFBW]
06:03:51.120 (16083072919)|USER_DEBUG|[76]|DEBUG|test0.00
06:03:51.120 (16088341463)|USER_DEBUG|[109]|DEBUG|Count1--0
06:03:51.120 (16088395229)|USER_DEBUG|[111]|DEBUG|Count2--0
06:03:52.189 (16189731764)|CODE_UNIT_STARTED|[EXTERNAL]|01q11000000D4Gi|BookOrder on Book_Order trigger event BeforeUpdate for [a001100000DbFBW]
06:03:52.189 (16204478960)|USER_DEBUG|[81]|DEBUG|List of Book Names{}
06:03:52.189 (16204527412)|USER_DEBUG|[99]|DEBUG|List of Wharehouse accounts()
06:03:52.189 (16204609583)|USER_DEBUG|[163]|DEBUG|Final update to Product{}
06:03:52.189 (16206948408)|CODE_UNIT_FINISHED|BookOrder on Book_Order trigger event BeforeUpdate for [a001100000DbFBW]
06:03:52.189 (16225792954)|USER_DEBUG|[76]|DEBUG|test0.00
06:03:52.189 (16260929980)|USER_DEBUG|[76]|DEBUG|test0.00
06:03:52.189 (16271709964)|CODE_UNIT_STARTED|[EXTERNAL]|01q11000000D4Gi|BookOrder on Book_Order trigger event BeforeUpdate for [a001100000DbFBW]
06:03:52.189 (16310840028)|USER_DEBUG|[81]|DEBUG|List of Book Names{a001100000DbFBWAA3={}}
06:03:52.189 (16310893382)|USER_DEBUG|[99]|DEBUG|List of Wharehouse accounts()
06:03:52.189 (16311208871)|USER_DEBUG|[163]|DEBUG|Final update to Product{}
06:03:52.189 (16312812398)|CODE_UNIT_FINISHED|BookOrder on Book_Order trigger event BeforeUpdate for [a001100000DbFBW]
06:03:52.189 (16328852003)|CODE_UNIT_FINISHED|BookOrderPageControllerTest.TestMethodOne
06:03:52.189 (16330374771)|EXECUTION_FINISHED
06:03:53.488 (17488743162)|USER_INFO|[EXTERNAL]|005410000028GkS|candidate@829258advdev.com.devbox|Pacific Standard Time|GMT-08:00
06:03:53.488 (17488760954)|EXECUTION_STARTED
06:03:53.488 (17488764103)|CODE_UNIT_STARTED|[EXTERNAL]|01p11000000FzFc|BookOrderPageControllerTest.TestMethodTwo
06:03:57.211 (21211806298)|CODE_UNIT_STARTED|[EXTERNAL]|Workflow:Product2
06:03:57.211 (21516354764)|CODE_UNIT_FINISHED|Workflow:Product2
06:03:57.211 (21660593379)|CODE_UNIT_STARTED|[EXTERNAL]|Workflow:Product2
06:03:57.211 (21813846623)|CODE_UNIT_FINISHED|Workflow:Product2
06:03:57.211 (22155238752)|CODE_UNIT_STARTED|[EXTERNAL]|Workflow:Product2
06:03:58.433 (22433907909)|CODE_UNIT_FINISHED|Workflow:Product2
06:03:58.433 (22694953438)|CODE_UNIT_STARTED|[EXTERNAL]|Workflow:Product2
06:03:58.433 (22963219126)|CODE_UNIT_FINISHED|Workflow:Product2
06:03:58.433 (23235775718)|CODE_UNIT_STARTED|[EXTERNAL]|Workflow:Product2
06:03:59.560 (23560794510)|CODE_UNIT_FINISHED|Workflow:Product2
06:03:59.560 (23927210159)|CODE_UNIT_STARTED|[EXTERNAL]|Workflow:Contact
06:03:59.560 (23956368291)|CODE_UNIT_FINISHED|Workflow:Contact
06:03:59.560 (24233818766)|VF_PAGE_MESSAGE|Required fields are missing: [Price_Each__c]
06:03:59.560 (24233918495)|EXCEPTION_THROWN|[93]|System.DmlException: Upsert failed. First exception on row 0; first error: REQUIRED_FIELD_MISSING, Required fields are missing: [Price_Each__c]: [Price_Each__c]
06:03:59.560 (24243905019)|VF_PAGE_MESSAGE|Upsert failed. First exception on row 0; first error: REQUIRED_FIELD_MISSING, Required fields are missing: [Price_Each__c]: [Price_Each__c]
06:03:59.560 (24244088473)|USER_DEBUG|[76]|DEBUG|test0.00
06:03:59.560 (24245483774)|EXCEPTION_THROWN|[151]|System.DmlException: Update failed. First exception on row 0; first error: MISSING_ARGUMENT, Id not specified in an update call: []
06:03:59.560 (24255401062)|VF_PAGE_MESSAGE|Update failed. First exception on row 0; first error: MISSING_ARGUMENT, Id not specified in an update call: []
06:03:59.560 (24255549817)|USER_DEBUG|[76]|DEBUG|test0.00
06:03:59.560 (24255973274)|USER_DEBUG|[109]|DEBUG|Count1--0
06:03:59.560 (24256017449)|USER_DEBUG|[111]|DEBUG|Count2--0
06:03:59.560 (24256987664)|EXCEPTION_THROWN|[117]|System.ListException: Missing id at index: 0
06:03:59.560 (24266640148)|VF_PAGE_MESSAGE|Missing id at index: 0
06:03:59.560 (24266760929)|USER_DEBUG|[76]|DEBUG|test0.00
06:03:59.560 (24290135639)|CODE_UNIT_STARTED|[EXTERNAL]|01q11000000D4Gi|BookOrder on Book_Order trigger event BeforeUpdate for [a001100000DbFBX]
06:03:59.560 (24299052233)|USER_DEBUG|[81]|DEBUG|List of Book Names{a001100000DbFBXAA3={}}
06:03:59.560 (24299104500)|USER_DEBUG|[99]|DEBUG|List of Wharehouse accounts()
06:03:59.560 (24299267141)|USER_DEBUG|[163]|DEBUG|Final update to Product{}
06:03:59.560 (24303373772)|CODE_UNIT_FINISHED|BookOrder on Book_Order trigger event BeforeUpdate for [a001100000DbFBX]
06:03:59.560 (24322846959)|CODE_UNIT_FINISHED|BookOrderPageControllerTest.TestMethodTwo
06:03:59.560 (24324000374)|EXECUTION_FINISHED
