39.0 APEX_CODE,DEBUG;APEX_PROFILING,NONE;CALLOUT,NONE;DB,NONE;SYSTEM,NONE;VALIDATION,NONE;VISUALFORCE,NONE;WAVE,NONE;WORKFLOW,NONE
06:56:46.1 (1672470)|USER_INFO|[EXTERNAL]|005410000028GkS|candidate@829258advdev.com.devbox|Pacific Standard Time|GMT-08:00
06:56:46.1 (1722438)|EXECUTION_STARTED
06:56:46.1 (1727313)|CODE_UNIT_STARTED|[EXTERNAL]|01p11000000FzFc|BookOrderPageControllerTest.TestMethodFour
06:56:49.822 (3822615052)|CODE_UNIT_STARTED|[EXTERNAL]|Workflow:Product2
06:56:49.822 (4129285586)|CODE_UNIT_FINISHED|Workflow:Product2
06:56:49.822 (4305283075)|CODE_UNIT_STARTED|[EXTERNAL]|Workflow:Product2
06:56:49.822 (4434647918)|CODE_UNIT_FINISHED|Workflow:Product2
06:56:49.822 (4771298560)|CODE_UNIT_STARTED|[EXTERNAL]|Workflow:Product2
06:56:51.25 (5025745353)|CODE_UNIT_FINISHED|Workflow:Product2
06:56:51.25 (5347745281)|CODE_UNIT_STARTED|[EXTERNAL]|Workflow:Product2
06:56:51.25 (5596545373)|CODE_UNIT_FINISHED|Workflow:Product2
06:56:51.25 (5926943301)|CODE_UNIT_STARTED|[EXTERNAL]|Workflow:Product2
06:56:52.205 (6205401627)|CODE_UNIT_FINISHED|Workflow:Product2
06:56:52.205 (6448566407)|USER_DEBUG|[60]|DEBUG|test_1520
06:56:52.205 (6670831352)|CODE_UNIT_STARTED|[EXTERNAL]|Workflow:Contact
06:56:52.205 (6709912680)|CODE_UNIT_FINISHED|Workflow:Contact
06:56:52.205 (6788688209)|VF_PAGE_MESSAGE|Book Order ID is Missing
06:56:52.205 (6791008566)|CODE_UNIT_FINISHED|BookOrderPageControllerTest.TestMethodFour
06:56:52.205 (6792390869)|EXECUTION_FINISHED
06:56:54.25 (8025620251)|USER_INFO|[EXTERNAL]|005410000028GkS|candidate@829258advdev.com.devbox|Pacific Standard Time|GMT-08:00
06:56:54.25 (8025637058)|EXECUTION_STARTED
06:56:54.25 (8025642131)|CODE_UNIT_STARTED|[EXTERNAL]|01p11000000FzFc|BookOrderPageControllerTest.TestMethodOne
06:56:57.485 (11485970318)|CODE_UNIT_STARTED|[EXTERNAL]|Workflow:Product2
06:56:57.485 (11754752186)|CODE_UNIT_FINISHED|Workflow:Product2
06:56:57.485 (11899131124)|CODE_UNIT_STARTED|[EXTERNAL]|Workflow:Product2
06:56:57.485 (12072806251)|CODE_UNIT_FINISHED|Workflow:Product2
06:56:57.485 (12369974672)|CODE_UNIT_STARTED|[EXTERNAL]|Workflow:Product2
06:56:58.610 (12610293194)|CODE_UNIT_FINISHED|Workflow:Product2
06:56:58.610 (12872551304)|CODE_UNIT_STARTED|[EXTERNAL]|Workflow:Product2
06:56:58.610 (13194828776)|CODE_UNIT_FINISHED|Workflow:Product2
06:56:58.610 (13528751400)|CODE_UNIT_STARTED|[EXTERNAL]|Workflow:Product2
06:56:59.777 (13777523865)|CODE_UNIT_FINISHED|Workflow:Product2
06:56:59.777 (14029299617)|USER_DEBUG|[60]|DEBUG|test_1520
06:56:59.777 (14148200736)|CODE_UNIT_STARTED|[EXTERNAL]|Workflow:Contact
06:56:59.777 (14172715312)|CODE_UNIT_FINISHED|Workflow:Contact
06:56:59.777 (14204606926)|USER_DEBUG|[84]|DEBUG|lstPrd 50
06:56:59.777 (14207658228)|USER_DEBUG|[90]|DEBUG|Test dataBook_Order__c:{Id=a001100000DbFU5AAN, Name=order_2, Contact__c=0031100001FvNBQAA3}
06:56:59.777 (14295930344)|CODE_UNIT_STARTED|[EXTERNAL]|01q11000000D4Gi|BookOrder on Book_Order trigger event BeforeUpdate for [a001100000DbFU5]
06:56:59.777 (14317280856)|USER_DEBUG|[81]|DEBUG|List of Book Names{}
06:56:59.777 (14317374529)|USER_DEBUG|[99]|DEBUG|List of Wharehouse accounts()
06:56:59.777 (14317526137)|USER_DEBUG|[163]|DEBUG|Final update to Product{}
06:56:59.777 (14318952780)|CODE_UNIT_FINISHED|BookOrder on Book_Order trigger event BeforeUpdate for [a001100000DbFU5]
06:56:59.777 (14334997754)|USER_DEBUG|[76]|DEBUG|test0.00
06:56:59.777 (14360854677)|CODE_UNIT_STARTED|[EXTERNAL]|01q11000000D4Gi|BookOrder on Book_Order trigger event BeforeUpdate for [a001100000DbFU5]
06:56:59.777 (14374833710)|USER_DEBUG|[81]|DEBUG|List of Book Names{}
06:56:59.777 (14374888151)|USER_DEBUG|[99]|DEBUG|List of Wharehouse accounts()
06:56:59.777 (14374974776)|USER_DEBUG|[163]|DEBUG|Final update to Product{}
06:56:59.777 (14376438709)|CODE_UNIT_FINISHED|BookOrder on Book_Order trigger event BeforeUpdate for [a001100000DbFU5]
06:56:59.777 (14412512423)|USER_DEBUG|[76]|DEBUG|test0.00
06:56:59.777 (14430965498)|USER_DEBUG|[109]|DEBUG|Count1--0
06:56:59.777 (14431025788)|USER_DEBUG|[111]|DEBUG|Count2--0
06:56:59.777 (14599480683)|CODE_UNIT_STARTED|[EXTERNAL]|01q11000000D4Gi|BookOrder on Book_Order trigger event BeforeUpdate for [a001100000DbFU5]
06:56:59.777 (14614618328)|USER_DEBUG|[81]|DEBUG|List of Book Names{}
06:56:59.777 (14614671409)|USER_DEBUG|[99]|DEBUG|List of Wharehouse accounts()
06:56:59.777 (14614771219)|USER_DEBUG|[163]|DEBUG|Final update to Product{}
06:56:59.777 (14616209979)|CODE_UNIT_FINISHED|BookOrder on Book_Order trigger event BeforeUpdate for [a001100000DbFU5]
06:56:59.777 (14632714888)|USER_DEBUG|[76]|DEBUG|test0.00
06:56:59.777 (14702240698)|USER_DEBUG|[76]|DEBUG|test0.00
06:56:59.777 (14713707064)|CODE_UNIT_STARTED|[EXTERNAL]|01q11000000D4Gi|BookOrder on Book_Order trigger event BeforeUpdate for [a001100000DbFU5]
06:56:59.777 (14727134035)|USER_DEBUG|[81]|DEBUG|List of Book Names{a001100000DbFU5AAN={Book_98=1}}
06:56:59.777 (14748300080)|USER_DEBUG|[99]|DEBUG|List of Wharehouse accounts(Account:{Id=0011100001Lcn4EAAR, Name=Warehouse0}, Account:{Id=0011100001LcnB8AAJ, Name=Warehouse0}, Account:{Id=0011100001LcnEmAAJ, Name=Warehouse0}, Account:{Id=0011100001Lcn4FAAR, Name=Warehouse1}, Account:{Id=0011100001LcnB9AAJ, Name=Warehouse1}, Account:{Id=0011100001LcnEnAAJ, Name=Warehouse1}, Account:{Id=0011100001Lcn4OAAR, Name=Warehouse10}, Account:{Id=0011100001LcnBIAAZ, Name=Warehouse10}, Account:{Id=0011100001LcnEwAAJ, Name=Warehouse10}, Account:{Id=0011100001Lcn4PAAR, Name=Warehouse11}, ...)
06:56:59.777 (14764713633)|USER_DEBUG|[163]|DEBUG|Final update to Product{}
06:56:59.777 (14766515092)|CODE_UNIT_FINISHED|BookOrder on Book_Order trigger event BeforeUpdate for [a001100000DbFU5]
06:57:00.781 (14781735479)|CODE_UNIT_FINISHED|BookOrderPageControllerTest.TestMethodOne
06:57:00.781 (14783115929)|EXECUTION_FINISHED
06:57:02.131 (16131288241)|USER_INFO|[EXTERNAL]|005410000028GkS|candidate@829258advdev.com.devbox|Pacific Standard Time|GMT-08:00
06:57:02.131 (16131310080)|EXECUTION_STARTED
06:57:02.131 (16131314299)|CODE_UNIT_STARTED|[EXTERNAL]|01p11000000FzFc|BookOrderPageControllerTest.TestMethodTwo
06:57:05.612 (19612955048)|CODE_UNIT_STARTED|[EXTERNAL]|Workflow:Product2
06:57:05.612 (19895034575)|CODE_UNIT_FINISHED|Workflow:Product2
06:57:05.612 (20036611966)|CODE_UNIT_STARTED|[EXTERNAL]|Workflow:Product2
06:57:05.612 (20176582037)|CODE_UNIT_FINISHED|Workflow:Product2
06:57:05.612 (20486617133)|CODE_UNIT_STARTED|[EXTERNAL]|Workflow:Product2
06:57:06.793 (20793708091)|CODE_UNIT_FINISHED|Workflow:Product2
06:57:06.793 (21126379942)|CODE_UNIT_STARTED|[EXTERNAL]|Workflow:Product2
06:57:06.793 (21411358584)|CODE_UNIT_FINISHED|Workflow:Product2
06:57:06.793 (21706025685)|CODE_UNIT_STARTED|[EXTERNAL]|Workflow:Product2
06:57:07.999 (21999600757)|CODE_UNIT_FINISHED|Workflow:Product2
06:57:07.999 (22254362170)|USER_DEBUG|[60]|DEBUG|test_1520
06:57:07.999 (22388041093)|CODE_UNIT_STARTED|[EXTERNAL]|Workflow:Contact
06:57:07.999 (22414446868)|CODE_UNIT_FINISHED|Workflow:Contact
06:57:07.999 (22677058933)|EXCEPTION_THROWN|[93]|System.AssertException: Assertion Failed: Same value: 0
06:57:07.999 (22677205130)|FATAL_ERROR|System.AssertException: Assertion Failed: Same value: 0

Class.BookOrderPageController.addToShoppingCart: line 93, column 1
Class.BookOrderPageControllerTest.TestMethodTwo: line 168, column 1
06:57:07.999 (22677215748)|FATAL_ERROR|System.AssertException: Assertion Failed: Same value: 0

Class.BookOrderPageController.addToShoppingCart: line 93, column 1
Class.BookOrderPageControllerTest.TestMethodTwo: line 168, column 1
06:57:07.999 (22677228172)|CODE_UNIT_FINISHED|BookOrderPageControllerTest.TestMethodTwo
06:57:07.999 (22679221015)|EXECUTION_FINISHED
