39.0 APEX_CODE,DEBUG;APEX_PROFILING,NONE;CALLOUT,NONE;DB,NONE;SYSTEM,DEBUG;VALIDATION,NONE;VISUALFORCE,NONE;WAVE,NONE;WORKFLOW,NONE
05:55:18.0 (824960)|USER_INFO|[EXTERNAL]|005410000028GkS|candidate@829258advdev.com.devbox|Pacific Standard Time|GMT-08:00
05:55:18.0 (872246)|EXECUTION_STARTED
05:55:18.0 (877325)|CODE_UNIT_STARTED|[EXTERNAL]|01p11000000FzFc|BookOrderPageControllerTest.TestMethodFour
05:55:22.192 (4192641063)|CODE_UNIT_STARTED|[EXTERNAL]|Workflow:Product2
05:55:22.192 (4491955682)|CODE_UNIT_FINISHED|Workflow:Product2
05:55:22.192 (4720059315)|CODE_UNIT_STARTED|[EXTERNAL]|Workflow:Product2
05:55:22.192 (4859876224)|CODE_UNIT_FINISHED|Workflow:Product2
05:55:23.270 (5270325328)|CODE_UNIT_STARTED|[EXTERNAL]|Workflow:Product2
05:55:23.270 (5538864739)|CODE_UNIT_FINISHED|Workflow:Product2
05:55:23.270 (5905835588)|CODE_UNIT_STARTED|[EXTERNAL]|Workflow:Product2
05:55:23.270 (6186528029)|CODE_UNIT_FINISHED|Workflow:Product2
05:55:24.549 (6549561845)|CODE_UNIT_STARTED|[EXTERNAL]|Workflow:Product2
05:55:24.549 (6853142991)|CODE_UNIT_FINISHED|Workflow:Product2
05:55:24.549 (7396722021)|CODE_UNIT_STARTED|[EXTERNAL]|Workflow:Contact
05:55:24.549 (7442765579)|CODE_UNIT_FINISHED|Workflow:Contact
05:55:24.549 (7498515731)|SYSTEM_MODE_ENTER|false
05:55:24.549 (7498530762)|SYSTEM_MODE_EXIT|false
05:55:24.549 (7498679742)|SYSTEM_MODE_ENTER|false
05:55:24.549 (7499145088)|VF_PAGE_MESSAGE|Book Order ID is Missing
05:55:24.549 (7499156481)|SYSTEM_MODE_EXIT|false
05:55:24.549 (7501891513)|CODE_UNIT_FINISHED|BookOrderPageControllerTest.TestMethodFour
05:55:24.549 (7503549757)|EXECUTION_FINISHED
05:55:26.717 (8717928227)|USER_INFO|[EXTERNAL]|005410000028GkS|candidate@829258advdev.com.devbox|Pacific Standard Time|GMT-08:00
05:55:26.717 (8717953631)|EXECUTION_STARTED
05:55:26.717 (8717959293)|CODE_UNIT_STARTED|[EXTERNAL]|01p11000000FzFc|BookOrderPageControllerTest.TestMethodOne
05:55:30.161 (12161198655)|CODE_UNIT_STARTED|[EXTERNAL]|Workflow:Product2
05:55:30.161 (12402031423)|CODE_UNIT_FINISHED|Workflow:Product2
05:55:30.161 (12583301087)|CODE_UNIT_STARTED|[EXTERNAL]|Workflow:Product2
05:55:30.161 (12759484459)|CODE_UNIT_FINISHED|Workflow:Product2
05:55:30.161 (13099388367)|CODE_UNIT_STARTED|[EXTERNAL]|Workflow:Product2
05:55:31.347 (13347290006)|CODE_UNIT_FINISHED|Workflow:Product2
05:55:31.347 (13615281895)|CODE_UNIT_STARTED|[EXTERNAL]|Workflow:Product2
05:55:31.347 (13930785553)|CODE_UNIT_FINISHED|Workflow:Product2
05:55:31.347 (14310708932)|CODE_UNIT_STARTED|[EXTERNAL]|Workflow:Product2
05:55:32.583 (14583426826)|CODE_UNIT_FINISHED|Workflow:Product2
05:55:32.583 (15006831477)|CODE_UNIT_STARTED|[EXTERNAL]|Workflow:Contact
05:55:32.583 (15034485350)|CODE_UNIT_FINISHED|Workflow:Contact
05:55:32.583 (15069364203)|USER_DEBUG|[68]|DEBUG|lstPrd (Product2:{Account__c=0011100001LcWVJAA3, Id=01t11000006fmrPAAQ, Name=Book_59, Family=Hardcover, Current_Price__c=20.00}, Product2:{Account__c=0011100001LcWVJAA3, Id=01t11000006fmqSAAQ, Name=Book_0, Family=Collection, Current_Price__c=20.00}, Product2:{Account__c=0011100001LcWVJAA3, Id=01t11000006fmrNAAQ, Name=Book_57, Family=Hardcover, Current_Price__c=20.00}, Product2:{Account__c=0011100001LcWVJAA3, Id=01t11000006fmrMAAQ, Name=Book_56, Family=Hardcover, Current_Price__c=20.00}, Product2:{Account__c=0011100001LcWVJAA3, Id=01t11000006fmrLAAQ, Name=Book_55, Family=Hardcover, Current_Price__c=20.00}, Product2:{Account__c=0011100001LcWVJAA3, Id=01t11000006fmrKAAQ, Name=Book_54, Family=Hardcover, Current_Price__c=20.00}, Product2:{Account__c=0011100001LcWVJAA3, Id=01t11000006fmrJAAQ, Name=Book_53, Family=Hardcover, Current_Price__c=20.00}, Product2:{Account__c=0011100001LcWVJAA3, Id=01t11000006fmrIAAQ, Name=Book_52, Family=Hardcover, Current_Price__c=20.00}, Product2:{Account__c=0011100001LcWVJAA3, Id=01t11000006fmrHAAQ, Name=Book_51, Family=Hardcover, Current_Price__c=20.00}, Product2:{Account__c=0011100001LcWVJAA3, Id=01t11000006fmrGAAQ, Name=Book_50, Family=Hardcover, Current_Price__c=20.00}, ...)
05:55:32.583 (15074397734)|USER_DEBUG|[74]|DEBUG|Test dataBook_Order__c:{Id=a001100000DbFB2AAN, Name=order_2, Contact__c=0031100001Fv75gAAB}
05:55:32.583 (15077531963)|SYSTEM_MODE_ENTER|false
05:55:32.583 (15077544048)|SYSTEM_MODE_EXIT|false
05:55:32.583 (15077593243)|SYSTEM_MODE_ENTER|false
05:55:32.583 (15105495238)|SYSTEM_MODE_EXIT|false
05:55:32.583 (15105758227)|SYSTEM_MODE_ENTER|false
05:55:32.583 (15152032326)|CODE_UNIT_STARTED|[EXTERNAL]|01q11000000D4Gi|BookOrder on Book_Order trigger event BeforeUpdate for [a001100000DbFB2]
05:55:32.583 (15173200489)|USER_DEBUG|[81]|DEBUG|List of Book Names{}
05:55:32.583 (15173293926)|USER_DEBUG|[99]|DEBUG|List of Wharehouse accounts()
05:55:32.583 (15173448895)|USER_DEBUG|[163]|DEBUG|Final update to Product{}
05:55:32.583 (15174954779)|CODE_UNIT_FINISHED|BookOrder on Book_Order trigger event BeforeUpdate for [a001100000DbFB2]
05:55:32.583 (15193154186)|USER_DEBUG|[76]|DEBUG|test0.00
05:55:32.583 (15193185078)|SYSTEM_MODE_EXIT|false
05:55:32.583 (15193314100)|SYSTEM_MODE_ENTER|false
05:55:32.583 (15222738113)|CODE_UNIT_STARTED|[EXTERNAL]|01q11000000D4Gi|BookOrder on Book_Order trigger event BeforeUpdate for [a001100000DbFB2]
05:55:32.583 (15238884173)|USER_DEBUG|[81]|DEBUG|List of Book Names{}
05:55:32.583 (15238961909)|USER_DEBUG|[99]|DEBUG|List of Wharehouse accounts()
05:55:32.583 (15239056802)|USER_DEBUG|[163]|DEBUG|Final update to Product{}
05:55:32.583 (15241240468)|CODE_UNIT_FINISHED|BookOrder on Book_Order trigger event BeforeUpdate for [a001100000DbFB2]
05:55:32.583 (15276763983)|USER_DEBUG|[76]|DEBUG|test0.00
05:55:32.583 (15276786086)|SYSTEM_MODE_EXIT|false
05:55:32.583 (15283167580)|SYSTEM_MODE_ENTER|false
05:55:32.583 (15283355021)|USER_DEBUG|[109]|DEBUG|Count1--0
05:55:32.583 (15283411069)|USER_DEBUG|[111]|DEBUG|Count2--0
05:55:32.583 (15404005686)|CODE_UNIT_STARTED|[EXTERNAL]|01q11000000D4Gi|BookOrder on Book_Order trigger event BeforeUpdate for [a001100000DbFB2]
05:55:32.583 (15419276730)|USER_DEBUG|[81]|DEBUG|List of Book Names{}
05:55:32.583 (15419359777)|USER_DEBUG|[99]|DEBUG|List of Wharehouse accounts()
05:55:32.583 (15419466375)|USER_DEBUG|[163]|DEBUG|Final update to Product{}
05:55:32.583 (15420860479)|CODE_UNIT_FINISHED|BookOrder on Book_Order trigger event BeforeUpdate for [a001100000DbFB2]
05:55:32.583 (15438280820)|USER_DEBUG|[76]|DEBUG|test0.00
05:55:32.583 (15444679910)|SYSTEM_MODE_EXIT|false
05:55:32.583 (15450142074)|SYSTEM_MODE_ENTER|false
05:55:32.583 (15478259376)|USER_DEBUG|[76]|DEBUG|test0.00
05:55:32.583 (15478659668)|SYSTEM_MODE_EXIT|false
05:55:32.583 (15478817902)|SYSTEM_MODE_ENTER|false
05:55:32.583 (15489983084)|CODE_UNIT_STARTED|[EXTERNAL]|01q11000000D4Gi|BookOrder on Book_Order trigger event BeforeUpdate for [a001100000DbFB2]
05:55:32.583 (15528748709)|USER_DEBUG|[81]|DEBUG|List of Book Names{a001100000DbFB2AAN={}}
05:55:32.583 (15528877107)|USER_DEBUG|[99]|DEBUG|List of Wharehouse accounts()
05:55:32.583 (15529325400)|USER_DEBUG|[163]|DEBUG|Final update to Product{}
05:55:32.583 (15530817286)|CODE_UNIT_FINISHED|BookOrder on Book_Order trigger event BeforeUpdate for [a001100000DbFB2]
05:55:32.583 (15542433494)|SYSTEM_MODE_EXIT|false
05:55:32.583 (15544635733)|CODE_UNIT_FINISHED|BookOrderPageControllerTest.TestMethodOne
05:55:32.583 (15546124856)|EXECUTION_FINISHED
05:55:34.746 (16746825387)|USER_INFO|[EXTERNAL]|005410000028GkS|candidate@829258advdev.com.devbox|Pacific Standard Time|GMT-08:00
05:55:34.746 (16746850772)|EXECUTION_STARTED
05:55:34.746 (16746857313)|CODE_UNIT_STARTED|[EXTERNAL]|01p11000000FzFc|BookOrderPageControllerTest.TestMethodTwo
05:55:38.308 (20308720362)|CODE_UNIT_STARTED|[EXTERNAL]|Workflow:Product2
05:55:38.308 (20575211619)|CODE_UNIT_FINISHED|Workflow:Product2
05:55:38.308 (20691646729)|CODE_UNIT_STARTED|[EXTERNAL]|Workflow:Product2
05:55:38.308 (20818184365)|CODE_UNIT_FINISHED|Workflow:Product2
05:55:38.308 (21120628957)|CODE_UNIT_STARTED|[EXTERNAL]|Workflow:Product2
05:55:39.379 (21379206086)|CODE_UNIT_FINISHED|Workflow:Product2
05:55:39.379 (21647075403)|CODE_UNIT_STARTED|[EXTERNAL]|Workflow:Product2
05:55:39.379 (21934904093)|CODE_UNIT_FINISHED|Workflow:Product2
05:55:39.379 (22194845911)|CODE_UNIT_STARTED|[EXTERNAL]|Workflow:Product2
05:55:40.459 (22459091570)|CODE_UNIT_FINISHED|Workflow:Product2
05:55:40.459 (22856747910)|CODE_UNIT_STARTED|[EXTERNAL]|Workflow:Contact
05:55:40.459 (22885180835)|CODE_UNIT_FINISHED|Workflow:Contact
05:55:40.459 (23132474830)|SYSTEM_MODE_ENTER|false
05:55:40.459 (23132488532)|SYSTEM_MODE_EXIT|false
05:55:40.459 (23132552274)|SYSTEM_MODE_ENTER|false
05:55:40.459 (23156804156)|SYSTEM_MODE_EXIT|false
05:55:40.459 (23156935439)|SYSTEM_MODE_ENTER|false
05:55:40.459 (23175669249)|VF_PAGE_MESSAGE|Required fields are missing: [Price_Each__c]
05:55:40.459 (23175732003)|EXCEPTION_THROWN|[93]|System.DmlException: Upsert failed. First exception on row 0; first error: REQUIRED_FIELD_MISSING, Required fields are missing: [Price_Each__c]: [Price_Each__c]
05:55:40.459 (23183022771)|VF_PAGE_MESSAGE|Upsert failed. First exception on row 0; first error: REQUIRED_FIELD_MISSING, Required fields are missing: [Price_Each__c]: [Price_Each__c]
05:55:40.459 (23183240548)|USER_DEBUG|[76]|DEBUG|test0.00
05:55:40.459 (23183261038)|SYSTEM_MODE_EXIT|false
05:55:40.459 (23183303314)|SYSTEM_MODE_ENTER|false
05:55:40.459 (23184137669)|EXCEPTION_THROWN|[151]|System.DmlException: Update failed. First exception on row 0; first error: MISSING_ARGUMENT, Id not specified in an update call: []
05:55:40.459 (23192288965)|VF_PAGE_MESSAGE|Update failed. First exception on row 0; first error: MISSING_ARGUMENT, Id not specified in an update call: []
05:55:40.459 (23192439552)|USER_DEBUG|[76]|DEBUG|test0.00
05:55:40.459 (23192702098)|SYSTEM_MODE_EXIT|false
05:55:40.459 (23192816509)|SYSTEM_MODE_ENTER|false
05:55:40.459 (23192915642)|USER_DEBUG|[109]|DEBUG|Count1--0
05:55:40.459 (23192954993)|USER_DEBUG|[111]|DEBUG|Count2--0
05:55:40.459 (23193354109)|EXCEPTION_THROWN|[117]|System.ListException: Missing id at index: 0
05:55:40.459 (23201741399)|VF_PAGE_MESSAGE|Missing id at index: 0
05:55:40.459 (23201889147)|USER_DEBUG|[76]|DEBUG|test0.00
05:55:40.459 (23212735441)|SYSTEM_MODE_EXIT|false
05:55:40.459 (23212798221)|SYSTEM_MODE_ENTER|false
05:55:40.459 (23223255864)|CODE_UNIT_STARTED|[EXTERNAL]|01q11000000D4Gi|BookOrder on Book_Order trigger event BeforeUpdate for [a001100000DbFB3]
05:55:40.459 (23232570484)|USER_DEBUG|[81]|DEBUG|List of Book Names{a001100000DbFB3AAN={}}
05:55:40.459 (23232626709)|USER_DEBUG|[99]|DEBUG|List of Wharehouse accounts()
05:55:40.459 (23232801465)|USER_DEBUG|[163]|DEBUG|Final update to Product{}
05:55:40.459 (23234465552)|CODE_UNIT_FINISHED|BookOrder on Book_Order trigger event BeforeUpdate for [a001100000DbFB3]
05:55:40.459 (23247980208)|SYSTEM_MODE_EXIT|false
05:55:40.459 (23250005466)|CODE_UNIT_FINISHED|BookOrderPageControllerTest.TestMethodTwo
05:55:40.459 (23251269161)|EXECUTION_FINISHED
