39.0 APEX_CODE,DEBUG;APEX_PROFILING,NONE;CALLOUT,NONE;DB,NONE;SYSTEM,NONE;VALIDATION,NONE;VISUALFORCE,NONE;WAVE,NONE;WORKFLOW,NONE
06:12:56.0 (959019)|USER_INFO|[EXTERNAL]|005410000028GkS|candidate@829258advdev.com.devbox|Pacific Standard Time|GMT-08:00
06:12:56.0 (995941)|EXECUTION_STARTED
06:12:56.0 (1001523)|CODE_UNIT_STARTED|[EXTERNAL]|01p11000000FzFc|BookOrderPageControllerTest.TestMethodFour
06:13:00.297 (4297763567)|CODE_UNIT_STARTED|[EXTERNAL]|Workflow:Product2
06:13:00.297 (4600605015)|CODE_UNIT_FINISHED|Workflow:Product2
06:13:00.297 (4822183791)|CODE_UNIT_STARTED|[EXTERNAL]|Workflow:Product2
06:13:00.297 (4978117795)|CODE_UNIT_FINISHED|Workflow:Product2
06:13:01.496 (5496826773)|CODE_UNIT_STARTED|[EXTERNAL]|Workflow:Product2
06:13:01.496 (5762466367)|CODE_UNIT_FINISHED|Workflow:Product2
06:13:01.496 (6206423938)|CODE_UNIT_STARTED|[EXTERNAL]|Workflow:Product2
06:13:02.498 (6498269125)|CODE_UNIT_FINISHED|Workflow:Product2
06:13:02.498 (6910466720)|CODE_UNIT_STARTED|[EXTERNAL]|Workflow:Product2
06:13:02.498 (7258522351)|CODE_UNIT_FINISHED|Workflow:Product2
06:13:04.125 (8125590700)|CODE_UNIT_STARTED|[EXTERNAL]|Workflow:Contact
06:13:04.125 (8172086103)|CODE_UNIT_FINISHED|Workflow:Contact
06:13:04.125 (8236376979)|VF_PAGE_MESSAGE|Book Order ID is Missing
06:13:04.125 (8238848323)|CODE_UNIT_FINISHED|BookOrderPageControllerTest.TestMethodFour
06:13:04.125 (8240285033)|EXECUTION_FINISHED
06:13:05.538 (9538443142)|USER_INFO|[EXTERNAL]|005410000028GkS|candidate@829258advdev.com.devbox|Pacific Standard Time|GMT-08:00
06:13:05.538 (9538463267)|EXECUTION_STARTED
06:13:05.538 (9538468423)|CODE_UNIT_STARTED|[EXTERNAL]|01p11000000FzFc|BookOrderPageControllerTest.TestMethodOne
06:13:09.243 (13243023163)|CODE_UNIT_STARTED|[EXTERNAL]|Workflow:Product2
06:13:09.243 (13524074605)|CODE_UNIT_FINISHED|Workflow:Product2
06:13:09.243 (13669105513)|CODE_UNIT_STARTED|[EXTERNAL]|Workflow:Product2
06:13:09.243 (13815154445)|CODE_UNIT_FINISHED|Workflow:Product2
06:13:09.243 (14091767974)|CODE_UNIT_STARTED|[EXTERNAL]|Workflow:Product2
06:13:10.366 (14366960519)|CODE_UNIT_FINISHED|Workflow:Product2
06:13:10.366 (14635740918)|CODE_UNIT_STARTED|[EXTERNAL]|Workflow:Product2
06:13:10.366 (15021380590)|CODE_UNIT_FINISHED|Workflow:Product2
06:13:10.366 (15348589579)|CODE_UNIT_STARTED|[EXTERNAL]|Workflow:Product2
06:13:11.618 (15618815209)|CODE_UNIT_FINISHED|Workflow:Product2
06:13:11.618 (16392944804)|CODE_UNIT_STARTED|[EXTERNAL]|Workflow:Contact
06:13:11.618 (16417153138)|CODE_UNIT_FINISHED|Workflow:Contact
06:13:11.618 (16451090051)|USER_DEBUG|[68]|DEBUG|lstPrd 300
06:13:11.618 (16467667904)|USER_DEBUG|[74]|DEBUG|Test dataBook_Order__c:{Id=a001100000DbFC0AAN, Name=order_2, Contact__c=0031100001Fv7NkAAJ}
06:13:11.618 (16518613811)|USER_DEBUG|[76]|DEBUG|test0.00
06:13:11.618 (16518810188)|USER_DEBUG|[76]|DEBUG|test0.00
06:13:11.618 (16522010831)|EXCEPTION_THROWN|[92]|System.AssertException: Assertion Failed: Expected: 2, Actual: 0
06:13:11.618 (16522125976)|FATAL_ERROR|System.AssertException: Assertion Failed: Expected: 2, Actual: 0

Class.BookOrderPageControllerTest.TestMethodOne: line 92, column 1
06:13:11.618 (16522137395)|FATAL_ERROR|System.AssertException: Assertion Failed: Expected: 2, Actual: 0

Class.BookOrderPageControllerTest.TestMethodOne: line 92, column 1
06:13:11.618 (16522148520)|CODE_UNIT_FINISHED|BookOrderPageControllerTest.TestMethodOne
06:13:11.618 (16523917965)|EXECUTION_FINISHED
06:13:13.756 (17756745205)|USER_INFO|[EXTERNAL]|005410000028GkS|candidate@829258advdev.com.devbox|Pacific Standard Time|GMT-08:00
06:13:13.756 (17756764924)|EXECUTION_STARTED
06:13:13.756 (17756770612)|CODE_UNIT_STARTED|[EXTERNAL]|01p11000000FzFc|BookOrderPageControllerTest.TestMethodTwo
06:13:17.314 (21314467514)|CODE_UNIT_STARTED|[EXTERNAL]|Workflow:Product2
06:13:17.314 (21584592789)|CODE_UNIT_FINISHED|Workflow:Product2
06:13:17.314 (21717098139)|CODE_UNIT_STARTED|[EXTERNAL]|Workflow:Product2
06:13:17.314 (21845117332)|CODE_UNIT_FINISHED|Workflow:Product2
06:13:17.314 (22183732499)|CODE_UNIT_STARTED|[EXTERNAL]|Workflow:Product2
06:13:18.468 (22468917293)|CODE_UNIT_FINISHED|Workflow:Product2
06:13:18.468 (22711921773)|CODE_UNIT_STARTED|[EXTERNAL]|Workflow:Product2
06:13:18.468 (22958288490)|CODE_UNIT_FINISHED|Workflow:Product2
06:13:18.468 (23218612192)|CODE_UNIT_STARTED|[EXTERNAL]|Workflow:Product2
06:13:19.480 (23480021171)|CODE_UNIT_FINISHED|Workflow:Product2
06:13:19.480 (24367295924)|CODE_UNIT_STARTED|[EXTERNAL]|Workflow:Contact
06:13:19.480 (24393138667)|CODE_UNIT_FINISHED|Workflow:Contact
06:13:20.673 (24673092053)|USER_DEBUG|[76]|DEBUG|test0.00
06:13:20.673 (24673291179)|USER_DEBUG|[76]|DEBUG|test0.00
06:13:20.673 (24673899017)|USER_DEBUG|[76]|DEBUG|test0.00
06:13:20.673 (24698551358)|CODE_UNIT_STARTED|[EXTERNAL]|01q11000000D4Gi|BookOrder on Book_Order trigger event BeforeUpdate for [a001100000DbFC1]
06:13:20.673 (24714663433)|USER_DEBUG|[81]|DEBUG|List of Book Names{a001100000DbFC1AAN={}}
06:13:20.673 (24714749128)|USER_DEBUG|[99]|DEBUG|List of Wharehouse accounts()
06:13:20.673 (24715092169)|USER_DEBUG|[163]|DEBUG|Final update to Product{}
06:13:20.673 (24716593609)|CODE_UNIT_FINISHED|BookOrder on Book_Order trigger event BeforeUpdate for [a001100000DbFC1]
06:13:20.673 (24732509457)|CODE_UNIT_FINISHED|BookOrderPageControllerTest.TestMethodTwo
06:13:20.673 (24734052260)|EXECUTION_FINISHED
