39.0 APEX_CODE,DEBUG;APEX_PROFILING,NONE;CALLOUT,NONE;DB,NONE;SYSTEM,NONE;VALIDATION,NONE;VISUALFORCE,NONE;WAVE,NONE;WORKFLOW,NONE
06:26:55.1 (1527063)|USER_INFO|[EXTERNAL]|005410000028GkS|candidate@829258advdev.com.devbox|Pacific Standard Time|GMT-08:00
06:26:55.1 (1570416)|EXECUTION_STARTED
06:26:55.1 (1575408)|CODE_UNIT_STARTED|[EXTERNAL]|01p11000000FzFc|BookOrderPageControllerTest.TestMethodFour
06:26:58.586 (3586523384)|CODE_UNIT_STARTED|[EXTERNAL]|Workflow:Product2
06:26:58.586 (3865015555)|CODE_UNIT_FINISHED|Workflow:Product2
06:26:58.586 (4002954225)|CODE_UNIT_STARTED|[EXTERNAL]|Workflow:Product2
06:26:58.586 (4132171589)|CODE_UNIT_FINISHED|Workflow:Product2
06:26:58.586 (4417442327)|CODE_UNIT_STARTED|[EXTERNAL]|Workflow:Product2
06:26:59.701 (4701943253)|CODE_UNIT_FINISHED|Workflow:Product2
06:26:59.701 (5063515573)|CODE_UNIT_STARTED|[EXTERNAL]|Workflow:Product2
06:26:59.701 (5314767609)|CODE_UNIT_FINISHED|Workflow:Product2
06:27:00.722 (5722055027)|CODE_UNIT_STARTED|[EXTERNAL]|Workflow:Product2
06:27:00.722 (6010049859)|CODE_UNIT_FINISHED|Workflow:Product2
06:27:01.870 (6870895158)|CODE_UNIT_STARTED|[EXTERNAL]|Workflow:Contact
06:27:01.870 (6911203991)|CODE_UNIT_FINISHED|Workflow:Contact
06:27:01.870 (6983993296)|VF_PAGE_MESSAGE|Book Order ID is Missing
06:27:01.870 (6986443704)|CODE_UNIT_FINISHED|BookOrderPageControllerTest.TestMethodFour
06:27:01.870 (6988241233)|EXECUTION_FINISHED
06:27:03.189 (8189978814)|USER_INFO|[EXTERNAL]|005410000028GkS|candidate@829258advdev.com.devbox|Pacific Standard Time|GMT-08:00
06:27:03.189 (8190003007)|EXECUTION_STARTED
06:27:03.189 (8190008873)|CODE_UNIT_STARTED|[EXTERNAL]|01p11000000FzFc|BookOrderPageControllerTest.TestMethodOne
06:27:06.502 (11502026773)|CODE_UNIT_STARTED|[EXTERNAL]|Workflow:Product2
06:27:06.502 (11856173685)|CODE_UNIT_FINISHED|Workflow:Product2
06:27:06.502 (11986404485)|CODE_UNIT_STARTED|[EXTERNAL]|Workflow:Product2
06:27:06.502 (12126492508)|CODE_UNIT_FINISHED|Workflow:Product2
06:27:06.502 (12405113542)|CODE_UNIT_STARTED|[EXTERNAL]|Workflow:Product2
06:27:07.689 (12689456714)|CODE_UNIT_FINISHED|Workflow:Product2
06:27:07.689 (12950443536)|CODE_UNIT_STARTED|[EXTERNAL]|Workflow:Product2
06:27:07.689 (13204912978)|CODE_UNIT_FINISHED|Workflow:Product2
06:27:07.689 (13561643628)|CODE_UNIT_STARTED|[EXTERNAL]|Workflow:Product2
06:27:08.872 (13872695594)|CODE_UNIT_FINISHED|Workflow:Product2
06:27:08.872 (14666838246)|CODE_UNIT_STARTED|[EXTERNAL]|Workflow:Contact
06:27:08.872 (14691997225)|CODE_UNIT_FINISHED|Workflow:Contact
06:27:08.872 (14728622894)|USER_DEBUG|[68]|DEBUG|lstPrd 300
06:27:08.872 (14746445947)|USER_DEBUG|[74]|DEBUG|Test dataBook_Order__c:{Id=a001100000DbFOlAAN, Name=order_2, Contact__c=0031100001FvK0yAAF}
06:27:08.872 (14792245677)|EXCEPTION_THROWN|[93]|System.AssertException: Assertion Failed: Same value: 0
06:27:08.872 (14792398980)|FATAL_ERROR|System.AssertException: Assertion Failed: Same value: 0

Class.BookOrderPageController.addToShoppingCart: line 93, column 1
Class.BookOrderPageControllerTest.TestMethodOne: line 89, column 1
06:27:08.872 (14792408116)|FATAL_ERROR|System.AssertException: Assertion Failed: Same value: 0

Class.BookOrderPageController.addToShoppingCart: line 93, column 1
Class.BookOrderPageControllerTest.TestMethodOne: line 89, column 1
06:27:08.872 (14792420640)|CODE_UNIT_FINISHED|BookOrderPageControllerTest.TestMethodOne
06:27:08.872 (14794780552)|EXECUTION_FINISHED
06:27:11.34 (16034986466)|USER_INFO|[EXTERNAL]|005410000028GkS|candidate@829258advdev.com.devbox|Pacific Standard Time|GMT-08:00
06:27:11.34 (16035006235)|EXECUTION_STARTED
06:27:11.34 (16035011609)|CODE_UNIT_STARTED|[EXTERNAL]|01p11000000FzFc|BookOrderPageControllerTest.TestMethodTwo
06:27:14.456 (19456862698)|CODE_UNIT_STARTED|[EXTERNAL]|Workflow:Product2
06:27:14.456 (19794079195)|CODE_UNIT_FINISHED|Workflow:Product2
06:27:14.456 (19916535976)|CODE_UNIT_STARTED|[EXTERNAL]|Workflow:Product2
06:27:14.456 (20059718389)|CODE_UNIT_FINISHED|Workflow:Product2
06:27:14.456 (20336163225)|CODE_UNIT_STARTED|[EXTERNAL]|Workflow:Product2
06:27:15.596 (20596705812)|CODE_UNIT_FINISHED|Workflow:Product2
06:27:15.596 (20835027223)|CODE_UNIT_STARTED|[EXTERNAL]|Workflow:Product2
06:27:15.596 (21093543213)|CODE_UNIT_FINISHED|Workflow:Product2
06:27:15.596 (21434405177)|CODE_UNIT_STARTED|[EXTERNAL]|Workflow:Product2
06:27:16.732 (21732733806)|CODE_UNIT_FINISHED|Workflow:Product2
06:27:16.732 (22511597933)|CODE_UNIT_STARTED|[EXTERNAL]|Workflow:Contact
06:27:16.732 (22536506378)|CODE_UNIT_FINISHED|Workflow:Contact
06:27:17.788 (22788072637)|EXCEPTION_THROWN|[93]|System.AssertException: Assertion Failed: Same value: 0
06:27:17.788 (22788226696)|FATAL_ERROR|System.AssertException: Assertion Failed: Same value: 0

Class.BookOrderPageController.addToShoppingCart: line 93, column 1
Class.BookOrderPageControllerTest.TestMethodTwo: line 152, column 1
06:27:17.788 (22788235519)|FATAL_ERROR|System.AssertException: Assertion Failed: Same value: 0

Class.BookOrderPageController.addToShoppingCart: line 93, column 1
Class.BookOrderPageControllerTest.TestMethodTwo: line 152, column 1
06:27:17.788 (22788244088)|CODE_UNIT_FINISHED|BookOrderPageControllerTest.TestMethodTwo
06:27:17.788 (22790200414)|EXECUTION_FINISHED
