39.0 APEX_CODE,DEBUG;APEX_PROFILING,NONE;CALLOUT,NONE;DB,NONE;SYSTEM,NONE;VALIDATION,NONE;VISUALFORCE,NONE;WAVE,NONE;WORKFLOW,NONE
09:57:20.1 (1046630)|USER_INFO|[EXTERNAL]|005410000028GkS|candidate@829258advdev.com.devbox|Pacific Standard Time|GMT-08:00
09:57:20.1 (1103189)|EXECUTION_STARTED
09:57:20.1 (1110450)|CODE_UNIT_STARTED|[EXTERNAL]|01p11000000FzFc|BookOrderPageControllerTest.TestMethodFour
09:57:23.987 (3987926471)|CODE_UNIT_STARTED|[EXTERNAL]|Workflow:Product2
09:57:23.987 (4909338616)|CODE_UNIT_FINISHED|Workflow:Product2
09:57:25.79 (5079725067)|CODE_UNIT_STARTED|[EXTERNAL]|Workflow:Product2
09:57:25.79 (5307219073)|CODE_UNIT_FINISHED|Workflow:Product2
09:57:25.79 (5697770502)|CODE_UNIT_STARTED|[EXTERNAL]|Workflow:Product2
09:57:26.89 (6089308923)|CODE_UNIT_FINISHED|Workflow:Product2
09:57:26.89 (6473317408)|CODE_UNIT_STARTED|[EXTERNAL]|Workflow:Product2
09:57:26.89 (6811917319)|CODE_UNIT_FINISHED|Workflow:Product2
09:57:27.264 (7264152675)|CODE_UNIT_STARTED|[EXTERNAL]|Workflow:Product2
09:57:27.264 (7594335016)|CODE_UNIT_FINISHED|Workflow:Product2
09:57:27.264 (8083278609)|USER_DEBUG|[59]|DEBUG|test_1520
09:57:29.203 (9203383621)|CODE_UNIT_STARTED|[EXTERNAL]|Workflow:Contact
09:57:29.203 (9244928702)|CODE_UNIT_FINISHED|Workflow:Contact
09:57:29.203 (9351032577)|VF_PAGE_MESSAGE|Book Order ID is Missing
09:57:29.203 (9353700575)|CODE_UNIT_FINISHED|BookOrderPageControllerTest.TestMethodFour
09:57:29.203 (9355107923)|EXECUTION_FINISHED
09:57:30.554 (10554763541)|USER_INFO|[EXTERNAL]|005410000028GkS|candidate@829258advdev.com.devbox|Pacific Standard Time|GMT-08:00
09:57:30.554 (10554783961)|EXECUTION_STARTED
09:57:30.554 (10554788215)|CODE_UNIT_STARTED|[EXTERNAL]|01p11000000FzFc|BookOrderPageControllerTest.TestMethodOne
09:57:34.71 (14071716414)|CODE_UNIT_STARTED|[EXTERNAL]|Workflow:Product2
09:57:34.71 (14323773967)|CODE_UNIT_FINISHED|Workflow:Product2
09:57:34.71 (14448052183)|CODE_UNIT_STARTED|[EXTERNAL]|Workflow:Product2
09:57:34.71 (14604040263)|CODE_UNIT_FINISHED|Workflow:Product2
09:57:34.71 (14905407880)|CODE_UNIT_STARTED|[EXTERNAL]|Workflow:Product2
09:57:35.465 (15465641948)|CODE_UNIT_FINISHED|Workflow:Product2
09:57:35.465 (15730975211)|CODE_UNIT_STARTED|[EXTERNAL]|Workflow:Product2
09:57:35.465 (16067720063)|CODE_UNIT_FINISHED|Workflow:Product2
09:57:35.465 (16399652720)|CODE_UNIT_STARTED|[EXTERNAL]|Workflow:Product2
09:57:36.647 (16647205985)|CODE_UNIT_FINISHED|Workflow:Product2
09:57:36.647 (16884802501)|USER_DEBUG|[59]|DEBUG|test_1520
09:57:36.647 (17015233584)|CODE_UNIT_STARTED|[EXTERNAL]|Workflow:Contact
09:57:36.647 (17045004737)|CODE_UNIT_FINISHED|Workflow:Contact
09:57:36.647 (17083847518)|USER_DEBUG|[83]|DEBUG|lstPrd 50
09:57:36.647 (17087190418)|USER_DEBUG|[89]|DEBUG|Test dataBook_Order__c:{Id=a001100000DbMoDAAV, Name=order_2, Contact__c=0031100001Fzt9qAAB}
09:57:36.647 (17184088188)|CODE_UNIT_STARTED|[EXTERNAL]|01q11000000D55H|RefactorTriiger on Book_Order trigger event BeforeUpdate for [a001100000DbMoD]
09:57:36.647 (17215741073)|USER_DEBUG|[84]|DEBUG|List of Book Names{}
09:57:36.647 (17215836915)|USER_DEBUG|[102]|DEBUG|List of Wharehouse accounts()
09:57:36.647 (17216000307)|USER_DEBUG|[166]|DEBUG|Final update to Product{}
09:57:36.647 (17217532289)|CODE_UNIT_FINISHED|RefactorTriiger on Book_Order trigger event BeforeUpdate for [a001100000DbMoD]
09:57:36.647 (17237043808)|USER_DEBUG|[76]|DEBUG|test0.00
09:57:36.647 (17270945492)|CODE_UNIT_STARTED|[EXTERNAL]|01q11000000D55H|RefactorTriiger on Book_Order trigger event BeforeUpdate for [a001100000DbMoD]
09:57:36.647 (17304326887)|USER_DEBUG|[84]|DEBUG|List of Book Names{}
09:57:36.647 (17304393446)|USER_DEBUG|[102]|DEBUG|List of Wharehouse accounts()
09:57:36.647 (17304501157)|USER_DEBUG|[166]|DEBUG|Final update to Product{}
09:57:36.647 (17305935432)|CODE_UNIT_FINISHED|RefactorTriiger on Book_Order trigger event BeforeUpdate for [a001100000DbMoD]
09:57:36.647 (17343340442)|USER_DEBUG|[76]|DEBUG|test0.00
09:57:36.647 (17350429475)|USER_DEBUG|[109]|DEBUG|Count1--0
09:57:36.647 (17350508367)|USER_DEBUG|[111]|DEBUG|Count2--0
09:57:37.802 (17802846573)|CODE_UNIT_STARTED|[EXTERNAL]|01q11000000D55H|RefactorTriiger on Book_Order trigger event BeforeUpdate for [a001100000DbMoD]
09:57:37.802 (17820258266)|USER_DEBUG|[84]|DEBUG|List of Book Names{}
09:57:37.802 (17820328873)|USER_DEBUG|[102]|DEBUG|List of Wharehouse accounts()
09:57:37.802 (17820425844)|USER_DEBUG|[166]|DEBUG|Final update to Product{}
09:57:37.802 (17822116610)|CODE_UNIT_FINISHED|RefactorTriiger on Book_Order trigger event BeforeUpdate for [a001100000DbMoD]
09:57:37.802 (17840210871)|USER_DEBUG|[76]|DEBUG|test0.00
09:57:37.802 (17882365493)|USER_DEBUG|[76]|DEBUG|test0.00
09:57:37.802 (17893441565)|CODE_UNIT_STARTED|[EXTERNAL]|01q11000000D55H|RefactorTriiger on Book_Order trigger event BeforeUpdate for [a001100000DbMoD]
09:57:37.802 (17910383336)|USER_DEBUG|[84]|DEBUG|List of Book Names{a001100000DbMoDAAV={Book_98=1}}
09:57:37.802 (17933538233)|USER_DEBUG|[102]|DEBUG|List of Wharehouse accounts(Account:{Id=0011100001LcsFiAAJ, Name=Warehouse0}, Account:{Id=0011100001LcsC4AAJ, Name=Warehouse0}, Account:{Id=0011100001Lcs55AAB, Name=Warehouse0}, Account:{Id=0011100001LcsFjAAJ, Name=Warehouse1}, Account:{Id=0011100001LcsC5AAJ, Name=Warehouse1}, Account:{Id=0011100001Lcs56AAB, Name=Warehouse1}, Account:{Id=0011100001LcsFsAAJ, Name=Warehouse10}, Account:{Id=0011100001LcsCEAAZ, Name=Warehouse10}, Account:{Id=0011100001Lcs5FAAR, Name=Warehouse10}, Account:{Id=0011100001LcsFtAAJ, Name=Warehouse11}, ...)
09:57:37.802 (17954855952)|USER_DEBUG|[166]|DEBUG|Final update to Product{}
09:57:37.802 (17956443974)|CODE_UNIT_FINISHED|RefactorTriiger on Book_Order trigger event BeforeUpdate for [a001100000DbMoD]
09:57:37.802 (17973528959)|CODE_UNIT_FINISHED|BookOrderPageControllerTest.TestMethodOne
09:57:37.802 (17975585957)|EXECUTION_FINISHED
09:57:39.121 (19121125959)|USER_INFO|[EXTERNAL]|005410000028GkS|candidate@829258advdev.com.devbox|Pacific Standard Time|GMT-08:00
09:57:39.121 (19121147844)|EXECUTION_STARTED
09:57:39.121 (19121152399)|CODE_UNIT_STARTED|[EXTERNAL]|01p11000000FzFc|BookOrderPageControllerTest.TestMethodTwo
09:57:42.582 (22582559082)|CODE_UNIT_STARTED|[EXTERNAL]|Workflow:Product2
09:57:42.582 (22882341354)|CODE_UNIT_FINISHED|Workflow:Product2
09:57:42.582 (23022025036)|CODE_UNIT_STARTED|[EXTERNAL]|Workflow:Product2
09:57:42.582 (23155904260)|CODE_UNIT_FINISHED|Workflow:Product2
09:57:42.582 (23451930746)|CODE_UNIT_STARTED|[EXTERNAL]|Workflow:Product2
09:57:43.684 (23684364721)|CODE_UNIT_FINISHED|Workflow:Product2
09:57:43.684 (23951487800)|CODE_UNIT_STARTED|[EXTERNAL]|Workflow:Product2
09:57:43.684 (24215902243)|CODE_UNIT_FINISHED|Workflow:Product2
09:57:43.684 (24472581107)|CODE_UNIT_STARTED|[EXTERNAL]|Workflow:Product2
09:57:44.722 (24722462898)|CODE_UNIT_FINISHED|Workflow:Product2
09:57:44.722 (25240458548)|USER_DEBUG|[59]|DEBUG|test_1520
09:57:44.722 (25385340893)|CODE_UNIT_STARTED|[EXTERNAL]|Workflow:Contact
09:57:44.722 (25413259565)|CODE_UNIT_FINISHED|Workflow:Contact
09:57:45.913 (25913900826)|CODE_UNIT_STARTED|[EXTERNAL]|Workflow:Product2
09:57:45.913 (25926689376)|CODE_UNIT_FINISHED|Workflow:Product2
09:57:45.913 (26016986156)|VF_PAGE_MESSAGE|Required fields are missing: [Price_Each__c]
09:57:45.913 (26017118336)|EXCEPTION_THROWN|[93]|System.DmlException: Upsert failed. First exception on row 0; first error: REQUIRED_FIELD_MISSING, Required fields are missing: [Price_Each__c]: [Price_Each__c]
09:57:45.913 (26026498026)|VF_PAGE_MESSAGE|Upsert failed. First exception on row 0; first error: REQUIRED_FIELD_MISSING, Required fields are missing: [Price_Each__c]: [Price_Each__c]
09:57:45.913 (26026751740)|USER_DEBUG|[76]|DEBUG|test0.00
09:57:45.913 (26028021512)|EXCEPTION_THROWN|[151]|System.DmlException: Update failed. First exception on row 0; first error: MISSING_ARGUMENT, Id not specified in an update call: []
09:57:45.913 (26037462302)|VF_PAGE_MESSAGE|Update failed. First exception on row 0; first error: MISSING_ARGUMENT, Id not specified in an update call: []
09:57:45.913 (26037640749)|USER_DEBUG|[76]|DEBUG|test0.00
09:57:45.913 (26038112884)|USER_DEBUG|[109]|DEBUG|Count1--0
09:57:45.913 (26038157710)|USER_DEBUG|[111]|DEBUG|Count2--0
09:57:45.913 (26038593259)|EXCEPTION_THROWN|[117]|System.ListException: Missing id at index: 0
09:57:45.913 (26047751288)|VF_PAGE_MESSAGE|Missing id at index: 0
09:57:45.913 (26047910883)|USER_DEBUG|[76]|DEBUG|test0.00
09:57:45.913 (26076780091)|CODE_UNIT_STARTED|[EXTERNAL]|01q11000000D55H|RefactorTriiger on Book_Order trigger event BeforeUpdate for [a001100000DbMoE]
09:57:45.913 (26082193517)|USER_DEBUG|[84]|DEBUG|List of Book Names{}
09:57:45.913 (26082257028)|USER_DEBUG|[102]|DEBUG|List of Wharehouse accounts()
09:57:45.913 (26082512876)|USER_DEBUG|[166]|DEBUG|Final update to Product{}
09:57:45.913 (26083944909)|CODE_UNIT_FINISHED|RefactorTriiger on Book_Order trigger event BeforeUpdate for [a001100000DbMoE]
09:57:45.913 (26100189821)|CODE_UNIT_FINISHED|BookOrderPageControllerTest.TestMethodTwo
09:57:45.913 (26101510324)|EXECUTION_FINISHED
