39.0 APEX_CODE,DEBUG;APEX_PROFILING,NONE;CALLOUT,NONE;DB,NONE;SYSTEM,NONE;VALIDATION,NONE;VISUALFORCE,NONE;WAVE,NONE;WORKFLOW,NONE
05:31:51.0 (438241)|USER_INFO|[EXTERNAL]|005410000028GkS|candidate@829258advdev.com.devbox|Pacific Standard Time|GMT-08:00
05:31:51.0 (478810)|EXECUTION_STARTED
05:31:51.0 (483733)|CODE_UNIT_STARTED|[EXTERNAL]|01p11000000Fz9e|BookListControllerTest.TestMethodOne
05:31:54.856 (3856351041)|CODE_UNIT_STARTED|[EXTERNAL]|Workflow:Product2
05:31:54.856 (4132155956)|CODE_UNIT_FINISHED|Workflow:Product2
05:31:54.856 (4367883930)|CODE_UNIT_STARTED|[EXTERNAL]|Workflow:Product2
05:31:54.856 (4508348655)|CODE_UNIT_FINISHED|Workflow:Product2
05:31:54.856 (4854395684)|CODE_UNIT_STARTED|[EXTERNAL]|Workflow:Product2
05:31:56.120 (5120834350)|CODE_UNIT_FINISHED|Workflow:Product2
05:31:56.120 (5468352086)|CODE_UNIT_STARTED|[EXTERNAL]|Workflow:Product2
05:31:56.120 (5721559123)|CODE_UNIT_FINISHED|Workflow:Product2
05:31:57.157 (6157994021)|CODE_UNIT_STARTED|[EXTERNAL]|Workflow:Product2
05:31:57.157 (6463698102)|CODE_UNIT_FINISHED|Workflow:Product2
05:31:57.157 (6845203162)|CODE_UNIT_STARTED|[EXTERNAL]|Workflow:Contact
05:31:57.157 (6895740114)|CODE_UNIT_FINISHED|Workflow:Contact
05:31:57.157 (6951579687)|USER_DEBUG|[89]|DEBUG|Test dataBook_Order__c:{Id=a001100000DompNAAR, Name=order_2, Contact__c=0031100001G0HpEAAV}
05:31:57.157 (6951796323)|USER_DEBUG|[96]|DEBUG|Anydatatype_msg1Family1**Inventory Book Seller
05:31:57.157 (6952191624)|USER_DEBUG|[96]|DEBUG|Anydatatype_msg1Family1**Inventory Book Seller
05:31:57.157 (6952381058)|USER_DEBUG|[96]|DEBUG|Anydatatype_msg1Family1**Inventory Book Seller
05:31:57.157 (6952583693)|USER_DEBUG|[96]|DEBUG|Anydatatype_msg1Family1**Inventory Book Seller
05:31:57.157 (6952824013)|USER_DEBUG|[96]|DEBUG|Anydatatype_msg1Family1**Inventory Book Seller
05:31:57.157 (6953045605)|USER_DEBUG|[96]|DEBUG|Anydatatype_msg1Family1**Inventory Book Seller
05:31:57.157 (6953306400)|USER_DEBUG|[96]|DEBUG|Anydatatype_msg1Family1**Inventory Book Seller
05:31:57.157 (6953503361)|USER_DEBUG|[96]|DEBUG|Anydatatype_msg1Family1**Inventory Book Seller
05:31:57.157 (6953687234)|USER_DEBUG|[96]|DEBUG|Anydatatype_msg1Family1**Inventory Book Seller
05:31:57.157 (6953904714)|USER_DEBUG|[96]|DEBUG|Anydatatype_msg1Family1**Inventory Book Seller
05:31:57.157 (7002573208)|CODE_UNIT_STARTED|[EXTERNAL]|01q11000000D55H|BookOrderTrigger on Book_Order trigger event BeforeUpdate for [a001100000DompN]
05:31:57.157 (7003172368)|USER_DEBUG|[19]|DEBUG|eachBO***Book_Order__c:{Id=a001100000DompNAAR, IsDeleted=false, Name=order_2, CreatedDate=2017-02-23 13:31:58, CreatedById=005410000028GkSAAU, LastModifiedDate=2017-02-23 13:31:58, LastModifiedById=005410000028GkSAAU, SystemModstamp=2017-02-23 13:31:58, LastViewedDate=null, LastReferencedDate=null, Contact__c=0031100001G0HpEAAV, Total_Cost__c=200.00, Order_Status__c=New}
05:31:57.157 (7003286518)|USER_DEBUG|[23]|DEBUG|setBookOrderId***{}
05:31:57.157 (7006023615)|USER_DEBUG|[40]|DEBUG|mapBOLineItem***0
05:31:57.157 (7010502722)|USER_DEBUG|[64]|DEBUG|lstBooks***()
05:31:57.157 (7013037090)|USER_DEBUG|[76]|DEBUG|mapCount***{}
05:31:57.157 (7013133263)|USER_DEBUG|[84]|DEBUG|ReqAccId***{}
05:31:57.157 (7015061072)|USER_DEBUG|[105]|DEBUG|FinalBookcount***null
05:31:57.157 (7015104278)|USER_DEBUG|[106]|DEBUG|lstFinalPrdUpdate***()
05:31:57.157 (7018447526)|CODE_UNIT_FINISHED|BookOrderTrigger on Book_Order trigger event BeforeUpdate for [a001100000DompN]
05:31:57.157 (7084862504)|USER_DEBUG|[122]|DEBUG|Anydatatype_msg*** Book Seller Book Seller Store185
05:31:57.157 (7084951558)|USER_DEBUG|[122]|DEBUG|Anydatatype_msg*** Book Seller Book Seller Store185
05:31:57.157 (7085024882)|USER_DEBUG|[122]|DEBUG|Anydatatype_msg*** Book Seller Book Seller Store185
05:31:57.157 (7085139783)|USER_DEBUG|[122]|DEBUG|Anydatatype_msg*** Book Seller Book Seller Store185
05:31:57.157 (7085214095)|USER_DEBUG|[122]|DEBUG|Anydatatype_msg*** Book Seller Book Seller Store185
05:31:57.157 (7085285573)|USER_DEBUG|[122]|DEBUG|Anydatatype_msg*** Book Seller Book Seller Store185
05:31:57.157 (7085357110)|USER_DEBUG|[122]|DEBUG|Anydatatype_msg*** Book Seller Book Seller Store185
05:31:57.157 (7085432615)|USER_DEBUG|[122]|DEBUG|Anydatatype_msg*** Book Seller Book Seller Store185
05:31:57.157 (7085504769)|USER_DEBUG|[122]|DEBUG|Anydatatype_msg*** Book Seller Book Seller Store185
05:31:57.157 (7085574976)|USER_DEBUG|[122]|DEBUG|Anydatatype_msg*** Book Seller Book Seller Store185
05:31:57.157 (7085650621)|USER_DEBUG|[122]|DEBUG|Anydatatype_msg*** Book Seller Book Seller Store187
05:31:57.157 (7085721303)|USER_DEBUG|[122]|DEBUG|Anydatatype_msg*** Book Seller Book Seller Store185
05:31:57.157 (7085791229)|USER_DEBUG|[122]|DEBUG|Anydatatype_msg*** Book Seller Book Seller Store187
05:31:57.157 (7085873442)|USER_DEBUG|[122]|DEBUG|Anydatatype_msg*** Book Seller Book Seller Store186
05:31:57.157 (7085944451)|USER_DEBUG|[122]|DEBUG|Anydatatype_msg*** Book Seller Book Seller Store187
05:31:57.157 (7086014560)|USER_DEBUG|[122]|DEBUG|Anydatatype_msg*** Book Seller Book Seller Store186
05:31:57.157 (7086086092)|USER_DEBUG|[122]|DEBUG|Anydatatype_msg*** Book Seller Book Seller Store187
05:31:57.157 (7086158510)|USER_DEBUG|[122]|DEBUG|Anydatatype_msg*** Book Seller Book Seller Store186
05:31:57.157 (7086228386)|USER_DEBUG|[122]|DEBUG|Anydatatype_msg*** Book Seller Book Seller Store187
05:31:57.157 (7086298801)|USER_DEBUG|[122]|DEBUG|Anydatatype_msg*** Book Seller Book Seller Store186
05:31:57.157 (7086369055)|USER_DEBUG|[122]|DEBUG|Anydatatype_msg*** Book Seller Book Seller Store187
05:31:57.157 (7086439539)|USER_DEBUG|[122]|DEBUG|Anydatatype_msg*** Book Seller Book Seller Store186
05:31:57.157 (7086509666)|USER_DEBUG|[122]|DEBUG|Anydatatype_msg*** Book Seller Book Seller Store187
05:31:57.157 (7086582295)|USER_DEBUG|[122]|DEBUG|Anydatatype_msg*** Book Seller Book Seller Store186
05:31:57.157 (7086654750)|USER_DEBUG|[122]|DEBUG|Anydatatype_msg*** Book Seller Book Seller Store187
05:31:57.157 (7086725051)|USER_DEBUG|[122]|DEBUG|Anydatatype_msg*** Book Seller Book Seller Store186
05:31:57.157 (7086795139)|USER_DEBUG|[122]|DEBUG|Anydatatype_msg*** Book Seller Book Seller Store187
05:31:57.157 (7086871451)|USER_DEBUG|[122]|DEBUG|Anydatatype_msg*** Book Seller Book Seller Store186
05:31:57.157 (7086942912)|USER_DEBUG|[122]|DEBUG|Anydatatype_msg*** Book Seller Book Seller Store187
05:31:57.157 (7087013101)|USER_DEBUG|[122]|DEBUG|Anydatatype_msg*** Book Seller Book Seller Store186
05:31:57.157 (7124364691)|CODE_UNIT_STARTED|[EXTERNAL]|01q11000000D55H|BookOrderTrigger on Book_Order trigger event BeforeUpdate for [a001100000DompN]
05:31:57.157 (7124821585)|USER_DEBUG|[19]|DEBUG|eachBO***Book_Order__c:{Id=a001100000DompNAAR, IsDeleted=false, Name=order_2, CreatedDate=2017-02-23 13:31:58, CreatedById=005410000028GkSAAU, LastModifiedDate=2017-02-23 13:31:58, LastModifiedById=005410000028GkSAAU, SystemModstamp=2017-02-23 13:31:58, LastViewedDate=null, LastReferencedDate=null, Contact__c=0031100001G0HpEAAV, Total_Cost__c=200.00, Order_Status__c=Ordered}
05:31:57.157 (7124943623)|USER_DEBUG|[23]|DEBUG|setBookOrderId***{a001100000DompNAAR}
05:31:57.157 (7137767162)|USER_DEBUG|[40]|DEBUG|mapBOLineItem***10
05:31:58.168 (7168371461)|USER_DEBUG|[64]|DEBUG|lstBooks***()
05:31:58.168 (7171392797)|USER_DEBUG|[76]|DEBUG|mapCount***{}
05:31:58.168 (7171453777)|USER_DEBUG|[84]|DEBUG|ReqAccId***{}
05:31:58.168 (7173329621)|USER_DEBUG|[105]|DEBUG|FinalBookcount***null
05:31:58.168 (7173354552)|USER_DEBUG|[106]|DEBUG|lstFinalPrdUpdate***()
05:31:58.168 (7193322815)|CODE_UNIT_FINISHED|BookOrderTrigger on Book_Order trigger event BeforeUpdate for [a001100000DompN]
05:31:58.168 (7216797718)|EXCEPTION_THROWN|[136]|System.AssertException: Assertion Failed: Expected: Backordered, Actual: Shipped
05:31:58.168 (7216929393)|FATAL_ERROR|System.AssertException: Assertion Failed: Expected: Backordered, Actual: Shipped

Class.BookListControllerTest.TestMethodOne: line 136, column 1
05:31:58.168 (7216938270)|FATAL_ERROR|System.AssertException: Assertion Failed: Expected: Backordered, Actual: Shipped

Class.BookListControllerTest.TestMethodOne: line 136, column 1
05:31:58.168 (7216949275)|CODE_UNIT_FINISHED|BookListControllerTest.TestMethodOne
05:31:58.168 (7218136146)|EXECUTION_FINISHED
