39.0 APEX_CODE,DEBUG;APEX_PROFILING,NONE;CALLOUT,NONE;DB,NONE;SYSTEM,NONE;VALIDATION,NONE;VISUALFORCE,NONE;WAVE,NONE;WORKFLOW,NONE
07:04:35.0 (542166)|USER_INFO|[EXTERNAL]|005410000028GkS|candidate@829258advdev.com.devbox|Pacific Standard Time|GMT-08:00
07:04:35.0 (593951)|EXECUTION_STARTED
07:04:35.0 (598838)|CODE_UNIT_STARTED|[EXTERNAL]|01p11000000FzFc|BookOrderPageControllerTest.TestMethodFour
07:04:38.674 (3674712972)|CODE_UNIT_STARTED|[EXTERNAL]|Workflow:Product2
07:04:38.674 (3946982783)|CODE_UNIT_FINISHED|Workflow:Product2
07:04:38.674 (4158384181)|CODE_UNIT_STARTED|[EXTERNAL]|Workflow:Product2
07:04:38.674 (4278073333)|CODE_UNIT_FINISHED|Workflow:Product2
07:04:38.674 (4567949598)|CODE_UNIT_STARTED|[EXTERNAL]|Workflow:Product2
07:04:39.826 (4826366684)|CODE_UNIT_FINISHED|Workflow:Product2
07:04:39.826 (5140998166)|CODE_UNIT_STARTED|[EXTERNAL]|Workflow:Product2
07:04:39.826 (5384055437)|CODE_UNIT_FINISHED|Workflow:Product2
07:04:39.826 (5713617198)|CODE_UNIT_STARTED|[EXTERNAL]|Workflow:Product2
07:04:40.976 (5976077765)|CODE_UNIT_FINISHED|Workflow:Product2
07:04:40.976 (6298398501)|USER_DEBUG|[59]|DEBUG|test_1520
07:04:40.976 (6450352972)|CODE_UNIT_STARTED|[EXTERNAL]|Workflow:Contact
07:04:40.976 (6494737260)|CODE_UNIT_FINISHED|Workflow:Contact
07:04:40.976 (6535909302)|VF_PAGE_MESSAGE|Book Order ID is Missing
07:04:40.976 (6537755708)|CODE_UNIT_FINISHED|BookOrderPageControllerTest.TestMethodFour
07:04:40.976 (6538965910)|EXECUTION_FINISHED
07:04:42.701 (7701091909)|USER_INFO|[EXTERNAL]|005410000028GkS|candidate@829258advdev.com.devbox|Pacific Standard Time|GMT-08:00
07:04:42.701 (7701112653)|EXECUTION_STARTED
07:04:42.701 (7701116412)|CODE_UNIT_STARTED|[EXTERNAL]|01p11000000FzFc|BookOrderPageControllerTest.TestMethodOne
07:04:46.183 (11183222328)|CODE_UNIT_STARTED|[EXTERNAL]|Workflow:Product2
07:04:46.183 (11451021495)|CODE_UNIT_FINISHED|Workflow:Product2
07:04:46.183 (11616045118)|CODE_UNIT_STARTED|[EXTERNAL]|Workflow:Product2
07:04:46.183 (11788641489)|CODE_UNIT_FINISHED|Workflow:Product2
07:04:46.183 (12153654421)|CODE_UNIT_STARTED|[EXTERNAL]|Workflow:Product2
07:04:47.404 (12404234228)|CODE_UNIT_FINISHED|Workflow:Product2
07:04:47.404 (12688537691)|CODE_UNIT_STARTED|[EXTERNAL]|Workflow:Product2
07:04:47.404 (12973432254)|CODE_UNIT_FINISHED|Workflow:Product2
07:04:47.404 (13244842246)|CODE_UNIT_STARTED|[EXTERNAL]|Workflow:Product2
07:04:48.515 (13515895668)|CODE_UNIT_FINISHED|Workflow:Product2
07:04:48.515 (13766737342)|USER_DEBUG|[59]|DEBUG|test_1520
07:04:48.515 (13917801220)|CODE_UNIT_STARTED|[EXTERNAL]|Workflow:Contact
07:04:48.515 (13949587245)|CODE_UNIT_FINISHED|Workflow:Contact
07:04:48.515 (13983033537)|USER_DEBUG|[83]|DEBUG|lstPrd 50
07:04:48.515 (13986368327)|USER_DEBUG|[89]|DEBUG|Test dataBook_Order__c:{Id=a001100000DbFUUAA3, Name=order_2, Contact__c=0031100001FvNBuAAN}
07:04:48.515 (14070124587)|CODE_UNIT_STARTED|[EXTERNAL]|01q11000000D4Gi|BookOrder on Book_Order trigger event BeforeUpdate for [a001100000DbFUU]
07:04:48.515 (14097857274)|USER_DEBUG|[81]|DEBUG|List of Book Names{}
07:04:48.515 (14097956526)|USER_DEBUG|[99]|DEBUG|List of Wharehouse accounts()
07:04:48.515 (14098123666)|USER_DEBUG|[163]|DEBUG|Final update to Product{}
07:04:48.515 (14099654502)|CODE_UNIT_FINISHED|BookOrder on Book_Order trigger event BeforeUpdate for [a001100000DbFUU]
07:04:48.515 (14115335091)|USER_DEBUG|[76]|DEBUG|test0.00
07:04:48.515 (14146314415)|CODE_UNIT_STARTED|[EXTERNAL]|01q11000000D4Gi|BookOrder on Book_Order trigger event BeforeUpdate for [a001100000DbFUU]
07:04:48.515 (14160265749)|USER_DEBUG|[81]|DEBUG|List of Book Names{}
07:04:48.515 (14160322831)|USER_DEBUG|[99]|DEBUG|List of Wharehouse accounts()
07:04:48.515 (14160441463)|USER_DEBUG|[163]|DEBUG|Final update to Product{}
07:04:48.515 (14161866600)|CODE_UNIT_FINISHED|BookOrder on Book_Order trigger event BeforeUpdate for [a001100000DbFUU]
07:04:48.515 (14196214456)|USER_DEBUG|[76]|DEBUG|test0.00
07:04:48.515 (14213338959)|USER_DEBUG|[109]|DEBUG|Count1--0
07:04:48.515 (14213403924)|USER_DEBUG|[111]|DEBUG|Count2--0
07:04:48.515 (14340969221)|CODE_UNIT_STARTED|[EXTERNAL]|01q11000000D4Gi|BookOrder on Book_Order trigger event BeforeUpdate for [a001100000DbFUU]
07:04:48.515 (14357947886)|USER_DEBUG|[81]|DEBUG|List of Book Names{}
07:04:48.515 (14358022850)|USER_DEBUG|[99]|DEBUG|List of Wharehouse accounts()
07:04:48.515 (14358124084)|USER_DEBUG|[163]|DEBUG|Final update to Product{}
07:04:48.515 (14359582659)|CODE_UNIT_FINISHED|BookOrder on Book_Order trigger event BeforeUpdate for [a001100000DbFUU]
07:04:48.515 (14378606371)|USER_DEBUG|[76]|DEBUG|test0.00
07:04:49.577 (14577002981)|USER_DEBUG|[76]|DEBUG|test0.00
07:04:49.577 (14590362696)|CODE_UNIT_STARTED|[EXTERNAL]|01q11000000D4Gi|BookOrder on Book_Order trigger event BeforeUpdate for [a001100000DbFUU]
07:04:49.577 (14610353596)|USER_DEBUG|[81]|DEBUG|List of Book Names{a001100000DbFUUAA3={Book_98=1}}
07:04:49.577 (14631360828)|USER_DEBUG|[99]|DEBUG|List of Wharehouse accounts(Account:{Id=0011100001LcolyAAB, Name=Warehouse0}, Account:{Id=0011100001Lcof4AAB, Name=Warehouse0}, Account:{Id=0011100001LcopcAAB, Name=Warehouse0}, Account:{Id=0011100001LcolzAAB, Name=Warehouse1}, Account:{Id=0011100001Lcof5AAB, Name=Warehouse1}, Account:{Id=0011100001LcopdAAB, Name=Warehouse1}, Account:{Id=0011100001Lcom8AAB, Name=Warehouse10}, Account:{Id=0011100001LcofEAAR, Name=Warehouse10}, Account:{Id=0011100001LcopmAAB, Name=Warehouse10}, Account:{Id=0011100001Lcom9AAB, Name=Warehouse11}, ...)
07:04:49.577 (14647125519)|USER_DEBUG|[163]|DEBUG|Final update to Product{}
07:04:49.577 (14648766610)|CODE_UNIT_FINISHED|BookOrder on Book_Order trigger event BeforeUpdate for [a001100000DbFUU]
07:04:49.577 (14664203238)|CODE_UNIT_FINISHED|BookOrderPageControllerTest.TestMethodOne
07:04:49.577 (14665779584)|EXECUTION_FINISHED
07:04:50.951 (15951159380)|USER_INFO|[EXTERNAL]|005410000028GkS|candidate@829258advdev.com.devbox|Pacific Standard Time|GMT-08:00
07:04:50.951 (15951177784)|EXECUTION_STARTED
07:04:50.951 (15951182286)|CODE_UNIT_STARTED|[EXTERNAL]|01p11000000FzFc|BookOrderPageControllerTest.TestMethodTwo
07:04:54.676 (19676906661)|CODE_UNIT_STARTED|[EXTERNAL]|Workflow:Product2
07:04:54.676 (19947886654)|CODE_UNIT_FINISHED|Workflow:Product2
07:04:54.676 (20101603995)|CODE_UNIT_STARTED|[EXTERNAL]|Workflow:Product2
07:04:54.676 (20241274989)|CODE_UNIT_FINISHED|Workflow:Product2
07:04:54.676 (20571371961)|CODE_UNIT_STARTED|[EXTERNAL]|Workflow:Product2
07:04:55.842 (20842128899)|CODE_UNIT_FINISHED|Workflow:Product2
07:04:55.842 (21140021935)|CODE_UNIT_STARTED|[EXTERNAL]|Workflow:Product2
07:04:56.854 (21854300913)|CODE_UNIT_FINISHED|Workflow:Product2
07:04:56.854 (22140641445)|CODE_UNIT_STARTED|[EXTERNAL]|Workflow:Product2
07:04:56.854 (22378898265)|CODE_UNIT_FINISHED|Workflow:Product2
07:04:56.854 (22733352964)|USER_DEBUG|[59]|DEBUG|test_1520
07:04:57.879 (22879124334)|CODE_UNIT_STARTED|[EXTERNAL]|Workflow:Contact
07:04:57.879 (22907491581)|CODE_UNIT_FINISHED|Workflow:Contact
07:04:57.879 (23331190853)|CODE_UNIT_STARTED|[EXTERNAL]|01q11000000D4Gi|BookOrder on Book_Order trigger event BeforeUpdate for [a001100000DbFUV]
07:04:57.879 (23366391341)|USER_DEBUG|[81]|DEBUG|List of Book Names{}
07:04:57.879 (23366456079)|USER_DEBUG|[99]|DEBUG|List of Wharehouse accounts()
07:04:57.879 (23366568807)|USER_DEBUG|[163]|DEBUG|Final update to Product{}
07:04:57.879 (23367957134)|CODE_UNIT_FINISHED|BookOrder on Book_Order trigger event BeforeUpdate for [a001100000DbFUV]
07:04:57.879 (23385190098)|USER_DEBUG|[76]|DEBUG|test0.00
07:04:57.879 (23408618700)|USER_DEBUG|[76]|DEBUG|test0.00
07:04:57.879 (23409215124)|USER_DEBUG|[76]|DEBUG|test0.00
07:04:57.879 (23449399226)|CODE_UNIT_STARTED|[EXTERNAL]|01q11000000D4Gi|BookOrder on Book_Order trigger event BeforeUpdate for [a001100000DbFUV]
07:04:57.879 (23464356244)|USER_DEBUG|[81]|DEBUG|List of Book Names{a001100000DbFUVAA3={Book_99=1}}
07:04:57.879 (23509813427)|USER_DEBUG|[99]|DEBUG|List of Wharehouse accounts(Account:{Id=0011100001Lcp0WAAR, Name=Warehouse0}, Account:{Id=0011100001Lcoq0AAB, Name=Warehouse0}, Account:{Id=0011100001Lcp4FAAR, Name=Warehouse0}, Account:{Id=0011100001Lcp0XAAR, Name=Warehouse1}, Account:{Id=0011100001Lcoq1AAB, Name=Warehouse1}, Account:{Id=0011100001Lcp4GAAR, Name=Warehouse1}, Account:{Id=0011100001Lcp0gAAB, Name=Warehouse10}, Account:{Id=0011100001LcoqAAAR, Name=Warehouse10}, Account:{Id=0011100001Lcp7dAAB, Name=Warehouse10}, Account:{Id=0011100001Lcp0hAAB, Name=Warehouse11}, ...)
07:04:57.879 (23525606567)|USER_DEBUG|[163]|DEBUG|Final update to Product{}
07:04:57.879 (23527156828)|CODE_UNIT_FINISHED|BookOrder on Book_Order trigger event BeforeUpdate for [a001100000DbFUV]
07:04:57.879 (23539859094)|CODE_UNIT_FINISHED|BookOrderPageControllerTest.TestMethodTwo
07:04:57.879 (23541057495)|EXECUTION_FINISHED
