39.0 APEX_CODE,DEBUG;APEX_PROFILING,NONE;CALLOUT,NONE;DB,NONE;SYSTEM,NONE;VALIDATION,NONE;VISUALFORCE,NONE;WAVE,NONE;WORKFLOW,NONE
06:15:10.1 (1347258)|USER_INFO|[EXTERNAL]|005410000028GkS|candidate@829258advdev.com.devbox|Pacific Standard Time|GMT-08:00
06:15:10.1 (1404325)|EXECUTION_STARTED
06:15:10.1 (1410540)|CODE_UNIT_STARTED|[EXTERNAL]|01p11000000FzFc|BookOrderPageControllerTest.TestMethodFour
06:15:14.70 (4070118894)|CODE_UNIT_STARTED|[EXTERNAL]|Workflow:Product2
06:15:14.70 (4347714226)|CODE_UNIT_FINISHED|Workflow:Product2
06:15:14.70 (4501613464)|CODE_UNIT_STARTED|[EXTERNAL]|Workflow:Product2
06:15:14.70 (4625379579)|CODE_UNIT_FINISHED|Workflow:Product2
06:15:14.70 (4956008648)|CODE_UNIT_STARTED|[EXTERNAL]|Workflow:Product2
06:15:15.261 (5261328314)|CODE_UNIT_FINISHED|Workflow:Product2
06:15:15.261 (5705856683)|CODE_UNIT_STARTED|[EXTERNAL]|Workflow:Product2
06:15:15.261 (6008660112)|CODE_UNIT_FINISHED|Workflow:Product2
06:15:16.432 (6432713316)|CODE_UNIT_STARTED|[EXTERNAL]|Workflow:Product2
06:15:16.432 (6716356911)|CODE_UNIT_FINISHED|Workflow:Product2
06:15:17.680 (7680557656)|CODE_UNIT_STARTED|[EXTERNAL]|Workflow:Contact
06:15:17.680 (7730837619)|CODE_UNIT_FINISHED|Workflow:Contact
06:15:17.680 (7791318188)|VF_PAGE_MESSAGE|Book Order ID is Missing
06:15:17.680 (7794018572)|CODE_UNIT_FINISHED|BookOrderPageControllerTest.TestMethodFour
06:15:17.680 (7795424535)|EXECUTION_FINISHED
06:15:19.59 (9059908691)|USER_INFO|[EXTERNAL]|005410000028GkS|candidate@829258advdev.com.devbox|Pacific Standard Time|GMT-08:00
06:15:19.59 (9059927024)|EXECUTION_STARTED
06:15:19.59 (9059931211)|CODE_UNIT_STARTED|[EXTERNAL]|01p11000000FzFc|BookOrderPageControllerTest.TestMethodOne
06:15:22.478 (12478180604)|CODE_UNIT_STARTED|[EXTERNAL]|Workflow:Product2
06:15:22.478 (12721432839)|CODE_UNIT_FINISHED|Workflow:Product2
06:15:22.478 (12852740354)|CODE_UNIT_STARTED|[EXTERNAL]|Workflow:Product2
06:15:22.478 (13007245900)|CODE_UNIT_FINISHED|Workflow:Product2
06:15:22.478 (13314239907)|CODE_UNIT_STARTED|[EXTERNAL]|Workflow:Product2
06:15:23.605 (13605280046)|CODE_UNIT_FINISHED|Workflow:Product2
06:15:23.605 (13866062369)|CODE_UNIT_STARTED|[EXTERNAL]|Workflow:Product2
06:15:23.605 (14173759699)|CODE_UNIT_FINISHED|Workflow:Product2
06:15:23.605 (14514404267)|CODE_UNIT_STARTED|[EXTERNAL]|Workflow:Product2
06:15:24.772 (14772043149)|CODE_UNIT_FINISHED|Workflow:Product2
06:15:24.772 (15697853846)|CODE_UNIT_STARTED|[EXTERNAL]|Workflow:Contact
06:15:24.772 (15728015445)|CODE_UNIT_FINISHED|Workflow:Contact
06:15:24.772 (15761581687)|USER_DEBUG|[68]|DEBUG|lstPrd 300
06:15:25.782 (15782100193)|USER_DEBUG|[74]|DEBUG|Test dataBook_Order__c:{Id=a001100000DbFCAAA3, Name=order_2, Contact__c=0031100001Fv7Q0AAJ}
06:15:25.782 (15839813222)|EXCEPTION_THROWN|[93]|System.AssertException: Assertion Failed: Same value: 0
06:15:25.782 (15840261984)|FATAL_ERROR|System.AssertException: Assertion Failed: Same value: 0

Class.BookOrderPageController.addToShoppingCart: line 93, column 1
Class.BookOrderPageControllerTest.TestMethodOne: line 87, column 1
06:15:25.782 (15840275053)|FATAL_ERROR|System.AssertException: Assertion Failed: Same value: 0

Class.BookOrderPageController.addToShoppingCart: line 93, column 1
Class.BookOrderPageControllerTest.TestMethodOne: line 87, column 1
06:15:25.782 (15840285582)|CODE_UNIT_FINISHED|BookOrderPageControllerTest.TestMethodOne
06:15:25.782 (15843060500)|EXECUTION_FINISHED
06:15:27.11 (17011395672)|USER_INFO|[EXTERNAL]|005410000028GkS|candidate@829258advdev.com.devbox|Pacific Standard Time|GMT-08:00
06:15:27.11 (17011413546)|EXECUTION_STARTED
06:15:27.11 (17011417899)|CODE_UNIT_STARTED|[EXTERNAL]|01p11000000FzFc|BookOrderPageControllerTest.TestMethodTwo
06:15:30.616 (20616284136)|CODE_UNIT_STARTED|[EXTERNAL]|Workflow:Product2
06:15:30.616 (20929762344)|CODE_UNIT_FINISHED|Workflow:Product2
06:15:30.616 (21062442314)|CODE_UNIT_STARTED|[EXTERNAL]|Workflow:Product2
06:15:30.616 (21188803966)|CODE_UNIT_FINISHED|Workflow:Product2
06:15:30.616 (21522674142)|CODE_UNIT_STARTED|[EXTERNAL]|Workflow:Product2
06:15:31.861 (21861344907)|CODE_UNIT_FINISHED|Workflow:Product2
06:15:31.861 (22160902782)|CODE_UNIT_STARTED|[EXTERNAL]|Workflow:Product2
06:15:31.861 (22619088022)|CODE_UNIT_FINISHED|Workflow:Product2
06:15:32.909 (22909348509)|CODE_UNIT_STARTED|[EXTERNAL]|Workflow:Product2
06:15:32.909 (23214688369)|CODE_UNIT_FINISHED|Workflow:Product2
06:15:34.85 (24085700991)|CODE_UNIT_STARTED|[EXTERNAL]|Workflow:Contact
06:15:34.85 (24110484915)|CODE_UNIT_FINISHED|Workflow:Contact
06:15:34.85 (24450147170)|EXCEPTION_THROWN|[93]|System.AssertException: Assertion Failed: Same value: 0
06:15:34.85 (24450434936)|FATAL_ERROR|System.AssertException: Assertion Failed: Same value: 0

Class.BookOrderPageController.addToShoppingCart: line 93, column 1
Class.BookOrderPageControllerTest.TestMethodTwo: line 147, column 1
06:15:34.85 (24450445480)|FATAL_ERROR|System.AssertException: Assertion Failed: Same value: 0

Class.BookOrderPageController.addToShoppingCart: line 93, column 1
Class.BookOrderPageControllerTest.TestMethodTwo: line 147, column 1
06:15:34.85 (24450455202)|CODE_UNIT_FINISHED|BookOrderPageControllerTest.TestMethodTwo
06:15:34.85 (24452495275)|EXECUTION_FINISHED
