39.0 APEX_CODE,DEBUG;APEX_PROFILING,NONE;CALLOUT,NONE;DB,NONE;SYSTEM,NONE;VALIDATION,NONE;VISUALFORCE,NONE;WAVE,NONE;WORKFLOW,NONE
05:46:28.0 (905414)|USER_INFO|[EXTERNAL]|005410000028GkS|candidate@829258advdev.com.devbox|Pacific Standard Time|GMT-08:00
05:46:28.0 (944312)|EXECUTION_STARTED
05:46:28.0 (947751)|CODE_UNIT_STARTED|[EXTERNAL]|01p11000000Fz9e|BookListControllerTest.TestMethodOne
05:46:32.282 (4282488220)|CODE_UNIT_STARTED|[EXTERNAL]|Workflow:Product2
05:46:32.282 (4596511602)|CODE_UNIT_FINISHED|Workflow:Product2
05:46:32.282 (4838848106)|CODE_UNIT_STARTED|[EXTERNAL]|Workflow:Product2
05:46:32.282 (4993761581)|CODE_UNIT_FINISHED|Workflow:Product2
05:46:33.368 (5368769978)|CODE_UNIT_STARTED|[EXTERNAL]|Workflow:Product2
05:46:33.368 (5618376451)|CODE_UNIT_FINISHED|Workflow:Product2
05:46:33.368 (6038043530)|CODE_UNIT_STARTED|[EXTERNAL]|Workflow:Product2
05:46:34.380 (6380418942)|CODE_UNIT_FINISHED|Workflow:Product2
05:46:34.380 (6813481266)|CODE_UNIT_STARTED|[EXTERNAL]|Workflow:Product2
05:46:34.380 (7063770031)|CODE_UNIT_FINISHED|Workflow:Product2
05:46:35.508 (7508506094)|CODE_UNIT_STARTED|[EXTERNAL]|Workflow:Contact
05:46:35.508 (7542962993)|CODE_UNIT_FINISHED|Workflow:Contact
05:46:35.508 (7604211934)|EXCEPTION_THROWN|[88]|System.NullPointerException: Attempt to de-reference a null object
05:46:35.508 (7604336005)|FATAL_ERROR|System.NullPointerException: Attempt to de-reference a null object

Class.BookListControllerTest.TestMethodOne: line 88, column 1
05:46:35.508 (7604347031)|FATAL_ERROR|System.NullPointerException: Attempt to de-reference a null object

Class.BookListControllerTest.TestMethodOne: line 88, column 1
05:46:35.508 (7604360271)|CODE_UNIT_FINISHED|BookListControllerTest.TestMethodOne
05:46:35.508 (7606079333)|EXECUTION_FINISHED
