39.0 APEX_CODE,DEBUG;APEX_PROFILING,NONE;CALLOUT,NONE;DB,NONE;SYSTEM,NONE;VALIDATION,NONE;VISUALFORCE,NONE;WAVE,NONE;WORKFLOW,NONE
06:18:37.1 (1221093)|USER_INFO|[EXTERNAL]|005410000028GkS|candidate@829258advdev.com.devbox|Pacific Standard Time|GMT-08:00
06:18:37.1 (1253496)|EXECUTION_STARTED
06:18:37.1 (1259217)|CODE_UNIT_STARTED|[EXTERNAL]|01p11000000Fz9e|BookListControllerTest.TestMethodOne
06:18:40.898 (3898396093)|CODE_UNIT_STARTED|[EXTERNAL]|Workflow:Product2
06:18:40.898 (4154823580)|CODE_UNIT_FINISHED|Workflow:Product2
06:18:40.898 (4304959125)|CODE_UNIT_STARTED|[EXTERNAL]|Workflow:Product2
06:18:40.898 (4479747601)|CODE_UNIT_FINISHED|Workflow:Product2
06:18:40.898 (4819874105)|CODE_UNIT_STARTED|[EXTERNAL]|Workflow:Product2
06:18:42.123 (5123929897)|CODE_UNIT_FINISHED|Workflow:Product2
06:18:42.123 (5410237530)|CODE_UNIT_STARTED|[EXTERNAL]|Workflow:Product2
06:18:42.123 (5736448904)|CODE_UNIT_FINISHED|Workflow:Product2
06:18:42.123 (6026933377)|CODE_UNIT_STARTED|[EXTERNAL]|Workflow:Product2
06:18:43.286 (6286431582)|CODE_UNIT_FINISHED|Workflow:Product2
06:18:43.286 (6706091310)|CODE_UNIT_STARTED|[EXTERNAL]|Workflow:Contact
06:18:43.286 (6746510743)|CODE_UNIT_FINISHED|Workflow:Contact
06:18:43.286 (6810421457)|USER_DEBUG|[85]|DEBUG|Test dataBook_Order__c:{Id=a001100000DomqkAAB, Name=order_2, Contact__c=0031100001G0HuOAAV}
06:18:43.286 (6810641116)|USER_DEBUG|[92]|DEBUG|Anydatatype_msg1Family1**Inventory Book Seller
06:18:43.286 (6811024853)|USER_DEBUG|[92]|DEBUG|Anydatatype_msg1Family1**Inventory Book Seller
06:18:43.286 (6811207848)|USER_DEBUG|[92]|DEBUG|Anydatatype_msg1Family1**Inventory Book Seller
06:18:43.286 (6811383781)|USER_DEBUG|[92]|DEBUG|Anydatatype_msg1Family1**Inventory Book Seller
06:18:43.286 (6811565416)|USER_DEBUG|[92]|DEBUG|Anydatatype_msg1Family1**Inventory Book Seller
06:18:43.286 (6811775653)|USER_DEBUG|[92]|DEBUG|Anydatatype_msg1Family1**Inventory Book Seller
06:18:43.286 (6811952531)|USER_DEBUG|[92]|DEBUG|Anydatatype_msg1Family1**Inventory Book Seller
06:18:43.286 (6812152503)|USER_DEBUG|[92]|DEBUG|Anydatatype_msg1Family1**Inventory Book Seller
06:18:43.286 (6812330431)|USER_DEBUG|[92]|DEBUG|Anydatatype_msg1Family1**Inventory Book Seller
06:18:43.286 (6812558111)|USER_DEBUG|[92]|DEBUG|Anydatatype_msg1Family1**Inventory Book Seller
06:18:43.286 (6872613701)|CODE_UNIT_STARTED|[EXTERNAL]|01q11000000D55H|BookOrderTrigger on Book_Order trigger event BeforeUpdate for [a001100000Domqk]
06:18:43.286 (6873266291)|USER_DEBUG|[19]|DEBUG|eachBO***Book_Order__c:{Id=a001100000DomqkAAB, IsDeleted=false, Name=order_2, CreatedDate=2017-02-23 14:18:44, CreatedById=005410000028GkSAAU, LastModifiedDate=2017-02-23 14:18:44, LastModifiedById=005410000028GkSAAU, SystemModstamp=2017-02-23 14:18:44, LastViewedDate=null, LastReferencedDate=null, Contact__c=0031100001G0HuOAAV, Total_Cost__c=200.00, Order_Status__c=New}
06:18:43.286 (6873383137)|USER_DEBUG|[23]|DEBUG|setBookOrderId***{}
06:18:43.286 (6876535675)|USER_DEBUG|[40]|DEBUG|mapBOLineItem***0
06:18:43.286 (6881078001)|USER_DEBUG|[64]|DEBUG|lstBooks***()
06:18:43.286 (6883705222)|USER_DEBUG|[76]|DEBUG|mapCount***{}
06:18:43.286 (6883844379)|USER_DEBUG|[84]|DEBUG|ReqAccId***{}
06:18:43.286 (6886539548)|USER_DEBUG|[105]|DEBUG|FinalBookcount***null
06:18:43.286 (6886586475)|USER_DEBUG|[106]|DEBUG|lstFinalPrdUpdate***()
06:18:43.286 (6889953414)|CODE_UNIT_FINISHED|BookOrderTrigger on Book_Order trigger event BeforeUpdate for [a001100000Domqk]
06:18:43.286 (6939605850)|USER_DEBUG|[118]|DEBUG|Anydatatype_msg*** Book Seller Book Seller Store27
06:18:43.286 (6939694697)|USER_DEBUG|[118]|DEBUG|Anydatatype_msg*** Book Seller Book Seller Store25
06:18:43.286 (6939765336)|USER_DEBUG|[118]|DEBUG|Anydatatype_msg*** Book Seller Book Seller Store27
06:18:43.286 (6939838178)|USER_DEBUG|[118]|DEBUG|Anydatatype_msg*** Book Seller Book Seller Store26
06:18:43.286 (6939906543)|USER_DEBUG|[118]|DEBUG|Anydatatype_msg*** Book Seller Book Seller Store27
06:18:43.286 (6939973627)|USER_DEBUG|[118]|DEBUG|Anydatatype_msg*** Book Seller Book Seller Store26
06:18:43.286 (6940041560)|USER_DEBUG|[118]|DEBUG|Anydatatype_msg*** Book Seller Book Seller Store27
06:18:43.286 (6940111743)|USER_DEBUG|[118]|DEBUG|Anydatatype_msg*** Book Seller Book Seller Store26
06:18:43.286 (6940179247)|USER_DEBUG|[118]|DEBUG|Anydatatype_msg*** Book Seller Book Seller Store27
06:18:43.286 (6940246630)|USER_DEBUG|[118]|DEBUG|Anydatatype_msg*** Book Seller Book Seller Store26
06:18:43.286 (6940312941)|USER_DEBUG|[118]|DEBUG|Anydatatype_msg*** Book Seller Book Seller Store27
06:18:43.286 (6940380552)|USER_DEBUG|[118]|DEBUG|Anydatatype_msg*** Book Seller Book Seller Store26
06:18:43.286 (6940456981)|USER_DEBUG|[118]|DEBUG|Anydatatype_msg*** Book Seller Book Seller Store27
06:18:43.286 (6940533695)|USER_DEBUG|[118]|DEBUG|Anydatatype_msg*** Book Seller Book Seller Store26
06:18:43.286 (6940601813)|USER_DEBUG|[118]|DEBUG|Anydatatype_msg*** Book Seller Book Seller Store27
06:18:43.286 (6940668509)|USER_DEBUG|[118]|DEBUG|Anydatatype_msg*** Book Seller Book Seller Store26
06:18:43.286 (6940735416)|USER_DEBUG|[118]|DEBUG|Anydatatype_msg*** Book Seller Book Seller Store27
06:18:43.286 (6940803141)|USER_DEBUG|[118]|DEBUG|Anydatatype_msg*** Book Seller Book Seller Store26
06:18:43.286 (6940869549)|USER_DEBUG|[118]|DEBUG|Anydatatype_msg*** Book Seller Book Seller Store27
06:18:43.286 (6940947081)|USER_DEBUG|[118]|DEBUG|Anydatatype_msg*** Book Seller Book Seller Store26
06:18:43.286 (6941016270)|USER_DEBUG|[118]|DEBUG|Anydatatype_msg*** Book Seller Book Seller Store25
06:18:43.286 (6941085064)|USER_DEBUG|[118]|DEBUG|Anydatatype_msg*** Book Seller Book Seller Store25
06:18:43.286 (6941156075)|USER_DEBUG|[118]|DEBUG|Anydatatype_msg*** Book Seller Book Seller Store25
06:18:43.286 (6941224585)|USER_DEBUG|[118]|DEBUG|Anydatatype_msg*** Book Seller Book Seller Store25
06:18:43.286 (6941291467)|USER_DEBUG|[118]|DEBUG|Anydatatype_msg*** Book Seller Book Seller Store25
06:18:43.286 (6941357752)|USER_DEBUG|[118]|DEBUG|Anydatatype_msg*** Book Seller Book Seller Store25
06:18:43.286 (6941424522)|USER_DEBUG|[118]|DEBUG|Anydatatype_msg*** Book Seller Book Seller Store25
06:18:43.286 (6941492406)|USER_DEBUG|[118]|DEBUG|Anydatatype_msg*** Book Seller Book Seller Store25
06:18:43.286 (6941564664)|USER_DEBUG|[118]|DEBUG|Anydatatype_msg*** Book Seller Book Seller Store25
06:18:43.286 (6941631646)|USER_DEBUG|[118]|DEBUG|Anydatatype_msg*** Book Seller Book Seller Store25
06:18:43.286 (6959363903)|CODE_UNIT_STARTED|[EXTERNAL]|01q11000000D55H|BookOrderTrigger on Book_Order trigger event BeforeUpdate for [a001100000Domqk]
06:18:43.286 (6959740716)|USER_DEBUG|[19]|DEBUG|eachBO***Book_Order__c:{Id=a001100000DomqkAAB, IsDeleted=false, Name=order_2, CreatedDate=2017-02-23 14:18:44, CreatedById=005410000028GkSAAU, LastModifiedDate=2017-02-23 14:18:44, LastModifiedById=005410000028GkSAAU, SystemModstamp=2017-02-23 14:18:44, LastViewedDate=null, LastReferencedDate=null, Contact__c=0031100001G0HuOAAV, Total_Cost__c=200.00, Order_Status__c=Ordered}
06:18:43.286 (6959855875)|USER_DEBUG|[23]|DEBUG|setBookOrderId***{a001100000DomqkAAB}
06:18:43.286 (6975024104)|USER_DEBUG|[40]|DEBUG|mapBOLineItem***10
06:18:43.286 (7012948742)|USER_DEBUG|[64]|DEBUG|lstBooks***()
06:18:43.286 (7017007150)|USER_DEBUG|[76]|DEBUG|mapCount***{}
06:18:43.286 (7017070955)|USER_DEBUG|[84]|DEBUG|ReqAccId***{}
06:18:43.286 (7019364253)|USER_DEBUG|[105]|DEBUG|FinalBookcount***null
06:18:43.286 (7019418445)|USER_DEBUG|[106]|DEBUG|lstFinalPrdUpdate***()
06:18:43.286 (7043157744)|CODE_UNIT_FINISHED|BookOrderTrigger on Book_Order trigger event BeforeUpdate for [a001100000Domqk]
06:18:43.286 (7060545330)|EXCEPTION_THROWN|[132]|System.AssertException: Assertion Failed: Expected: Backordered, Actual: Shipped
06:18:43.286 (7060668143)|FATAL_ERROR|System.AssertException: Assertion Failed: Expected: Backordered, Actual: Shipped

Class.BookListControllerTest.TestMethodOne: line 132, column 1
06:18:43.286 (7060708340)|FATAL_ERROR|System.AssertException: Assertion Failed: Expected: Backordered, Actual: Shipped

Class.BookListControllerTest.TestMethodOne: line 132, column 1
06:18:43.286 (7060721336)|CODE_UNIT_FINISHED|BookListControllerTest.TestMethodOne
06:18:43.286 (7062433689)|EXECUTION_FINISHED
