39.0 APEX_CODE,DEBUG;APEX_PROFILING,NONE;CALLOUT,NONE;DB,NONE;SYSTEM,DEBUG;VALIDATION,NONE;VISUALFORCE,NONE;WAVE,NONE;WORKFLOW,NONE
05:43:34.0 (855426)|USER_INFO|[EXTERNAL]|005410000028GkS|candidate@829258advdev.com.devbox|Pacific Standard Time|GMT-08:00
05:43:34.0 (897707)|EXECUTION_STARTED
05:43:34.0 (901191)|CODE_UNIT_STARTED|[EXTERNAL]|01p11000000FzFc|BookOrderPageControllerTest.TestMethodFour
05:43:38.713 (4713257699)|CODE_UNIT_STARTED|[EXTERNAL]|Workflow:Product2
05:43:38.713 (5130035889)|CODE_UNIT_FINISHED|Workflow:Product2
05:43:38.713 (5394323560)|CODE_UNIT_STARTED|[EXTERNAL]|Workflow:Product2
05:43:38.713 (5560346138)|CODE_UNIT_FINISHED|Workflow:Product2
05:43:39.970 (5970053975)|CODE_UNIT_STARTED|[EXTERNAL]|Workflow:Product2
05:43:39.970 (6245004291)|CODE_UNIT_FINISHED|Workflow:Product2
05:43:39.970 (6671337837)|CODE_UNIT_STARTED|[EXTERNAL]|Workflow:Product2
05:43:41.52 (7052216591)|CODE_UNIT_FINISHED|Workflow:Product2
05:43:41.52 (7435660492)|CODE_UNIT_STARTED|[EXTERNAL]|Workflow:Product2
05:43:41.52 (7763448575)|CODE_UNIT_FINISHED|Workflow:Product2
05:43:41.52 (8038596185)|CODE_UNIT_STARTED|[EXTERNAL]|Workflow:Contact
05:43:42.85 (8085030304)|CODE_UNIT_FINISHED|Workflow:Contact
05:43:42.85 (8133879846)|SYSTEM_MODE_ENTER|false
05:43:42.85 (8133891702)|SYSTEM_MODE_EXIT|false
05:43:42.85 (8133945703)|SYSTEM_MODE_ENTER|false
05:43:42.85 (8134364894)|VF_PAGE_MESSAGE|Book Order ID is Missing
05:43:42.85 (8134375270)|SYSTEM_MODE_EXIT|false
05:43:42.85 (8136655502)|CODE_UNIT_FINISHED|BookOrderPageControllerTest.TestMethodFour
05:43:42.85 (8138324925)|EXECUTION_FINISHED
05:43:43.543 (9543177669)|USER_INFO|[EXTERNAL]|005410000028GkS|candidate@829258advdev.com.devbox|Pacific Standard Time|GMT-08:00
05:43:43.543 (9543195925)|EXECUTION_STARTED
05:43:43.543 (9543199618)|CODE_UNIT_STARTED|[EXTERNAL]|01p11000000FzFc|BookOrderPageControllerTest.TestMethodOne
05:43:47.224 (13224733905)|CODE_UNIT_STARTED|[EXTERNAL]|Workflow:Product2
05:43:47.224 (13524329551)|CODE_UNIT_FINISHED|Workflow:Product2
05:43:47.224 (13686177834)|CODE_UNIT_STARTED|[EXTERNAL]|Workflow:Product2
05:43:47.224 (13839823940)|CODE_UNIT_FINISHED|Workflow:Product2
05:43:47.224 (14141188817)|CODE_UNIT_STARTED|[EXTERNAL]|Workflow:Product2
05:43:48.432 (14432492798)|CODE_UNIT_FINISHED|Workflow:Product2
05:43:48.432 (14747460694)|CODE_UNIT_STARTED|[EXTERNAL]|Workflow:Product2
05:43:48.432 (15069407758)|CODE_UNIT_FINISHED|Workflow:Product2
05:43:48.432 (15401185290)|CODE_UNIT_STARTED|[EXTERNAL]|Workflow:Product2
05:43:49.714 (15714810315)|CODE_UNIT_FINISHED|Workflow:Product2
05:43:49.714 (16041577942)|CODE_UNIT_STARTED|[EXTERNAL]|Workflow:Contact
05:43:49.714 (16063125698)|CODE_UNIT_FINISHED|Workflow:Contact
05:43:49.714 (16092167597)|USER_DEBUG|[68]|DEBUG|lstPrd (Product2:{Account__c=0011100001LcVFkAAN, Id=01t11000006flMVAAY, Name=Book_59, Family=Hardcover, Current_Price__c=20.00}, Product2:{Account__c=0011100001LcVFkAAN, Id=01t11000006flLYAAY, Name=Book_0, Family=Collection, Current_Price__c=20.00}, Product2:{Account__c=0011100001LcVFkAAN, Id=01t11000006flMTAAY, Name=Book_57, Family=Hardcover, Current_Price__c=20.00}, Product2:{Account__c=0011100001LcVFkAAN, Id=01t11000006flMSAAY, Name=Book_56, Family=Hardcover, Current_Price__c=20.00}, Product2:{Account__c=0011100001LcVFkAAN, Id=01t11000006flMRAAY, Name=Book_55, Family=Hardcover, Current_Price__c=20.00}, Product2:{Account__c=0011100001LcVFkAAN, Id=01t11000006flMQAAY, Name=Book_54, Family=Hardcover, Current_Price__c=20.00}, Product2:{Account__c=0011100001LcVFkAAN, Id=01t11000006flMPAAY, Name=Book_53, Family=Hardcover, Current_Price__c=20.00}, Product2:{Account__c=0011100001LcVFkAAN, Id=01t11000006flMOAAY, Name=Book_52, Family=Hardcover, Current_Price__c=20.00}, Product2:{Account__c=0011100001LcVFkAAN, Id=01t11000006flMNAAY, Name=Book_51, Family=Hardcover, Current_Price__c=20.00}, Product2:{Account__c=0011100001LcVFkAAN, Id=01t11000006flMMAAY, Name=Book_50, Family=Hardcover, Current_Price__c=20.00}, ...)
05:43:49.714 (16095549860)|USER_DEBUG|[74]|DEBUG|Test dataBook_Order__c:{Id=a001100000DbFAJAA3, Name=order_2, Contact__c=0031100001Fv6jfAAB}
05:43:49.714 (16100875737)|SYSTEM_MODE_ENTER|false
05:43:49.714 (16100884369)|SYSTEM_MODE_EXIT|false
05:43:49.714 (16100933155)|SYSTEM_MODE_ENTER|false
05:43:49.714 (16128940568)|SYSTEM_MODE_EXIT|false
05:43:49.714 (16129089155)|SYSTEM_MODE_ENTER|false
05:43:49.714 (16163087899)|CODE_UNIT_STARTED|[EXTERNAL]|01q11000000D4Gi|BookOrder on Book_Order trigger event BeforeUpdate for [a001100000DbFAJ]
05:43:49.714 (16185880389)|USER_DEBUG|[81]|DEBUG|List of Book Names{}
05:43:49.714 (16185964445)|USER_DEBUG|[99]|DEBUG|List of Wharehouse accounts()
05:43:49.714 (16186115688)|USER_DEBUG|[163]|DEBUG|Final update to Product{}
05:43:49.714 (16187471621)|CODE_UNIT_FINISHED|BookOrder on Book_Order trigger event BeforeUpdate for [a001100000DbFAJ]
05:43:49.714 (16203322020)|USER_DEBUG|[76]|DEBUG|test0.00
05:43:49.714 (16203346357)|SYSTEM_MODE_EXIT|false
05:43:49.714 (16203465902)|SYSTEM_MODE_ENTER|false
05:43:49.714 (16229049778)|CODE_UNIT_STARTED|[EXTERNAL]|01q11000000D4Gi|BookOrder on Book_Order trigger event BeforeUpdate for [a001100000DbFAJ]
05:43:49.714 (16252907124)|USER_DEBUG|[81]|DEBUG|List of Book Names{}
05:43:49.714 (16252961971)|USER_DEBUG|[99]|DEBUG|List of Wharehouse accounts()
05:43:49.714 (16253048077)|USER_DEBUG|[163]|DEBUG|Final update to Product{}
05:43:49.714 (16255003940)|CODE_UNIT_FINISHED|BookOrder on Book_Order trigger event BeforeUpdate for [a001100000DbFAJ]
05:43:49.714 (16292402007)|USER_DEBUG|[76]|DEBUG|test0.00
05:43:49.714 (16292419554)|SYSTEM_MODE_EXIT|false
05:43:49.714 (16309955884)|SYSTEM_MODE_ENTER|false
05:43:49.714 (16310126083)|USER_DEBUG|[109]|DEBUG|Count1--0
05:43:49.714 (16310182515)|USER_DEBUG|[111]|DEBUG|Count2--0
05:43:49.714 (16670604200)|CODE_UNIT_STARTED|[EXTERNAL]|01q11000000D4Gi|BookOrder on Book_Order trigger event BeforeUpdate for [a001100000DbFAJ]
05:43:49.714 (16687194812)|USER_DEBUG|[81]|DEBUG|List of Book Names{}
05:43:49.714 (16687246456)|USER_DEBUG|[99]|DEBUG|List of Wharehouse accounts()
05:43:49.714 (16687332028)|USER_DEBUG|[163]|DEBUG|Final update to Product{}
05:43:49.714 (16688729599)|CODE_UNIT_FINISHED|BookOrder on Book_Order trigger event BeforeUpdate for [a001100000DbFAJ]
05:43:49.714 (16704556544)|USER_DEBUG|[76]|DEBUG|test0.00
05:43:49.714 (16710096645)|SYSTEM_MODE_EXIT|false
05:43:50.716 (16716679880)|SYSTEM_MODE_ENTER|false
05:43:50.716 (16739627050)|USER_DEBUG|[76]|DEBUG|test0.00
05:43:50.716 (16739991110)|SYSTEM_MODE_EXIT|false
05:43:50.716 (16740135782)|SYSTEM_MODE_ENTER|false
05:43:50.716 (16749331881)|CODE_UNIT_STARTED|[EXTERNAL]|01q11000000D4Gi|BookOrder on Book_Order trigger event BeforeUpdate for [a001100000DbFAJ]
05:43:50.716 (16779837574)|USER_DEBUG|[81]|DEBUG|List of Book Names{a001100000DbFAJAA3={}}
05:43:50.716 (16779906191)|USER_DEBUG|[99]|DEBUG|List of Wharehouse accounts()
05:43:50.716 (16780305816)|USER_DEBUG|[163]|DEBUG|Final update to Product{}
05:43:50.716 (16781907397)|CODE_UNIT_FINISHED|BookOrder on Book_Order trigger event BeforeUpdate for [a001100000DbFAJ]
05:43:50.716 (16793201840)|SYSTEM_MODE_EXIT|false
05:43:50.716 (16795058993)|CODE_UNIT_FINISHED|BookOrderPageControllerTest.TestMethodOne
05:43:50.716 (16796450950)|EXECUTION_FINISHED
05:43:52.120 (18120652733)|USER_INFO|[EXTERNAL]|005410000028GkS|candidate@829258advdev.com.devbox|Pacific Standard Time|GMT-08:00
05:43:52.120 (18120667955)|EXECUTION_STARTED
05:43:52.120 (18120671789)|CODE_UNIT_STARTED|[EXTERNAL]|01p11000000FzFc|BookOrderPageControllerTest.TestMethodTwo
05:43:55.509 (21509739306)|CODE_UNIT_STARTED|[EXTERNAL]|Workflow:Product2
05:43:55.509 (21795333771)|CODE_UNIT_FINISHED|Workflow:Product2
05:43:55.509 (21926265098)|CODE_UNIT_STARTED|[EXTERNAL]|Workflow:Product2
05:43:55.509 (22062309987)|CODE_UNIT_FINISHED|Workflow:Product2
05:43:55.509 (22354732637)|CODE_UNIT_STARTED|[EXTERNAL]|Workflow:Product2
05:43:56.632 (22632726434)|CODE_UNIT_FINISHED|Workflow:Product2
05:43:56.632 (23027239477)|CODE_UNIT_STARTED|[EXTERNAL]|Workflow:Product2
05:43:56.632 (23331615447)|CODE_UNIT_FINISHED|Workflow:Product2
05:43:57.653 (23653769337)|CODE_UNIT_STARTED|[EXTERNAL]|Workflow:Product2
05:43:57.653 (23972700745)|CODE_UNIT_FINISHED|Workflow:Product2
05:43:57.653 (24216420618)|CODE_UNIT_STARTED|[EXTERNAL]|Workflow:Contact
05:43:57.653 (24242854022)|CODE_UNIT_FINISHED|Workflow:Contact
05:43:57.653 (24354695838)|SYSTEM_MODE_ENTER|false
05:43:57.653 (24354707325)|SYSTEM_MODE_EXIT|false
05:43:57.653 (24354754027)|SYSTEM_MODE_ENTER|false
05:43:57.653 (24376372359)|SYSTEM_MODE_EXIT|false
05:43:57.653 (24376476679)|SYSTEM_MODE_ENTER|false
05:43:57.653 (24395283491)|VF_PAGE_MESSAGE|Required fields are missing: [Price_Each__c]
05:43:57.653 (24395382018)|EXCEPTION_THROWN|[93]|System.DmlException: Upsert failed. First exception on row 0; first error: REQUIRED_FIELD_MISSING, Required fields are missing: [Price_Each__c]: [Price_Each__c]
05:43:57.653 (24427623965)|VF_PAGE_MESSAGE|Upsert failed. First exception on row 0; first error: REQUIRED_FIELD_MISSING, Required fields are missing: [Price_Each__c]: [Price_Each__c]
05:43:57.653 (24427839637)|USER_DEBUG|[76]|DEBUG|test0.00
05:43:57.653 (24427859807)|SYSTEM_MODE_EXIT|false
05:43:57.653 (24427905694)|SYSTEM_MODE_ENTER|false
05:43:57.653 (24428729203)|EXCEPTION_THROWN|[151]|System.DmlException: Update failed. First exception on row 0; first error: MISSING_ARGUMENT, Id not specified in an update call: []
05:43:57.653 (24436277965)|VF_PAGE_MESSAGE|Update failed. First exception on row 0; first error: MISSING_ARGUMENT, Id not specified in an update call: []
05:43:57.653 (24436436071)|USER_DEBUG|[76]|DEBUG|test0.00
05:43:57.653 (24436716300)|SYSTEM_MODE_EXIT|false
05:43:57.653 (24436771143)|SYSTEM_MODE_ENTER|false
05:43:57.653 (24436865973)|USER_DEBUG|[109]|DEBUG|Count1--0
05:43:57.653 (24436906623)|USER_DEBUG|[111]|DEBUG|Count2--0
05:43:57.653 (24437291465)|EXCEPTION_THROWN|[117]|System.ListException: Missing id at index: 0
05:43:57.653 (24443452918)|VF_PAGE_MESSAGE|Missing id at index: 0
05:43:57.653 (24443530067)|USER_DEBUG|[76]|DEBUG|test0.00
05:43:57.653 (24453001736)|SYSTEM_MODE_EXIT|false
05:43:57.653 (24453041586)|SYSTEM_MODE_ENTER|false
05:43:57.653 (24464294653)|CODE_UNIT_STARTED|[EXTERNAL]|01q11000000D4Gi|BookOrder on Book_Order trigger event BeforeUpdate for [a001100000DbFAK]
05:43:57.653 (24471890115)|USER_DEBUG|[81]|DEBUG|List of Book Names{a001100000DbFAKAA3={}}
05:43:57.653 (24471941968)|USER_DEBUG|[99]|DEBUG|List of Wharehouse accounts()
05:43:57.653 (24472109064)|USER_DEBUG|[163]|DEBUG|Final update to Product{}
05:43:57.653 (24473868749)|CODE_UNIT_FINISHED|BookOrder on Book_Order trigger event BeforeUpdate for [a001100000DbFAK]
05:43:57.653 (24488160504)|SYSTEM_MODE_EXIT|false
05:43:57.653 (24490718726)|CODE_UNIT_FINISHED|BookOrderPageControllerTest.TestMethodTwo
05:43:57.653 (24492013654)|EXECUTION_FINISHED
