39.0 APEX_CODE,DEBUG;APEX_PROFILING,NONE;CALLOUT,NONE;DB,NONE;SYSTEM,NONE;VALIDATION,NONE;VISUALFORCE,NONE;WAVE,NONE;WORKFLOW,NONE
06:25:58.1 (1448084)|USER_INFO|[EXTERNAL]|005410000028GkS|candidate@829258advdev.com.devbox|Pacific Standard Time|GMT-08:00
06:25:58.1 (1488839)|EXECUTION_STARTED
06:25:58.1 (1494110)|CODE_UNIT_STARTED|[EXTERNAL]|01p11000000FzFc|BookOrderPageControllerTest.TestMethodFour
06:26:01.760 (3760090183)|CODE_UNIT_STARTED|[EXTERNAL]|Workflow:Product2
06:26:01.760 (4053671632)|CODE_UNIT_FINISHED|Workflow:Product2
06:26:01.760 (4199035191)|CODE_UNIT_STARTED|[EXTERNAL]|Workflow:Product2
06:26:01.760 (4339496500)|CODE_UNIT_FINISHED|Workflow:Product2
06:26:01.760 (4644836651)|CODE_UNIT_STARTED|[EXTERNAL]|Workflow:Product2
06:26:02.932 (4932281281)|CODE_UNIT_FINISHED|Workflow:Product2
06:26:02.932 (5218913406)|CODE_UNIT_STARTED|[EXTERNAL]|Workflow:Product2
06:26:02.932 (5495138788)|CODE_UNIT_FINISHED|Workflow:Product2
06:26:02.932 (5795413953)|CODE_UNIT_STARTED|[EXTERNAL]|Workflow:Product2
06:26:04.114 (6114217832)|CODE_UNIT_FINISHED|Workflow:Product2
06:26:04.114 (7034063452)|CODE_UNIT_STARTED|[EXTERNAL]|Workflow:Contact
06:26:04.114 (7075086512)|CODE_UNIT_FINISHED|Workflow:Contact
06:26:05.149 (7149047491)|VF_PAGE_MESSAGE|Book Order ID is Missing
06:26:05.149 (7152413984)|CODE_UNIT_FINISHED|BookOrderPageControllerTest.TestMethodFour
06:26:05.149 (7154097004)|EXECUTION_FINISHED
06:26:06.712 (8712913094)|USER_INFO|[EXTERNAL]|005410000028GkS|candidate@829258advdev.com.devbox|Pacific Standard Time|GMT-08:00
06:26:06.712 (8712939902)|EXECUTION_STARTED
06:26:06.712 (8712945944)|CODE_UNIT_STARTED|[EXTERNAL]|01p11000000FzFc|BookOrderPageControllerTest.TestMethodOne
06:26:10.388 (12388064097)|CODE_UNIT_STARTED|[EXTERNAL]|Workflow:Product2
06:26:10.388 (12668760544)|CODE_UNIT_FINISHED|Workflow:Product2
06:26:10.388 (12792084474)|CODE_UNIT_STARTED|[EXTERNAL]|Workflow:Product2
06:26:10.388 (12954505204)|CODE_UNIT_FINISHED|Workflow:Product2
06:26:10.388 (13273908221)|CODE_UNIT_STARTED|[EXTERNAL]|Workflow:Product2
06:26:11.513 (13513665031)|CODE_UNIT_FINISHED|Workflow:Product2
06:26:11.513 (13798915186)|CODE_UNIT_STARTED|[EXTERNAL]|Workflow:Product2
06:26:11.513 (14071821501)|CODE_UNIT_FINISHED|Workflow:Product2
06:26:11.513 (14394875524)|CODE_UNIT_STARTED|[EXTERNAL]|Workflow:Product2
06:26:12.682 (14682131830)|CODE_UNIT_FINISHED|Workflow:Product2
06:26:12.682 (15547679038)|CODE_UNIT_STARTED|[EXTERNAL]|Workflow:Contact
06:26:12.682 (15574761569)|CODE_UNIT_FINISHED|Workflow:Contact
06:26:12.682 (15609054024)|USER_DEBUG|[68]|DEBUG|lstPrd 300
06:26:12.682 (15653986166)|USER_DEBUG|[74]|DEBUG|Test dataBook_Order__c:{Id=a001100000DbFObAAN, Name=order_2, Contact__c=0031100001FvHvhAAF}
06:26:13.723 (15723703491)|EXCEPTION_THROWN|[83]|System.AssertException: Assertion Failed: Expected: 01t11000006g5xXAAQ, Actual: null
06:26:13.723 (15723847240)|FATAL_ERROR|System.AssertException: Assertion Failed: Expected: 01t11000006g5xXAAQ, Actual: null

Class.BookOrderPageController.addToShoppingCart: line 83, column 1
Class.BookOrderPageControllerTest.TestMethodOne: line 89, column 1
06:26:13.723 (15723859295)|FATAL_ERROR|System.AssertException: Assertion Failed: Expected: 01t11000006g5xXAAQ, Actual: null

Class.BookOrderPageController.addToShoppingCart: line 83, column 1
Class.BookOrderPageControllerTest.TestMethodOne: line 89, column 1
06:26:13.723 (15723870958)|CODE_UNIT_FINISHED|BookOrderPageControllerTest.TestMethodOne
06:26:13.723 (15726423921)|EXECUTION_FINISHED
06:26:14.952 (16952939681)|USER_INFO|[EXTERNAL]|005410000028GkS|candidate@829258advdev.com.devbox|Pacific Standard Time|GMT-08:00
06:26:14.952 (16952959720)|EXECUTION_STARTED
06:26:14.952 (16952964512)|CODE_UNIT_STARTED|[EXTERNAL]|01p11000000FzFc|BookOrderPageControllerTest.TestMethodTwo
06:26:18.598 (20598665672)|CODE_UNIT_STARTED|[EXTERNAL]|Workflow:Product2
06:26:18.598 (20846574614)|CODE_UNIT_FINISHED|Workflow:Product2
06:26:18.598 (20984112383)|CODE_UNIT_STARTED|[EXTERNAL]|Workflow:Product2
06:26:18.598 (21135647657)|CODE_UNIT_FINISHED|Workflow:Product2
06:26:18.598 (21419937557)|CODE_UNIT_STARTED|[EXTERNAL]|Workflow:Product2
06:26:19.662 (21662352139)|CODE_UNIT_FINISHED|Workflow:Product2
06:26:19.662 (21922834804)|CODE_UNIT_STARTED|[EXTERNAL]|Workflow:Product2
06:26:19.662 (22242393722)|CODE_UNIT_FINISHED|Workflow:Product2
06:26:19.662 (22513200442)|CODE_UNIT_STARTED|[EXTERNAL]|Workflow:Product2
06:26:20.792 (22792253304)|CODE_UNIT_FINISHED|Workflow:Product2
06:26:20.792 (23676204676)|CODE_UNIT_STARTED|[EXTERNAL]|Workflow:Contact
06:26:20.792 (23719530870)|CODE_UNIT_FINISHED|Workflow:Contact
06:26:21.999 (23999990114)|EXCEPTION_THROWN|[83]|System.AssertException: Assertion Failed: Expected: 01t11000006g6GtAAI, Actual: null
06:26:21.999 (24000152739)|FATAL_ERROR|System.AssertException: Assertion Failed: Expected: 01t11000006g6GtAAI, Actual: null

Class.BookOrderPageController.addToShoppingCart: line 83, column 1
Class.BookOrderPageControllerTest.TestMethodTwo: line 152, column 1
06:26:21.999 (24000164016)|FATAL_ERROR|System.AssertException: Assertion Failed: Expected: 01t11000006g6GtAAI, Actual: null

Class.BookOrderPageController.addToShoppingCart: line 83, column 1
Class.BookOrderPageControllerTest.TestMethodTwo: line 152, column 1
06:26:21.999 (24000178461)|CODE_UNIT_FINISHED|BookOrderPageControllerTest.TestMethodTwo
06:26:21.999 (24002322663)|EXECUTION_FINISHED
