39.0 APEX_CODE,DEBUG;APEX_PROFILING,NONE;CALLOUT,NONE;DB,NONE;SYSTEM,NONE;VALIDATION,NONE;VISUALFORCE,NONE;WAVE,NONE;WORKFLOW,NONE
12:22:55.0 (856863)|USER_INFO|[EXTERNAL]|005410000028GkS|candidate@829258advdev.com.devbox|Pacific Standard Time|GMT-08:00
12:22:55.0 (904376)|EXECUTION_STARTED
12:22:55.0 (909617)|CODE_UNIT_STARTED|[EXTERNAL]|01p11000000FzFc|BookOrderPageControllerTest.TestMethodFour
12:22:59.286 (4286481616)|CODE_UNIT_STARTED|[EXTERNAL]|Workflow:Product2
12:22:59.286 (5273286330)|CODE_UNIT_FINISHED|Workflow:Product2
12:23:00.484 (5484780439)|CODE_UNIT_STARTED|[EXTERNAL]|Workflow:Product2
12:23:00.484 (5623154650)|CODE_UNIT_FINISHED|Workflow:Product2
12:23:00.484 (5951697331)|CODE_UNIT_STARTED|[EXTERNAL]|Workflow:Product2
12:23:00.484 (6218669419)|CODE_UNIT_FINISHED|Workflow:Product2
12:23:01.593 (6593961657)|CODE_UNIT_STARTED|[EXTERNAL]|Workflow:Product2
12:23:01.593 (6871726510)|CODE_UNIT_FINISHED|Workflow:Product2
12:23:01.593 (7307518015)|CODE_UNIT_STARTED|[EXTERNAL]|Workflow:Product2
12:23:01.593 (7582116831)|CODE_UNIT_FINISHED|Workflow:Product2
12:23:02.814 (7814744076)|USER_DEBUG|[59]|DEBUG|test_1520
12:23:02.814 (7956425433)|CODE_UNIT_STARTED|[EXTERNAL]|Workflow:Contact
12:23:02.814 (7995565439)|CODE_UNIT_FINISHED|Workflow:Contact
12:23:02.814 (8055775169)|VF_PAGE_MESSAGE|Book Order ID is Missing
12:23:02.814 (8057523911)|CODE_UNIT_FINISHED|BookOrderPageControllerTest.TestMethodFour
12:23:02.814 (8059223051)|EXECUTION_FINISHED
12:23:04.201 (9201777603)|USER_INFO|[EXTERNAL]|005410000028GkS|candidate@829258advdev.com.devbox|Pacific Standard Time|GMT-08:00
12:23:04.201 (9201797750)|EXECUTION_STARTED
12:23:04.201 (9201802130)|CODE_UNIT_STARTED|[EXTERNAL]|01p11000000FzFc|BookOrderPageControllerTest.TestMethodOne
12:23:07.732 (12732733493)|CODE_UNIT_STARTED|[EXTERNAL]|Workflow:Product2
12:23:07.732 (13019338715)|CODE_UNIT_FINISHED|Workflow:Product2
12:23:07.732 (13143331358)|CODE_UNIT_STARTED|[EXTERNAL]|Workflow:Product2
12:23:07.732 (13293253852)|CODE_UNIT_FINISHED|Workflow:Product2
12:23:07.732 (13636963043)|CODE_UNIT_STARTED|[EXTERNAL]|Workflow:Product2
12:23:08.997 (13997247156)|CODE_UNIT_FINISHED|Workflow:Product2
12:23:08.997 (14342964178)|CODE_UNIT_STARTED|[EXTERNAL]|Workflow:Product2
12:23:08.997 (14651457378)|CODE_UNIT_FINISHED|Workflow:Product2
12:23:10.13 (15013779085)|CODE_UNIT_STARTED|[EXTERNAL]|Workflow:Product2
12:23:10.13 (15324200455)|CODE_UNIT_FINISHED|Workflow:Product2
12:23:10.13 (15555625200)|USER_DEBUG|[59]|DEBUG|test_1520
12:23:10.13 (15941150388)|CODE_UNIT_STARTED|[EXTERNAL]|Workflow:Contact
12:23:10.13 (15967136549)|CODE_UNIT_FINISHED|Workflow:Contact
12:23:10.13 (16002102262)|USER_DEBUG|[83]|DEBUG|lstPrd 50
12:23:10.13 (16005354037)|USER_DEBUG|[89]|DEBUG|Test dataBook_Order__c:{Id=a001100000DbOdlAAF, Name=order_2, Contact__c=0031100001G04PwAAJ}
12:23:11.93 (16093300622)|CODE_UNIT_STARTED|[EXTERNAL]|01q11000000D55H|RefactorTriiger on Book_Order trigger event BeforeUpdate for [a001100000DbOdl]
12:23:11.93 (16113282241)|USER_DEBUG|[52]|DEBUG|{}
12:23:11.93 (16113418324)|USER_DEBUG|[110]|DEBUG|List of Book Names{}
12:23:11.93 (16113518800)|USER_DEBUG|[128]|DEBUG|List of Wharehouse accounts()
12:23:11.93 (16113698138)|USER_DEBUG|[192]|DEBUG|Final update to Product{}
12:23:11.93 (16115467585)|CODE_UNIT_FINISHED|RefactorTriiger on Book_Order trigger event BeforeUpdate for [a001100000DbOdl]
12:23:11.93 (16152315616)|USER_DEBUG|[76]|DEBUG|test0.00
12:23:11.93 (16183158688)|CODE_UNIT_STARTED|[EXTERNAL]|01q11000000D55H|RefactorTriiger on Book_Order trigger event BeforeUpdate for [a001100000DbOdl]
12:23:11.93 (16210024654)|USER_DEBUG|[52]|DEBUG|{}
12:23:11.93 (16210076933)|USER_DEBUG|[110]|DEBUG|List of Book Names{}
12:23:11.93 (16210118427)|USER_DEBUG|[128]|DEBUG|List of Wharehouse accounts()
12:23:11.93 (16210213964)|USER_DEBUG|[192]|DEBUG|Final update to Product{}
12:23:11.93 (16211512406)|CODE_UNIT_FINISHED|RefactorTriiger on Book_Order trigger event BeforeUpdate for [a001100000DbOdl]
12:23:11.93 (16242816859)|USER_DEBUG|[76]|DEBUG|test0.00
12:23:11.93 (16248540302)|USER_DEBUG|[109]|DEBUG|Count1--0
12:23:11.93 (16248598753)|USER_DEBUG|[111]|DEBUG|Count2--0
12:23:11.93 (16373237973)|CODE_UNIT_STARTED|[EXTERNAL]|01q11000000D55H|RefactorTriiger on Book_Order trigger event BeforeUpdate for [a001100000DbOdl]
12:23:11.93 (16388036883)|USER_DEBUG|[52]|DEBUG|{}
12:23:11.93 (16388092976)|USER_DEBUG|[110]|DEBUG|List of Book Names{}
12:23:11.93 (16388136304)|USER_DEBUG|[128]|DEBUG|List of Wharehouse accounts()
12:23:11.93 (16388226295)|USER_DEBUG|[192]|DEBUG|Final update to Product{}
12:23:11.93 (16389572369)|CODE_UNIT_FINISHED|RefactorTriiger on Book_Order trigger event BeforeUpdate for [a001100000DbOdl]
12:23:11.93 (16404606872)|USER_DEBUG|[76]|DEBUG|test0.00
12:23:11.93 (16444264090)|USER_DEBUG|[76]|DEBUG|test0.00
12:23:11.93 (16455535406)|CODE_UNIT_STARTED|[EXTERNAL]|01q11000000D55H|RefactorTriiger on Book_Order trigger event BeforeUpdate for [a001100000DbOdl]
12:23:11.93 (16472218758)|USER_DEBUG|[52]|DEBUG|{}
12:23:11.93 (16472282520)|USER_DEBUG|[110]|DEBUG|List of Book Names{a001100000DbOdlAAF={Book_98=1}}
12:23:11.93 (16492240470)|USER_DEBUG|[128]|DEBUG|List of Wharehouse accounts(Account:{Id=0011100001Ld1sEAAR, Name=Warehouse0}, Account:{Id=0011100001Ld1vxAAB, Name=Warehouse0}, Account:{Id=0011100001Ld1lKAAR, Name=Warehouse0}, Account:{Id=0011100001Ld1sFAAR, Name=Warehouse1}, Account:{Id=0011100001Ld1vyAAB, Name=Warehouse1}, Account:{Id=0011100001Ld1lLAAR, Name=Warehouse1}, Account:{Id=0011100001Ld1sOAAR, Name=Warehouse10}, Account:{Id=0011100001Ld1lUAAR, Name=Warehouse10}, Account:{Id=0011100001Ld1w7AAB, Name=Warehouse10}, Account:{Id=0011100001Ld1sPAAR, Name=Warehouse11}, ...)
12:23:11.93 (16508596358)|USER_DEBUG|[192]|DEBUG|Final update to Product{}
12:23:11.93 (16510043957)|CODE_UNIT_FINISHED|RefactorTriiger on Book_Order trigger event BeforeUpdate for [a001100000DbOdl]
12:23:11.93 (16523148957)|CODE_UNIT_FINISHED|BookOrderPageControllerTest.TestMethodOne
12:23:11.93 (16524343647)|EXECUTION_FINISHED
12:23:12.604 (17604300977)|USER_INFO|[EXTERNAL]|005410000028GkS|candidate@829258advdev.com.devbox|Pacific Standard Time|GMT-08:00
12:23:12.604 (17604323440)|EXECUTION_STARTED
12:23:12.604 (17604329820)|CODE_UNIT_STARTED|[EXTERNAL]|01p11000000FzFc|BookOrderPageControllerTest.TestMethodTwo
12:23:16.98 (21098493014)|CODE_UNIT_STARTED|[EXTERNAL]|Workflow:Product2
12:23:16.98 (21367218830)|CODE_UNIT_FINISHED|Workflow:Product2
12:23:16.98 (21508618823)|CODE_UNIT_STARTED|[EXTERNAL]|Workflow:Product2
12:23:16.98 (21654873476)|CODE_UNIT_FINISHED|Workflow:Product2
12:23:16.98 (21973949692)|CODE_UNIT_STARTED|[EXTERNAL]|Workflow:Product2
12:23:17.219 (22219531300)|CODE_UNIT_FINISHED|Workflow:Product2
12:23:17.219 (22466847064)|CODE_UNIT_STARTED|[EXTERNAL]|Workflow:Product2
12:23:17.219 (22757971457)|CODE_UNIT_FINISHED|Workflow:Product2
12:23:17.219 (23045566925)|CODE_UNIT_STARTED|[EXTERNAL]|Workflow:Product2
12:23:18.333 (23333105002)|CODE_UNIT_FINISHED|Workflow:Product2
12:23:18.333 (23544825622)|USER_DEBUG|[59]|DEBUG|test_1520
12:23:18.333 (23677594774)|CODE_UNIT_STARTED|[EXTERNAL]|Workflow:Contact
12:23:18.333 (23705392232)|CODE_UNIT_FINISHED|Workflow:Contact
12:23:18.333 (24107532509)|CODE_UNIT_STARTED|[EXTERNAL]|Workflow:Product2
12:23:18.333 (24118482394)|CODE_UNIT_FINISHED|Workflow:Product2
12:23:18.333 (24183403978)|VF_PAGE_MESSAGE|Required fields are missing: [Price_Each__c]
12:23:18.333 (24183501929)|EXCEPTION_THROWN|[93]|System.DmlException: Upsert failed. First exception on row 0; first error: REQUIRED_FIELD_MISSING, Required fields are missing: [Price_Each__c]: [Price_Each__c]
12:23:18.333 (24190251560)|VF_PAGE_MESSAGE|Upsert failed. First exception on row 0; first error: REQUIRED_FIELD_MISSING, Required fields are missing: [Price_Each__c]: [Price_Each__c]
12:23:18.333 (24190493387)|USER_DEBUG|[76]|DEBUG|test0.00
12:23:18.333 (24191215219)|EXCEPTION_THROWN|[151]|System.DmlException: Update failed. First exception on row 0; first error: MISSING_ARGUMENT, Id not specified in an update call: []
12:23:18.333 (24197223086)|VF_PAGE_MESSAGE|Update failed. First exception on row 0; first error: MISSING_ARGUMENT, Id not specified in an update call: []
12:23:18.333 (24197320383)|USER_DEBUG|[76]|DEBUG|test0.00
12:23:18.333 (24197742415)|USER_DEBUG|[109]|DEBUG|Count1--0
12:23:18.333 (24197786481)|USER_DEBUG|[111]|DEBUG|Count2--0
12:23:18.333 (24198226602)|EXCEPTION_THROWN|[117]|System.ListException: Missing id at index: 0
12:23:18.333 (24204229840)|VF_PAGE_MESSAGE|Missing id at index: 0
12:23:18.333 (24204307838)|USER_DEBUG|[76]|DEBUG|test0.00
12:23:18.333 (24229294077)|CODE_UNIT_STARTED|[EXTERNAL]|01q11000000D55H|RefactorTriiger on Book_Order trigger event BeforeUpdate for [a001100000DbOdm]
12:23:18.333 (24233930432)|USER_DEBUG|[52]|DEBUG|{}
12:23:18.333 (24233997175)|USER_DEBUG|[110]|DEBUG|List of Book Names{}
12:23:18.333 (24234048433)|USER_DEBUG|[128]|DEBUG|List of Wharehouse accounts()
12:23:18.333 (24234269526)|USER_DEBUG|[192]|DEBUG|Final update to Product{}
12:23:18.333 (24235699090)|CODE_UNIT_FINISHED|RefactorTriiger on Book_Order trigger event BeforeUpdate for [a001100000DbOdm]
12:23:18.333 (24250499380)|CODE_UNIT_FINISHED|BookOrderPageControllerTest.TestMethodTwo
12:23:18.333 (24251651056)|EXECUTION_FINISHED
