39.0 APEX_CODE,DEBUG;APEX_PROFILING,NONE;CALLOUT,NONE;DB,NONE;SYSTEM,NONE;VALIDATION,NONE;VISUALFORCE,NONE;WAVE,NONE;WORKFLOW,NONE
05:51:36.0 (462536)|USER_INFO|[EXTERNAL]|005410000028GkS|candidate@829258advdev.com.devbox|Pacific Standard Time|GMT-08:00
05:51:36.0 (521872)|EXECUTION_STARTED
05:51:36.0 (528690)|CODE_UNIT_STARTED|[EXTERNAL]|01p11000000Fz9e|BookListControllerTest.TestMethodOne
05:51:40.170 (4170697754)|CODE_UNIT_STARTED|[EXTERNAL]|Workflow:Product2
05:51:40.170 (4430639566)|CODE_UNIT_FINISHED|Workflow:Product2
05:51:40.170 (4571909902)|CODE_UNIT_STARTED|[EXTERNAL]|Workflow:Product2
05:51:40.170 (4702359331)|CODE_UNIT_FINISHED|Workflow:Product2
05:51:40.170 (5059558075)|CODE_UNIT_STARTED|[EXTERNAL]|Workflow:Product2
05:51:41.301 (5301738904)|CODE_UNIT_FINISHED|Workflow:Product2
05:51:41.301 (5635576936)|CODE_UNIT_STARTED|[EXTERNAL]|Workflow:Product2
05:51:41.301 (5919506449)|CODE_UNIT_FINISHED|Workflow:Product2
05:51:42.310 (6310227090)|CODE_UNIT_STARTED|[EXTERNAL]|Workflow:Product2
05:51:42.310 (6560371559)|CODE_UNIT_FINISHED|Workflow:Product2
05:51:42.310 (6825159150)|CODE_UNIT_STARTED|[EXTERNAL]|Workflow:Contact
05:51:42.310 (6859622843)|CODE_UNIT_FINISHED|Workflow:Contact
05:51:42.310 (6907313779)|USER_DEBUG|[92]|DEBUG|Test dataBook_Order__c:{Id=a001100000DompmAAB, Name=order_2, Contact__c=0031100001G0Hr5AAF}
05:51:42.310 (6907443553)|EXCEPTION_THROWN|[98]|System.NullPointerException: Attempt to de-reference a null object
05:51:42.310 (6907529996)|FATAL_ERROR|System.NullPointerException: Attempt to de-reference a null object

Class.BookListControllerTest.TestMethodOne: line 98, column 1
05:51:42.310 (6907554556)|FATAL_ERROR|System.NullPointerException: Attempt to de-reference a null object

Class.BookListControllerTest.TestMethodOne: line 98, column 1
05:51:42.310 (6907565070)|CODE_UNIT_FINISHED|BookListControllerTest.TestMethodOne
05:51:42.310 (6909130679)|EXECUTION_FINISHED
