39.0 APEX_CODE,DEBUG;APEX_PROFILING,NONE;CALLOUT,NONE;DB,NONE;SYSTEM,NONE;VALIDATION,NONE;VISUALFORCE,NONE;WAVE,NONE;WORKFLOW,NONE
06:05:15.0 (90098)|USER_INFO|[EXTERNAL]|005410000028GkS|candidate@829258advdev.com.devbox|Pacific Standard Time|GMT-08:00
06:05:15.0 (125031)|EXECUTION_STARTED
06:05:15.0 (129209)|CODE_UNIT_STARTED|[EXTERNAL]|01p11000000FzFc|BookOrderPageControllerTest.TestMethodFour
06:05:19.637 (4637930200)|CODE_UNIT_STARTED|[EXTERNAL]|Workflow:Product2
06:05:19.637 (4939884589)|CODE_UNIT_FINISHED|Workflow:Product2
06:05:19.637 (5218003826)|CODE_UNIT_STARTED|[EXTERNAL]|Workflow:Product2
06:05:19.637 (5370885092)|CODE_UNIT_FINISHED|Workflow:Product2
06:05:20.809 (5809590178)|CODE_UNIT_STARTED|[EXTERNAL]|Workflow:Product2
06:05:20.809 (6052194582)|CODE_UNIT_FINISHED|Workflow:Product2
06:05:20.809 (6488268023)|CODE_UNIT_STARTED|[EXTERNAL]|Workflow:Product2
06:05:21.861 (6861853611)|CODE_UNIT_FINISHED|Workflow:Product2
06:05:21.861 (7320983240)|CODE_UNIT_STARTED|[EXTERNAL]|Workflow:Product2
06:05:21.861 (7702182961)|CODE_UNIT_FINISHED|Workflow:Product2
06:05:23.675 (8675786834)|CODE_UNIT_STARTED|[EXTERNAL]|Workflow:Contact
06:05:23.675 (8712720513)|CODE_UNIT_FINISHED|Workflow:Contact
06:05:23.675 (8753329064)|VF_PAGE_MESSAGE|Book Order ID is Missing
06:05:23.675 (8755973889)|CODE_UNIT_FINISHED|BookOrderPageControllerTest.TestMethodFour
06:05:23.675 (8757293568)|EXECUTION_FINISHED
06:05:25.57 (10057371080)|USER_INFO|[EXTERNAL]|005410000028GkS|candidate@829258advdev.com.devbox|Pacific Standard Time|GMT-08:00
06:05:25.57 (10057386685)|EXECUTION_STARTED
06:05:25.57 (10057389939)|CODE_UNIT_STARTED|[EXTERNAL]|01p11000000FzFc|BookOrderPageControllerTest.TestMethodOne
06:05:28.838 (13838903350)|CODE_UNIT_STARTED|[EXTERNAL]|Workflow:Product2
06:05:28.838 (14140983950)|CODE_UNIT_FINISHED|Workflow:Product2
06:05:28.838 (14285413792)|CODE_UNIT_STARTED|[EXTERNAL]|Workflow:Product2
06:05:28.838 (14422626325)|CODE_UNIT_FINISHED|Workflow:Product2
06:05:28.838 (14736472108)|CODE_UNIT_STARTED|[EXTERNAL]|Workflow:Product2
06:05:29.978 (14978701792)|CODE_UNIT_FINISHED|Workflow:Product2
06:05:29.978 (15401722137)|CODE_UNIT_STARTED|[EXTERNAL]|Workflow:Product2
06:05:29.978 (15670789664)|CODE_UNIT_FINISHED|Workflow:Product2
06:05:31.39 (16039368291)|CODE_UNIT_STARTED|[EXTERNAL]|Workflow:Product2
06:05:31.39 (16335558396)|CODE_UNIT_FINISHED|Workflow:Product2
06:05:32.326 (17326028333)|CODE_UNIT_STARTED|[EXTERNAL]|Workflow:Contact
06:05:32.326 (17357919645)|CODE_UNIT_FINISHED|Workflow:Contact
06:05:32.326 (17394913905)|USER_DEBUG|[68]|DEBUG|lstPrd 300
06:05:32.326 (17433005270)|USER_DEBUG|[74]|DEBUG|Test dataBook_Order__c:{Id=a001100000DbFBgAAN, Name=order_2, Contact__c=0031100001Fv7K2AAJ}
06:05:32.326 (17487971515)|USER_DEBUG|[76]|DEBUG|test0.00
06:05:32.326 (17488173127)|USER_DEBUG|[76]|DEBUG|test0.00
06:05:32.326 (17492881305)|EXCEPTION_THROWN|[92]|System.AssertException: Assertion Failed: Expected: 2, Actual: 0
06:05:32.326 (17493047524)|FATAL_ERROR|System.AssertException: Assertion Failed: Expected: 2, Actual: 0

Class.BookOrderPageControllerTest.TestMethodOne: line 92, column 1
06:05:32.326 (17493057363)|FATAL_ERROR|System.AssertException: Assertion Failed: Expected: 2, Actual: 0

Class.BookOrderPageControllerTest.TestMethodOne: line 92, column 1
06:05:32.326 (17493067024)|CODE_UNIT_FINISHED|BookOrderPageControllerTest.TestMethodOne
06:05:32.326 (17494563770)|EXECUTION_FINISHED
06:05:33.817 (18817112525)|USER_INFO|[EXTERNAL]|005410000028GkS|candidate@829258advdev.com.devbox|Pacific Standard Time|GMT-08:00
06:05:33.817 (18817129071)|EXECUTION_STARTED
06:05:33.817 (18817132576)|CODE_UNIT_STARTED|[EXTERNAL]|01p11000000FzFc|BookOrderPageControllerTest.TestMethodTwo
06:05:37.739 (22739710308)|CODE_UNIT_STARTED|[EXTERNAL]|Workflow:Product2
06:05:37.739 (23013666296)|CODE_UNIT_FINISHED|Workflow:Product2
06:05:37.739 (23159038275)|CODE_UNIT_STARTED|[EXTERNAL]|Workflow:Product2
06:05:37.739 (23298579452)|CODE_UNIT_FINISHED|Workflow:Product2
06:05:37.739 (23603914221)|CODE_UNIT_STARTED|[EXTERNAL]|Workflow:Product2
06:05:38.880 (23880859562)|CODE_UNIT_FINISHED|Workflow:Product2
06:05:38.880 (24200236342)|CODE_UNIT_STARTED|[EXTERNAL]|Workflow:Product2
06:05:38.880 (24494238669)|CODE_UNIT_FINISHED|Workflow:Product2
06:05:38.880 (24801491147)|CODE_UNIT_STARTED|[EXTERNAL]|Workflow:Product2
06:05:40.62 (25062410962)|CODE_UNIT_FINISHED|Workflow:Product2
06:05:40.62 (25945246615)|CODE_UNIT_STARTED|[EXTERNAL]|Workflow:Contact
06:05:40.62 (25971334538)|CODE_UNIT_FINISHED|Workflow:Contact
06:05:41.269 (26269779825)|USER_DEBUG|[76]|DEBUG|test0.00
06:05:41.269 (26269946397)|USER_DEBUG|[76]|DEBUG|test0.00
06:05:41.269 (26270546511)|USER_DEBUG|[76]|DEBUG|test0.00
06:05:41.269 (26310914475)|CODE_UNIT_STARTED|[EXTERNAL]|01q11000000D4Gi|BookOrder on Book_Order trigger event BeforeUpdate for [a001100000DbFBh]
06:05:41.269 (26321352367)|USER_DEBUG|[81]|DEBUG|List of Book Names{a001100000DbFBhAAN={}}
06:05:41.269 (26321428859)|USER_DEBUG|[99]|DEBUG|List of Wharehouse accounts()
06:05:41.269 (26321709276)|USER_DEBUG|[163]|DEBUG|Final update to Product{}
06:05:41.269 (26323356981)|CODE_UNIT_FINISHED|BookOrder on Book_Order trigger event BeforeUpdate for [a001100000DbFBh]
06:05:41.269 (26338683896)|CODE_UNIT_FINISHED|BookOrderPageControllerTest.TestMethodTwo
06:05:41.269 (26340129300)|EXECUTION_FINISHED
