39.0 APEX_CODE,DEBUG;APEX_PROFILING,NONE;CALLOUT,NONE;DB,NONE;SYSTEM,NONE;VALIDATION,NONE;VISUALFORCE,NONE;WAVE,NONE;WORKFLOW,NONE
06:58:37.0 (900371)|USER_INFO|[EXTERNAL]|005410000028GkS|candidate@829258advdev.com.devbox|Pacific Standard Time|GMT-08:00
06:58:37.0 (944455)|EXECUTION_STARTED
06:58:37.0 (949802)|CODE_UNIT_STARTED|[EXTERNAL]|01p11000000FzFc|BookOrderPageControllerTest.TestMethodFour
06:58:40.387 (3387984311)|CODE_UNIT_STARTED|[EXTERNAL]|Workflow:Product2
06:58:40.387 (3647643336)|CODE_UNIT_FINISHED|Workflow:Product2
06:58:40.387 (3764347543)|CODE_UNIT_STARTED|[EXTERNAL]|Workflow:Product2
06:58:40.387 (3883592150)|CODE_UNIT_FINISHED|Workflow:Product2
06:58:40.387 (4159425634)|CODE_UNIT_STARTED|[EXTERNAL]|Workflow:Product2
06:58:41.437 (4437454665)|CODE_UNIT_FINISHED|Workflow:Product2
06:58:41.437 (4685254154)|CODE_UNIT_STARTED|[EXTERNAL]|Workflow:Product2
06:58:41.437 (4949695337)|CODE_UNIT_FINISHED|Workflow:Product2
06:58:41.437 (5194322791)|CODE_UNIT_STARTED|[EXTERNAL]|Workflow:Product2
06:58:42.457 (5457173026)|CODE_UNIT_FINISHED|Workflow:Product2
06:58:42.457 (5730695582)|USER_DEBUG|[60]|DEBUG|test_1520
06:58:42.457 (5890873469)|CODE_UNIT_STARTED|[EXTERNAL]|Workflow:Contact
06:58:42.457 (5927881403)|CODE_UNIT_FINISHED|Workflow:Contact
06:58:42.457 (5998864160)|VF_PAGE_MESSAGE|Book Order ID is Missing
06:58:42.457 (6001419055)|CODE_UNIT_FINISHED|BookOrderPageControllerTest.TestMethodFour
06:58:42.457 (6002920812)|EXECUTION_FINISHED
06:58:44.396 (7396701570)|USER_INFO|[EXTERNAL]|005410000028GkS|candidate@829258advdev.com.devbox|Pacific Standard Time|GMT-08:00
06:58:44.396 (7396726787)|EXECUTION_STARTED
06:58:44.396 (7396730672)|CODE_UNIT_STARTED|[EXTERNAL]|01p11000000FzFc|BookOrderPageControllerTest.TestMethodOne
06:58:48.56 (11056220315)|CODE_UNIT_STARTED|[EXTERNAL]|Workflow:Product2
06:58:48.56 (11320971103)|CODE_UNIT_FINISHED|Workflow:Product2
06:58:48.56 (11455666726)|CODE_UNIT_STARTED|[EXTERNAL]|Workflow:Product2
06:58:48.56 (11583882215)|CODE_UNIT_FINISHED|Workflow:Product2
06:58:48.56 (11894238473)|CODE_UNIT_STARTED|[EXTERNAL]|Workflow:Product2
06:58:49.172 (12172134193)|CODE_UNIT_FINISHED|Workflow:Product2
06:58:49.172 (12444126988)|CODE_UNIT_STARTED|[EXTERNAL]|Workflow:Product2
06:58:49.172 (12698025863)|CODE_UNIT_FINISHED|Workflow:Product2
06:58:49.172 (12962979620)|CODE_UNIT_STARTED|[EXTERNAL]|Workflow:Product2
06:58:50.224 (13224409000)|CODE_UNIT_FINISHED|Workflow:Product2
06:58:50.224 (13467885992)|USER_DEBUG|[60]|DEBUG|test_1520
06:58:50.224 (13599848648)|CODE_UNIT_STARTED|[EXTERNAL]|Workflow:Contact
06:58:50.224 (13625622270)|CODE_UNIT_FINISHED|Workflow:Contact
06:58:50.224 (13662972687)|USER_DEBUG|[84]|DEBUG|lstPrd 50
06:58:50.224 (13666020906)|USER_DEBUG|[90]|DEBUG|Test dataBook_Order__c:{Id=a001100000DbFUFAA3, Name=order_2, Contact__c=0031100001FvNBaAAN}
06:58:50.224 (13748450498)|CODE_UNIT_STARTED|[EXTERNAL]|01q11000000D4Gi|BookOrder on Book_Order trigger event BeforeUpdate for [a001100000DbFUF]
06:58:50.224 (13767751398)|USER_DEBUG|[81]|DEBUG|List of Book Names{}
06:58:50.224 (13767829165)|USER_DEBUG|[99]|DEBUG|List of Wharehouse accounts()
06:58:50.224 (13768015270)|USER_DEBUG|[163]|DEBUG|Final update to Product{}
06:58:50.224 (13769862548)|CODE_UNIT_FINISHED|BookOrder on Book_Order trigger event BeforeUpdate for [a001100000DbFUF]
06:58:50.224 (13786339809)|USER_DEBUG|[76]|DEBUG|test0.00
06:58:50.224 (13815665390)|CODE_UNIT_STARTED|[EXTERNAL]|01q11000000D4Gi|BookOrder on Book_Order trigger event BeforeUpdate for [a001100000DbFUF]
06:58:50.224 (13829575601)|USER_DEBUG|[81]|DEBUG|List of Book Names{}
06:58:50.224 (13829620863)|USER_DEBUG|[99]|DEBUG|List of Wharehouse accounts()
06:58:50.224 (13829701305)|USER_DEBUG|[163]|DEBUG|Final update to Product{}
06:58:50.224 (13831167614)|CODE_UNIT_FINISHED|BookOrder on Book_Order trigger event BeforeUpdate for [a001100000DbFUF]
06:58:50.224 (13867649294)|USER_DEBUG|[76]|DEBUG|test0.00
06:58:50.224 (13873243742)|USER_DEBUG|[109]|DEBUG|Count1--0
06:58:50.224 (13873295727)|USER_DEBUG|[111]|DEBUG|Count2--0
06:58:50.224 (13944913216)|CODE_UNIT_STARTED|[EXTERNAL]|01q11000000D4Gi|BookOrder on Book_Order trigger event BeforeUpdate for [a001100000DbFUF]
06:58:50.224 (13959706081)|USER_DEBUG|[81]|DEBUG|List of Book Names{}
06:58:50.224 (13959757483)|USER_DEBUG|[99]|DEBUG|List of Wharehouse accounts()
06:58:50.224 (13959843829)|USER_DEBUG|[163]|DEBUG|Final update to Product{}
06:58:50.224 (13961596142)|CODE_UNIT_FINISHED|BookOrder on Book_Order trigger event BeforeUpdate for [a001100000DbFUF]
06:58:50.224 (13979340071)|USER_DEBUG|[76]|DEBUG|test0.00
06:58:50.224 (14018245704)|USER_DEBUG|[76]|DEBUG|test0.00
06:58:50.224 (14029505853)|CODE_UNIT_STARTED|[EXTERNAL]|01q11000000D4Gi|BookOrder on Book_Order trigger event BeforeUpdate for [a001100000DbFUF]
06:58:50.224 (14043034538)|USER_DEBUG|[81]|DEBUG|List of Book Names{a001100000DbFUFAA3={Book_98=1}}
06:58:50.224 (14063258666)|USER_DEBUG|[99]|DEBUG|List of Wharehouse accounts(Account:{Id=0011100001LcoEyAAJ, Name=Warehouse0}, Account:{Id=0011100001Lco84AAB, Name=Warehouse0}, Account:{Id=0011100001LcoIcAAJ, Name=Warehouse0}, Account:{Id=0011100001LcoEzAAJ, Name=Warehouse1}, Account:{Id=0011100001Lco85AAB, Name=Warehouse1}, Account:{Id=0011100001LcoIdAAJ, Name=Warehouse1}, Account:{Id=0011100001LcoF8AAJ, Name=Warehouse10}, Account:{Id=0011100001Lco8EAAR, Name=Warehouse10}, Account:{Id=0011100001LcoImAAJ, Name=Warehouse10}, Account:{Id=0011100001LcoF9AAJ, Name=Warehouse11}, ...)
06:58:50.224 (14079120363)|USER_DEBUG|[163]|DEBUG|Final update to Product{}
06:58:50.224 (14081191068)|CODE_UNIT_FINISHED|BookOrder on Book_Order trigger event BeforeUpdate for [a001100000DbFUF]
06:58:50.224 (14103951194)|CODE_UNIT_FINISHED|BookOrderPageControllerTest.TestMethodOne
06:58:50.224 (14105484916)|EXECUTION_FINISHED
06:58:52.399 (15399150164)|USER_INFO|[EXTERNAL]|005410000028GkS|candidate@829258advdev.com.devbox|Pacific Standard Time|GMT-08:00
06:58:52.399 (15399173872)|EXECUTION_STARTED
06:58:52.399 (15399178008)|CODE_UNIT_STARTED|[EXTERNAL]|01p11000000FzFc|BookOrderPageControllerTest.TestMethodTwo
06:58:55.829 (18829014350)|CODE_UNIT_STARTED|[EXTERNAL]|Workflow:Product2
06:58:55.829 (19086986832)|CODE_UNIT_FINISHED|Workflow:Product2
06:58:55.829 (19206790608)|CODE_UNIT_STARTED|[EXTERNAL]|Workflow:Product2
06:58:55.829 (19357737590)|CODE_UNIT_FINISHED|Workflow:Product2
06:58:55.829 (19642530388)|CODE_UNIT_STARTED|[EXTERNAL]|Workflow:Product2
06:58:56.884 (19884761154)|CODE_UNIT_FINISHED|Workflow:Product2
06:58:56.884 (20142651476)|CODE_UNIT_STARTED|[EXTERNAL]|Workflow:Product2
06:58:56.884 (20435174599)|CODE_UNIT_FINISHED|Workflow:Product2
06:58:56.884 (20701441332)|CODE_UNIT_STARTED|[EXTERNAL]|Workflow:Product2
06:58:57.958 (20958660368)|CODE_UNIT_FINISHED|Workflow:Product2
06:58:57.958 (21197640569)|USER_DEBUG|[60]|DEBUG|test_1520
06:58:57.958 (21339038338)|CODE_UNIT_STARTED|[EXTERNAL]|Workflow:Contact
06:58:57.958 (21365164768)|CODE_UNIT_FINISHED|Workflow:Contact
06:58:57.958 (21532919458)|USER_DEBUG|[76]|DEBUG|test0.00
06:58:57.958 (21533062864)|USER_DEBUG|[76]|DEBUG|test0.00
06:58:57.958 (21533499584)|USER_DEBUG|[76]|DEBUG|test0.00
06:58:57.958 (21562123126)|CODE_UNIT_STARTED|[EXTERNAL]|01q11000000D4Gi|BookOrder on Book_Order trigger event BeforeUpdate for [a001100000DbFUG]
06:58:57.958 (21572582011)|USER_DEBUG|[81]|DEBUG|List of Book Names{a001100000DbFUGAA3={}}
06:58:57.958 (21572663363)|USER_DEBUG|[99]|DEBUG|List of Wharehouse accounts()
06:58:57.958 (21572911370)|USER_DEBUG|[163]|DEBUG|Final update to Product{}
06:58:57.958 (21575017687)|CODE_UNIT_FINISHED|BookOrder on Book_Order trigger event BeforeUpdate for [a001100000DbFUG]
06:58:57.958 (21592271983)|CODE_UNIT_FINISHED|BookOrderPageControllerTest.TestMethodTwo
06:58:57.958 (21594107085)|EXECUTION_FINISHED
