39.0 APEX_CODE,DEBUG;APEX_PROFILING,NONE;CALLOUT,NONE;DB,NONE;SYSTEM,NONE;VALIDATION,NONE;VISUALFORCE,NONE;WAVE,NONE;WORKFLOW,NONE
11:13:24.0 (85418)|USER_INFO|[EXTERNAL]|005410000028GkS|candidate@829258advdev.com.devbox|Pacific Standard Time|GMT-08:00
11:13:24.0 (118632)|EXECUTION_STARTED
11:13:24.0 (125965)|CODE_UNIT_STARTED|[EXTERNAL]|TRIGGERS
11:13:24.0 (166179)|CODE_UNIT_STARTED|[EXTERNAL]|01q11000000D55H|RefactorTriiger on Book_Order trigger event BeforeUpdate for [a001100000DZCcZ]
11:13:24.0 (13771093)|USER_DEBUG|[52]|DEBUG|{01t11000006KTm0AAG=12, 01t41000001bXVSAA2=1}
11:13:24.0 (33667742)|USER_DEBUG|[57]|DEBUG|Fantasy Series 2 Book 2 Paperback ; 01t11000006KTm0AAG
11:13:24.0 (33743730)|USER_DEBUG|[64]|DEBUG|mapCollecBookNames== {Fantasy Series 2 Book 2 Paperback=12}
11:13:24.0 (33797536)|USER_DEBUG|[57]|DEBUG|Harry Potter Book 1 Hardcover ; 01t41000001bXVSAA2
11:13:24.0 (33841285)|USER_DEBUG|[60]|DEBUG|mapBOrdPrdNames == {01t11000006KTm0AAG={}, a001100000DZCcZAAX={Fantasy Series 2 Book 1 Paperback=12}}
11:13:24.0 (33895061)|USER_DEBUG|[64]|DEBUG|mapCollecBookNames== {Harry Potter Book 1 Hardcover=1}
11:13:24.0 (33963798)|USER_DEBUG|[57]|DEBUG|Harry Potter Book 2 Hardcover ; 01t41000001bXVSAA2
11:13:24.0 (34006258)|USER_DEBUG|[64]|DEBUG|mapCollecBookNames== {Harry Potter Book 1 Hardcover=1, Harry Potter Book 2 Hardcover=1}
11:13:24.0 (34034008)|USER_DEBUG|[102]|DEBUG|List of Book Names{01t11000006KTm0AAG={Harry Potter Book 1 Hardcover=1, Harry Potter Book 2 Hardcover=1}, 01t41000001bXVSAA2=(already output), a001100000DZCcZAAX={Fantasy Series 2 Book 1 Paperback=12}}
11:13:24.0 (47451997)|USER_DEBUG|[120]|DEBUG|List of Wharehouse accounts(Account:{Id=0011100001L82JVAAZ, Name=Atlanta Wharehouse}, Account:{Id=0011100001L8T5bAAF, Name=Charlotte Warehouse})
11:13:24.0 (48302987)|USER_DEBUG|[184]|DEBUG|Final update to Product{01t11000006HfoGAAS=Product2:{Account__c=0011100001L82JVAAZ, Id=01t11000006HfoGAAS, Name=Fantasy Series 2 Book 2 Paperback, Inventory__c=0}}
11:13:24.0 (67928366)|CODE_UNIT_STARTED|[EXTERNAL]|Workflow:Product2
11:13:24.0 (85278744)|CODE_UNIT_FINISHED|Workflow:Product2
11:13:24.0 (87342452)|CODE_UNIT_FINISHED|RefactorTriiger on Book_Order trigger event BeforeUpdate for [a001100000DZCcZ]
11:13:24.0 (127934034)|CODE_UNIT_FINISHED|TRIGGERS
11:13:24.0 (127948178)|EXECUTION_FINISHED
