39.0 APEX_CODE,DEBUG;APEX_PROFILING,NONE;CALLOUT,NONE;DB,NONE;SYSTEM,NONE;VALIDATION,NONE;VISUALFORCE,NONE;WAVE,NONE;WORKFLOW,NONE
05:20:30.1 (1156620)|USER_INFO|[EXTERNAL]|005410000028GkS|candidate@829258advdev.com.devbox|Pacific Standard Time|GMT-08:00
05:20:30.1 (1202468)|EXECUTION_STARTED
05:20:30.1 (1207880)|CODE_UNIT_STARTED|[EXTERNAL]|01p11000000Fz9e|BookListControllerTest.TestMethodOne
05:20:33.849 (3849002903)|CODE_UNIT_STARTED|[EXTERNAL]|Workflow:Product2
05:20:33.849 (4147376040)|CODE_UNIT_FINISHED|Workflow:Product2
05:20:33.849 (4319347299)|CODE_UNIT_STARTED|[EXTERNAL]|Workflow:Product2
05:20:33.849 (4469036964)|CODE_UNIT_FINISHED|Workflow:Product2
05:20:34.861 (4861865912)|CODE_UNIT_STARTED|[EXTERNAL]|Workflow:Product2
05:20:34.861 (5210994947)|CODE_UNIT_FINISHED|Workflow:Product2
05:20:34.861 (5491277906)|CODE_UNIT_STARTED|[EXTERNAL]|Workflow:Product2
05:20:34.861 (5804099084)|CODE_UNIT_FINISHED|Workflow:Product2
05:20:36.111 (6111014309)|CODE_UNIT_STARTED|[EXTERNAL]|Workflow:Product2
05:20:36.111 (6421310324)|CODE_UNIT_FINISHED|Workflow:Product2
05:20:36.111 (6841999845)|CODE_UNIT_STARTED|[EXTERNAL]|Workflow:Contact
05:20:36.111 (6906673960)|CODE_UNIT_FINISHED|Workflow:Contact
05:20:36.111 (6984505355)|USER_DEBUG|[88]|DEBUG|Test dataBook_Order__c:{Id=a001100000Dojy7AAB, Name=order_2, Contact__c=0031100001G0HncAAF}
05:20:36.111 (6984689823)|USER_DEBUG|[95]|DEBUG|Anydatatype_msg1Family1**Inventory
05:20:36.111 (6986957840)|USER_DEBUG|[95]|DEBUG|Anydatatype_msg1Family1**Inventory
05:20:36.111 (6987167779)|USER_DEBUG|[95]|DEBUG|Anydatatype_msg1Family1**Inventory
05:20:36.111 (6987393608)|USER_DEBUG|[95]|DEBUG|Anydatatype_msg1Family1**Inventory
05:20:36.111 (6987575490)|USER_DEBUG|[95]|DEBUG|Anydatatype_msg1Family1**Inventory
05:20:36.111 (6987753948)|USER_DEBUG|[95]|DEBUG|Anydatatype_msg1Family1**Inventory
05:20:36.111 (6987932131)|USER_DEBUG|[95]|DEBUG|Anydatatype_msg1Family1**Inventory
05:20:36.111 (6988111027)|USER_DEBUG|[95]|DEBUG|Anydatatype_msg1Family1**Inventory
05:20:36.111 (6988296106)|USER_DEBUG|[95]|DEBUG|Anydatatype_msg1Family1**Inventory
05:20:36.111 (6988476508)|USER_DEBUG|[95]|DEBUG|Anydatatype_msg1Family1**Inventory
05:20:36.111 (7089122495)|CODE_UNIT_STARTED|[EXTERNAL]|01q11000000D55H|BookOrderTrigger on Book_Order trigger event BeforeUpdate for [a001100000Dojy7]
05:20:36.111 (7090033181)|USER_DEBUG|[19]|DEBUG|eachBO***Book_Order__c:{Id=a001100000Dojy7AAB, IsDeleted=false, Name=order_2, CreatedDate=2017-02-23 13:20:37, CreatedById=005410000028GkSAAU, LastModifiedDate=2017-02-23 13:20:37, LastModifiedById=005410000028GkSAAU, SystemModstamp=2017-02-23 13:20:37, LastViewedDate=null, LastReferencedDate=null, Contact__c=0031100001G0HncAAF, Total_Cost__c=200.00, Order_Status__c=New}
05:20:36.111 (7090176884)|USER_DEBUG|[23]|DEBUG|setBookOrderId***{}
05:20:36.111 (7101285600)|USER_DEBUG|[40]|DEBUG|mapBOLineItem***0
05:20:37.123 (7123162699)|USER_DEBUG|[64]|DEBUG|lstBooks***()
05:20:37.123 (7134974755)|USER_DEBUG|[76]|DEBUG|mapCount***{}
05:20:37.123 (7135074625)|USER_DEBUG|[84]|DEBUG|ReqAccId***{}
05:20:37.123 (7147287139)|USER_DEBUG|[105]|DEBUG|FinalBookcount***null
05:20:37.123 (7147335205)|USER_DEBUG|[106]|DEBUG|lstFinalPrdUpdate***()
05:20:37.123 (7158249507)|CODE_UNIT_FINISHED|BookOrderTrigger on Book_Order trigger event BeforeUpdate for [a001100000Dojy7]
05:20:37.123 (7273821522)|EXCEPTION_THROWN|[121]|System.SObjectException: SObject row was retrieved via SOQL without querying the requested field: Account.Name
05:20:37.123 (7273920978)|FATAL_ERROR|System.SObjectException: SObject row was retrieved via SOQL without querying the requested field: Account.Name

Class.BookListControllerTest.TestMethodOne: line 121, column 1
05:20:37.123 (7273929359)|FATAL_ERROR|System.SObjectException: SObject row was retrieved via SOQL without querying the requested field: Account.Name

Class.BookListControllerTest.TestMethodOne: line 121, column 1
05:20:37.123 (7273937633)|CODE_UNIT_FINISHED|BookListControllerTest.TestMethodOne
05:20:37.123 (7275300526)|EXECUTION_FINISHED
