39.0 APEX_CODE,DEBUG;APEX_PROFILING,NONE;CALLOUT,NONE;DB,NONE;SYSTEM,NONE;VALIDATION,NONE;VISUALFORCE,NONE;WAVE,NONE;WORKFLOW,NONE
05:57:41.1 (1695372)|USER_INFO|[EXTERNAL]|005410000028GkS|candidate@829258advdev.com.devbox|Pacific Standard Time|GMT-08:00
05:57:41.1 (1732073)|EXECUTION_STARTED
05:57:41.1 (1736501)|CODE_UNIT_STARTED|[EXTERNAL]|01p11000000Fz9e|BookListControllerTest.TestMethodOne
05:57:44.624 (3624233116)|CODE_UNIT_STARTED|[EXTERNAL]|Workflow:Product2
05:57:44.624 (3904571121)|CODE_UNIT_FINISHED|Workflow:Product2
05:57:44.624 (4039008993)|CODE_UNIT_STARTED|[EXTERNAL]|Workflow:Product2
05:57:44.624 (4172292778)|CODE_UNIT_FINISHED|Workflow:Product2
05:57:44.624 (4502164241)|CODE_UNIT_STARTED|[EXTERNAL]|Workflow:Product2
05:57:45.737 (4737429689)|CODE_UNIT_FINISHED|Workflow:Product2
05:57:45.737 (4995160280)|CODE_UNIT_STARTED|[EXTERNAL]|Workflow:Product2
05:57:45.737 (5224044756)|CODE_UNIT_FINISHED|Workflow:Product2
05:57:45.737 (5529885974)|CODE_UNIT_STARTED|[EXTERNAL]|Workflow:Product2
05:57:46.832 (5832487676)|CODE_UNIT_FINISHED|Workflow:Product2
05:57:46.832 (6196745119)|CODE_UNIT_STARTED|[EXTERNAL]|Workflow:Product2
05:57:46.832 (6488574886)|CODE_UNIT_FINISHED|Workflow:Product2
05:57:47.944 (6944796481)|CODE_UNIT_STARTED|[EXTERNAL]|Workflow:Product2
05:57:47.944 (7204354872)|CODE_UNIT_FINISHED|Workflow:Product2
05:57:47.944 (7612092179)|CODE_UNIT_STARTED|[EXTERNAL]|Workflow:Product2
05:57:47.944 (7935251483)|CODE_UNIT_FINISHED|Workflow:Product2
05:57:49.356 (8356717719)|CODE_UNIT_STARTED|[EXTERNAL]|Workflow:Contact
05:57:49.356 (8388503946)|CODE_UNIT_FINISHED|Workflow:Contact
05:57:49.356 (8475566586)|USER_DEBUG|[93]|DEBUG|Test dataBook_Order__c:{Id=a001100000DompwAAB, Name=order_2, Contact__c=0031100001G0HryAAF}
05:57:49.356 (8475652312)|EXCEPTION_THROWN|[99]|System.NullPointerException: Attempt to de-reference a null object
05:57:49.356 (8475738398)|FATAL_ERROR|System.NullPointerException: Attempt to de-reference a null object

Class.BookListControllerTest.TestMethodOne: line 99, column 1
05:57:49.356 (8475746397)|FATAL_ERROR|System.NullPointerException: Attempt to de-reference a null object

Class.BookListControllerTest.TestMethodOne: line 99, column 1
05:57:49.356 (8475755472)|CODE_UNIT_FINISHED|BookListControllerTest.TestMethodOne
05:57:49.356 (8477343915)|EXECUTION_FINISHED
