39.0 APEX_CODE,DEBUG;APEX_PROFILING,NONE;CALLOUT,NONE;DB,NONE;SYSTEM,NONE;VALIDATION,NONE;VISUALFORCE,NONE;WAVE,NONE;WORKFLOW,NONE
06:00:47.0 (669150)|USER_INFO|[EXTERNAL]|005410000028GkS|candidate@829258advdev.com.devbox|Pacific Standard Time|GMT-08:00
06:00:47.0 (715134)|EXECUTION_STARTED
06:00:47.0 (718708)|CODE_UNIT_STARTED|[EXTERNAL]|01p11000000FzFc|BookOrderPageControllerTest.TestMethodFour
06:00:51.734 (4734161690)|CODE_UNIT_STARTED|[EXTERNAL]|Workflow:Product2
06:00:51.734 (5118242051)|CODE_UNIT_FINISHED|Workflow:Product2
06:00:51.734 (5439775375)|CODE_UNIT_STARTED|[EXTERNAL]|Workflow:Product2
06:00:51.734 (5620860238)|CODE_UNIT_FINISHED|Workflow:Product2
06:00:53.66 (6066992976)|CODE_UNIT_STARTED|[EXTERNAL]|Workflow:Product2
06:00:53.66 (6360800168)|CODE_UNIT_FINISHED|Workflow:Product2
06:00:53.66 (6734399697)|CODE_UNIT_STARTED|[EXTERNAL]|Workflow:Product2
06:00:53.66 (7017426801)|CODE_UNIT_FINISHED|Workflow:Product2
06:00:54.679 (7679764031)|CODE_UNIT_STARTED|[EXTERNAL]|Workflow:Product2
06:00:54.679 (8005993230)|CODE_UNIT_FINISHED|Workflow:Product2
06:00:54.679 (8424111358)|CODE_UNIT_STARTED|[EXTERNAL]|Workflow:Contact
06:00:54.679 (8467321590)|CODE_UNIT_FINISHED|Workflow:Contact
06:00:54.679 (8516865414)|VF_PAGE_MESSAGE|Book Order ID is Missing
06:00:54.679 (8518740973)|CODE_UNIT_FINISHED|BookOrderPageControllerTest.TestMethodFour
06:00:54.679 (8520415794)|EXECUTION_FINISHED
06:00:56.895 (9895684109)|USER_INFO|[EXTERNAL]|005410000028GkS|candidate@829258advdev.com.devbox|Pacific Standard Time|GMT-08:00
06:00:56.895 (9895700446)|EXECUTION_STARTED
06:00:56.895 (9895703855)|CODE_UNIT_STARTED|[EXTERNAL]|01p11000000FzFc|BookOrderPageControllerTest.TestMethodOne
06:01:00.991 (13991892056)|CODE_UNIT_STARTED|[EXTERNAL]|Workflow:Product2
06:01:00.991 (14290960591)|CODE_UNIT_FINISHED|Workflow:Product2
06:01:00.991 (14430115830)|CODE_UNIT_STARTED|[EXTERNAL]|Workflow:Product2
06:01:00.991 (14599446959)|CODE_UNIT_FINISHED|Workflow:Product2
06:01:00.991 (14947221159)|CODE_UNIT_STARTED|[EXTERNAL]|Workflow:Product2
06:01:02.265 (15265841876)|CODE_UNIT_FINISHED|Workflow:Product2
06:01:02.265 (15554823637)|CODE_UNIT_STARTED|[EXTERNAL]|Workflow:Product2
06:01:02.265 (15877677577)|CODE_UNIT_FINISHED|Workflow:Product2
06:01:03.356 (16356000984)|CODE_UNIT_STARTED|[EXTERNAL]|Workflow:Product2
06:01:03.356 (16660443683)|CODE_UNIT_FINISHED|Workflow:Product2
06:01:03.356 (17087166604)|CODE_UNIT_STARTED|[EXTERNAL]|Workflow:Contact
06:01:03.356 (17114427312)|CODE_UNIT_FINISHED|Workflow:Contact
06:01:03.356 (17146683105)|USER_DEBUG|[68]|DEBUG|lstPrd (Product2:{Account__c=0011100001LcXY7AAN, Id=01t11000006foGaAAI, Name=Book_59, Family=Hardcover, Current_Price__c=20.00}, Product2:{Account__c=0011100001LcXY7AAN, Id=01t11000006foFdAAI, Name=Book_0, Family=Collection, Current_Price__c=20.00}, Product2:{Account__c=0011100001LcXY7AAN, Id=01t11000006foGYAAY, Name=Book_57, Family=Hardcover, Current_Price__c=20.00}, Product2:{Account__c=0011100001LcXY7AAN, Id=01t11000006foGXAAY, Name=Book_56, Family=Hardcover, Current_Price__c=20.00}, Product2:{Account__c=0011100001LcXY7AAN, Id=01t11000006foGWAAY, Name=Book_55, Family=Hardcover, Current_Price__c=20.00}, Product2:{Account__c=0011100001LcXY7AAN, Id=01t11000006foGVAAY, Name=Book_54, Family=Hardcover, Current_Price__c=20.00}, Product2:{Account__c=0011100001LcXY7AAN, Id=01t11000006foGUAAY, Name=Book_53, Family=Hardcover, Current_Price__c=20.00}, Product2:{Account__c=0011100001LcXY7AAN, Id=01t11000006foGTAAY, Name=Book_52, Family=Hardcover, Current_Price__c=20.00}, Product2:{Account__c=0011100001LcXY7AAN, Id=01t11000006foGSAAY, Name=Book_51, Family=Hardcover, Current_Price__c=20.00}, Product2:{Account__c=0011100001LcXY7AAN, Id=01t11000006foGRAAY, Name=Book_50, Family=Hardcover, Current_Price__c=20.00}, ...)
06:01:03.356 (17150112879)|USER_DEBUG|[74]|DEBUG|Test dataBook_Order__c:{Id=a001100000DbFBHAA3, Name=order_2, Contact__c=0031100001Fv77NAAR}
06:01:03.356 (17216660252)|CODE_UNIT_STARTED|[EXTERNAL]|01q11000000D4Gi|BookOrder on Book_Order trigger event BeforeUpdate for [a001100000DbFBH]
06:01:03.356 (17236762676)|USER_DEBUG|[81]|DEBUG|List of Book Names{}
06:01:03.356 (17236853252)|USER_DEBUG|[99]|DEBUG|List of Wharehouse accounts()
06:01:03.356 (17237046844)|USER_DEBUG|[163]|DEBUG|Final update to Product{}
06:01:03.356 (17238456091)|CODE_UNIT_FINISHED|BookOrder on Book_Order trigger event BeforeUpdate for [a001100000DbFBH]
06:01:03.356 (17254678661)|USER_DEBUG|[76]|DEBUG|test0.00
06:01:03.356 (17284920776)|CODE_UNIT_STARTED|[EXTERNAL]|01q11000000D4Gi|BookOrder on Book_Order trigger event BeforeUpdate for [a001100000DbFBH]
06:01:03.356 (17300667410)|USER_DEBUG|[81]|DEBUG|List of Book Names{}
06:01:03.356 (17300722575)|USER_DEBUG|[99]|DEBUG|List of Wharehouse accounts()
06:01:03.356 (17300812112)|USER_DEBUG|[163]|DEBUG|Final update to Product{}
06:01:03.356 (17302573063)|CODE_UNIT_FINISHED|BookOrder on Book_Order trigger event BeforeUpdate for [a001100000DbFBH]
06:01:03.356 (17333578375)|USER_DEBUG|[76]|DEBUG|test0.00
06:01:03.356 (17339407054)|USER_DEBUG|[109]|DEBUG|Count1--0
06:01:03.356 (17339460816)|USER_DEBUG|[111]|DEBUG|Count2--0
06:01:04.477 (17477948514)|CODE_UNIT_STARTED|[EXTERNAL]|01q11000000D4Gi|BookOrder on Book_Order trigger event BeforeUpdate for [a001100000DbFBH]
06:01:04.477 (17495354314)|USER_DEBUG|[81]|DEBUG|List of Book Names{}
06:01:04.477 (17495407812)|USER_DEBUG|[99]|DEBUG|List of Wharehouse accounts()
06:01:04.477 (17495505516)|USER_DEBUG|[163]|DEBUG|Final update to Product{}
06:01:04.477 (17497466552)|CODE_UNIT_FINISHED|BookOrder on Book_Order trigger event BeforeUpdate for [a001100000DbFBH]
06:01:04.477 (17517718573)|USER_DEBUG|[76]|DEBUG|test0.00
06:01:04.477 (17554645347)|USER_DEBUG|[76]|DEBUG|test0.00
06:01:04.477 (17564019830)|CODE_UNIT_STARTED|[EXTERNAL]|01q11000000D4Gi|BookOrder on Book_Order trigger event BeforeUpdate for [a001100000DbFBH]
06:01:04.477 (17602860981)|USER_DEBUG|[81]|DEBUG|List of Book Names{a001100000DbFBHAA3={}}
06:01:04.477 (17602918479)|USER_DEBUG|[99]|DEBUG|List of Wharehouse accounts()
06:01:04.477 (17603290512)|USER_DEBUG|[163]|DEBUG|Final update to Product{}
06:01:04.477 (17604819181)|CODE_UNIT_FINISHED|BookOrder on Book_Order trigger event BeforeUpdate for [a001100000DbFBH]
06:01:04.477 (17619408376)|CODE_UNIT_FINISHED|BookOrderPageControllerTest.TestMethodOne
06:01:04.477 (17621214152)|EXECUTION_FINISHED
06:01:05.936 (18936127168)|USER_INFO|[EXTERNAL]|005410000028GkS|candidate@829258advdev.com.devbox|Pacific Standard Time|GMT-08:00
06:01:05.936 (18936148403)|EXECUTION_STARTED
06:01:05.936 (18936152904)|CODE_UNIT_STARTED|[EXTERNAL]|01p11000000FzFc|BookOrderPageControllerTest.TestMethodTwo
06:01:09.768 (22768968101)|CODE_UNIT_STARTED|[EXTERNAL]|Workflow:Product2
06:01:09.768 (23044487400)|CODE_UNIT_FINISHED|Workflow:Product2
06:01:09.768 (23181704502)|CODE_UNIT_STARTED|[EXTERNAL]|Workflow:Product2
06:01:09.768 (23317741037)|CODE_UNIT_FINISHED|Workflow:Product2
06:01:09.768 (23588923048)|CODE_UNIT_STARTED|[EXTERNAL]|Workflow:Product2
06:01:10.847 (23847275898)|CODE_UNIT_FINISHED|Workflow:Product2
06:01:10.847 (24122711878)|CODE_UNIT_STARTED|[EXTERNAL]|Workflow:Product2
06:01:10.847 (24389331464)|CODE_UNIT_FINISHED|Workflow:Product2
06:01:10.847 (24691584548)|CODE_UNIT_STARTED|[EXTERNAL]|Workflow:Product2
06:01:11.944 (24944681180)|CODE_UNIT_FINISHED|Workflow:Product2
06:01:11.944 (25369380136)|CODE_UNIT_STARTED|[EXTERNAL]|Workflow:Contact
06:01:11.944 (25396499189)|CODE_UNIT_FINISHED|Workflow:Contact
06:01:11.944 (25719025880)|VF_PAGE_MESSAGE|Required fields are missing: [Price_Each__c]
06:01:11.944 (25719083327)|EXCEPTION_THROWN|[93]|System.DmlException: Upsert failed. First exception on row 0; first error: REQUIRED_FIELD_MISSING, Required fields are missing: [Price_Each__c]: [Price_Each__c]
06:01:11.944 (25728154524)|VF_PAGE_MESSAGE|Upsert failed. First exception on row 0; first error: REQUIRED_FIELD_MISSING, Required fields are missing: [Price_Each__c]: [Price_Each__c]
06:01:11.944 (25728397631)|USER_DEBUG|[76]|DEBUG|test0.00
06:01:11.944 (25729290112)|EXCEPTION_THROWN|[151]|System.DmlException: Update failed. First exception on row 0; first error: MISSING_ARGUMENT, Id not specified in an update call: []
06:01:11.944 (25738051460)|VF_PAGE_MESSAGE|Update failed. First exception on row 0; first error: MISSING_ARGUMENT, Id not specified in an update call: []
06:01:11.944 (25738236817)|USER_DEBUG|[76]|DEBUG|test0.00
06:01:11.944 (25738687801)|USER_DEBUG|[109]|DEBUG|Count1--0
06:01:11.944 (25738727713)|USER_DEBUG|[111]|DEBUG|Count2--0
06:01:11.944 (25739296169)|EXCEPTION_THROWN|[117]|System.ListException: Missing id at index: 0
06:01:11.944 (25748579096)|VF_PAGE_MESSAGE|Missing id at index: 0
06:01:11.944 (25748747571)|USER_DEBUG|[76]|DEBUG|test0.00
06:01:11.944 (25768815102)|CODE_UNIT_STARTED|[EXTERNAL]|01q11000000D4Gi|BookOrder on Book_Order trigger event BeforeUpdate for [a001100000DbFBI]
06:01:11.944 (25777492012)|USER_DEBUG|[81]|DEBUG|List of Book Names{a001100000DbFBIAA3={}}
06:01:11.944 (25777548246)|USER_DEBUG|[99]|DEBUG|List of Wharehouse accounts()
06:01:11.944 (25777734198)|USER_DEBUG|[163]|DEBUG|Final update to Product{}
06:01:11.944 (25779146957)|CODE_UNIT_FINISHED|BookOrder on Book_Order trigger event BeforeUpdate for [a001100000DbFBI]
06:01:11.944 (25796553283)|CODE_UNIT_FINISHED|BookOrderPageControllerTest.TestMethodTwo
06:01:11.944 (25797930646)|EXECUTION_FINISHED
