39.0 APEX_CODE,DEBUG;APEX_PROFILING,NONE;CALLOUT,NONE;DB,NONE;SYSTEM,NONE;VALIDATION,NONE;VISUALFORCE,NONE;WAVE,NONE;WORKFLOW,NONE
06:08:39.0 (918927)|USER_INFO|[EXTERNAL]|005410000028GkS|candidate@829258advdev.com.devbox|Pacific Standard Time|GMT-08:00
06:08:39.0 (959430)|EXECUTION_STARTED
06:08:39.0 (963023)|CODE_UNIT_STARTED|[EXTERNAL]|01p11000000Fz9e|BookListControllerTest.TestMethodOne
06:08:44.0 (5000585072)|CODE_UNIT_STARTED|[EXTERNAL]|Workflow:Product2
06:08:44.0 (5266521588)|CODE_UNIT_FINISHED|Workflow:Product2
06:08:44.0 (5457518326)|CODE_UNIT_STARTED|[EXTERNAL]|Workflow:Product2
06:08:44.0 (5622652139)|CODE_UNIT_FINISHED|Workflow:Product2
06:08:45.544 (6544341675)|CODE_UNIT_STARTED|[EXTERNAL]|Workflow:Product2
06:08:45.544 (6874368137)|CODE_UNIT_FINISHED|Workflow:Product2
06:08:45.544 (7218612730)|CODE_UNIT_STARTED|[EXTERNAL]|Workflow:Product2
06:08:45.544 (7463923677)|CODE_UNIT_FINISHED|Workflow:Product2
06:08:46.842 (7842066663)|CODE_UNIT_STARTED|[EXTERNAL]|Workflow:Product2
06:08:46.842 (8076224592)|CODE_UNIT_FINISHED|Workflow:Product2
06:08:46.842 (8489325463)|CODE_UNIT_STARTED|[EXTERNAL]|Workflow:Product2
06:08:46.842 (8839478281)|CODE_UNIT_FINISHED|Workflow:Product2
06:08:48.258 (9258101056)|CODE_UNIT_STARTED|[EXTERNAL]|Workflow:Product2
06:08:48.258 (9535525817)|CODE_UNIT_FINISHED|Workflow:Product2
06:08:48.258 (9942470022)|CODE_UNIT_STARTED|[EXTERNAL]|Workflow:Product2
06:08:48.258 (10195099883)|CODE_UNIT_FINISHED|Workflow:Product2
06:08:49.610 (10610421528)|CODE_UNIT_STARTED|[EXTERNAL]|Workflow:Product2
06:08:49.610 (10958933864)|CODE_UNIT_FINISHED|Workflow:Product2
06:08:49.610 (11436867357)|CODE_UNIT_STARTED|[EXTERNAL]|Workflow:Product2
06:08:50.744 (11744548713)|CODE_UNIT_FINISHED|Workflow:Product2
06:08:50.744 (12294028744)|CODE_UNIT_STARTED|[EXTERNAL]|Workflow:Product2
06:08:50.744 (12573738820)|CODE_UNIT_FINISHED|Workflow:Product2
06:08:51.978 (12978687421)|CODE_UNIT_STARTED|[EXTERNAL]|Workflow:Product2
06:08:51.978 (13223719690)|CODE_UNIT_FINISHED|Workflow:Product2
06:08:51.978 (13560725581)|CODE_UNIT_STARTED|[EXTERNAL]|Workflow:Product2
06:08:51.978 (13878952537)|CODE_UNIT_FINISHED|Workflow:Product2
06:08:53.260 (14260742575)|CODE_UNIT_STARTED|[EXTERNAL]|Workflow:Product2
06:08:53.260 (14554065187)|CODE_UNIT_FINISHED|Workflow:Product2
06:08:53.260 (14967775177)|CODE_UNIT_STARTED|[EXTERNAL]|Workflow:Product2
06:08:53.260 (15249846536)|CODE_UNIT_FINISHED|Workflow:Product2
06:08:54.748 (15748792313)|CODE_UNIT_STARTED|[EXTERNAL]|Workflow:Product2
06:08:54.748 (16093859054)|CODE_UNIT_FINISHED|Workflow:Product2
06:08:54.748 (16504121469)|CODE_UNIT_STARTED|[EXTERNAL]|Workflow:Product2
06:08:55.844 (16844843396)|CODE_UNIT_FINISHED|Workflow:Product2
06:08:55.844 (17226259176)|CODE_UNIT_STARTED|[EXTERNAL]|Workflow:Product2
06:08:55.844 (17486705390)|CODE_UNIT_FINISHED|Workflow:Product2
06:08:56.937 (17937636659)|CODE_UNIT_STARTED|[EXTERNAL]|Workflow:Product2
06:08:56.937 (18197717562)|CODE_UNIT_FINISHED|Workflow:Product2
06:08:56.937 (18640354514)|CODE_UNIT_STARTED|[EXTERNAL]|Workflow:Product2
06:08:57.974 (18974962227)|CODE_UNIT_FINISHED|Workflow:Product2
06:08:57.974 (19323177746)|CODE_UNIT_STARTED|[EXTERNAL]|Workflow:Product2
06:08:57.974 (19632285356)|CODE_UNIT_FINISHED|Workflow:Product2
06:08:59.31 (20031706890)|CODE_UNIT_STARTED|[EXTERNAL]|Workflow:Product2
06:08:59.31 (20282693747)|CODE_UNIT_FINISHED|Workflow:Product2
06:08:59.31 (20613004117)|CODE_UNIT_STARTED|[EXTERNAL]|Workflow:Product2
06:08:59.31 (20974218342)|CODE_UNIT_FINISHED|Workflow:Product2
06:09:00.463 (21463428187)|CODE_UNIT_STARTED|[EXTERNAL]|Workflow:Product2
06:09:00.463 (21895295128)|CODE_UNIT_FINISHED|Workflow:Product2
06:09:00.463 (22297152159)|CODE_UNIT_STARTED|[EXTERNAL]|Workflow:Product2
06:09:01.629 (22629744748)|CODE_UNIT_FINISHED|Workflow:Product2
06:09:01.629 (23054303627)|CODE_UNIT_STARTED|[EXTERNAL]|Workflow:Product2
06:09:01.629 (23348116064)|CODE_UNIT_FINISHED|Workflow:Product2
06:09:02.766 (23766654870)|CODE_UNIT_STARTED|[EXTERNAL]|Workflow:Product2
06:09:02.766 (24104605999)|CODE_UNIT_FINISHED|Workflow:Product2
06:09:02.766 (24596888786)|CODE_UNIT_STARTED|[EXTERNAL]|Workflow:Product2
06:09:03.955 (24955072840)|CODE_UNIT_FINISHED|Workflow:Product2
06:09:03.955 (25398039602)|CODE_UNIT_STARTED|[EXTERNAL]|Workflow:Product2
06:09:03.955 (25726581497)|CODE_UNIT_FINISHED|Workflow:Product2
06:09:05.140 (26140659208)|CODE_UNIT_STARTED|[EXTERNAL]|Workflow:Product2
06:09:05.140 (26428803882)|CODE_UNIT_FINISHED|Workflow:Product2
06:09:05.140 (26855163477)|CODE_UNIT_STARTED|[EXTERNAL]|Workflow:Product2
06:09:05.140 (27111316663)|CODE_UNIT_FINISHED|Workflow:Product2
06:09:06.602 (27602911405)|CODE_UNIT_STARTED|[EXTERNAL]|Workflow:Product2
06:09:06.602 (27919393645)|CODE_UNIT_FINISHED|Workflow:Product2
06:09:06.602 (28292681690)|CODE_UNIT_STARTED|[EXTERNAL]|Workflow:Product2
06:09:07.614 (28614929976)|CODE_UNIT_FINISHED|Workflow:Product2
06:09:07.614 (28990620088)|CODE_UNIT_STARTED|[EXTERNAL]|Workflow:Product2
06:09:07.614 (29223195953)|CODE_UNIT_FINISHED|Workflow:Product2
06:09:07.614 (29609727661)|CODE_UNIT_STARTED|[EXTERNAL]|Workflow:Product2
06:09:08.907 (29907762022)|CODE_UNIT_FINISHED|Workflow:Product2
06:09:08.907 (30422482480)|CODE_UNIT_STARTED|[EXTERNAL]|Workflow:Product2
06:09:08.907 (30727713089)|CODE_UNIT_FINISHED|Workflow:Product2
06:09:10.198 (31198891806)|CODE_UNIT_STARTED|[EXTERNAL]|Workflow:Product2
06:09:10.198 (31466605025)|CODE_UNIT_FINISHED|Workflow:Product2
06:09:10.198 (31866074516)|CODE_UNIT_STARTED|[EXTERNAL]|Workflow:Product2
06:09:10.198 (32126277345)|CODE_UNIT_FINISHED|Workflow:Product2
06:09:11.492 (32492503609)|CODE_UNIT_STARTED|[EXTERNAL]|Workflow:Product2
06:09:11.492 (32832429584)|CODE_UNIT_FINISHED|Workflow:Product2
06:09:11.492 (33002019678)|CODE_UNIT_STARTED|[EXTERNAL]|Workflow:Product2
06:09:11.492 (33142808802)|CODE_UNIT_FINISHED|Workflow:Product2
06:09:12.537 (33537203778)|USER_DEBUG|[42]|DEBUG|MapBookSellerBooks**1**Book_40
06:09:12.537 (33537364340)|USER_DEBUG|[42]|DEBUG|MapBookSellerBooks**1**Book_59
06:09:12.537 (33537471964)|USER_DEBUG|[42]|DEBUG|MapBookSellerBooks**1**Book_42
06:09:12.537 (33537568411)|USER_DEBUG|[42]|DEBUG|MapBookSellerBooks**1**Book_43
06:09:12.537 (33537664379)|USER_DEBUG|[42]|DEBUG|MapBookSellerBooks**1**Book_44
06:09:12.537 (33537757250)|USER_DEBUG|[42]|DEBUG|MapBookSellerBooks**1**Book_45
06:09:12.537 (33537851223)|USER_DEBUG|[42]|DEBUG|MapBookSellerBooks**1**Book_46
06:09:12.537 (33537943970)|USER_DEBUG|[42]|DEBUG|MapBookSellerBooks**1**Book_47
06:09:12.537 (33538037022)|USER_DEBUG|[42]|DEBUG|MapBookSellerBooks**1**Book_48
06:09:12.537 (33538131503)|USER_DEBUG|[42]|DEBUG|MapBookSellerBooks**1**Book_49
06:09:12.537 (33538232728)|USER_DEBUG|[42]|DEBUG|MapBookSellerBooks**1**Book_50
06:09:12.537 (33538325267)|USER_DEBUG|[42]|DEBUG|MapBookSellerBooks**1**Book_51
06:09:12.537 (33538418472)|USER_DEBUG|[42]|DEBUG|MapBookSellerBooks**1**Book_52
06:09:12.537 (33538511496)|USER_DEBUG|[42]|DEBUG|MapBookSellerBooks**1**Book_53
06:09:12.537 (33538604231)|USER_DEBUG|[42]|DEBUG|MapBookSellerBooks**1**Book_54
06:09:12.537 (33538697311)|USER_DEBUG|[42]|DEBUG|MapBookSellerBooks**1**Book_55
06:09:12.537 (33538790250)|USER_DEBUG|[42]|DEBUG|MapBookSellerBooks**1**Book_56
06:09:12.537 (33538884189)|USER_DEBUG|[42]|DEBUG|MapBookSellerBooks**1**Book_57
06:09:12.537 (33538976436)|USER_DEBUG|[42]|DEBUG|MapBookSellerBooks**1**Book_58
06:09:12.537 (33539069146)|USER_DEBUG|[42]|DEBUG|MapBookSellerBooks**1**Book_41
06:09:12.537 (33677105091)|CODE_UNIT_STARTED|[EXTERNAL]|Workflow:Contact
06:09:12.537 (33713877913)|CODE_UNIT_FINISHED|Workflow:Contact
06:09:12.537 (33772523038)|USER_DEBUG|[94]|DEBUG|Test dataBook_Order__c:{Id=a001100000DomqBAAR, Name=order_2, Contact__c=0031100001G0HsrAAF}
06:09:12.537 (33772610525)|EXCEPTION_THROWN|[100]|System.NullPointerException: Attempt to de-reference a null object
06:09:12.537 (33772692232)|FATAL_ERROR|System.NullPointerException: Attempt to de-reference a null object

Class.BookListControllerTest.TestMethodOne: line 100, column 1
06:09:12.537 (33772700506)|FATAL_ERROR|System.NullPointerException: Attempt to de-reference a null object

Class.BookListControllerTest.TestMethodOne: line 100, column 1
06:09:12.537 (33772708223)|CODE_UNIT_FINISHED|BookListControllerTest.TestMethodOne
06:09:12.537 (33774875610)|EXECUTION_FINISHED
