39.0 APEX_CODE,DEBUG;APEX_PROFILING,NONE;CALLOUT,NONE;DB,NONE;SYSTEM,NONE;VALIDATION,NONE;VISUALFORCE,NONE;WAVE,NONE;WORKFLOW,NONE
05:22:44.0 (815550)|USER_INFO|[EXTERNAL]|005410000028GkS|candidate@829258advdev.com.devbox|Pacific Standard Time|GMT-08:00
05:22:44.0 (856711)|EXECUTION_STARTED
05:22:44.0 (860213)|CODE_UNIT_STARTED|[EXTERNAL]|01p11000000Fz9e|BookListControllerTest.TestMethodOne
05:22:47.494 (3494024796)|CODE_UNIT_STARTED|[EXTERNAL]|Workflow:Product2
05:22:47.494 (3797972731)|CODE_UNIT_FINISHED|Workflow:Product2
05:22:47.494 (3931433688)|CODE_UNIT_STARTED|[EXTERNAL]|Workflow:Product2
05:22:47.494 (4083591609)|CODE_UNIT_FINISHED|Workflow:Product2
05:22:47.494 (4403395822)|CODE_UNIT_STARTED|[EXTERNAL]|Workflow:Product2
05:22:48.640 (4640093769)|CODE_UNIT_FINISHED|Workflow:Product2
05:22:48.640 (4871211665)|CODE_UNIT_STARTED|[EXTERNAL]|Workflow:Product2
05:22:48.640 (5135810951)|CODE_UNIT_FINISHED|Workflow:Product2
05:22:48.640 (5378884691)|CODE_UNIT_STARTED|[EXTERNAL]|Workflow:Product2
05:22:49.654 (5654439121)|CODE_UNIT_FINISHED|Workflow:Product2
05:22:49.654 (6049171293)|CODE_UNIT_STARTED|[EXTERNAL]|Workflow:Contact
05:22:49.654 (6086726320)|CODE_UNIT_FINISHED|Workflow:Contact
05:22:49.654 (6133327753)|USER_DEBUG|[88]|DEBUG|Test dataBook_Order__c:{Id=a001100000DomejAAB, Name=order_2, Contact__c=0031100001G0HnmAAF}
05:22:49.654 (6133473415)|USER_DEBUG|[95]|DEBUG|Anydatatype_msg1Family1**Inventory
05:22:49.654 (6133981931)|USER_DEBUG|[95]|DEBUG|Anydatatype_msg1Family1**Inventory
05:22:49.654 (6134177136)|USER_DEBUG|[95]|DEBUG|Anydatatype_msg1Family1**Inventory
05:22:49.654 (6134373362)|USER_DEBUG|[95]|DEBUG|Anydatatype_msg1Family1**Inventory
05:22:49.654 (6134558100)|USER_DEBUG|[95]|DEBUG|Anydatatype_msg1Family1**Inventory
05:22:49.654 (6134742013)|USER_DEBUG|[95]|DEBUG|Anydatatype_msg1Family1**Inventory
05:22:49.654 (6134924240)|USER_DEBUG|[95]|DEBUG|Anydatatype_msg1Family1**Inventory
05:22:49.654 (6135107104)|USER_DEBUG|[95]|DEBUG|Anydatatype_msg1Family1**Inventory
05:22:49.654 (6135294112)|USER_DEBUG|[95]|DEBUG|Anydatatype_msg1Family1**Inventory
05:22:49.654 (6135479399)|USER_DEBUG|[95]|DEBUG|Anydatatype_msg1Family1**Inventory
05:22:49.654 (6186942463)|CODE_UNIT_STARTED|[EXTERNAL]|01q11000000D55H|BookOrderTrigger on Book_Order trigger event BeforeUpdate for [a001100000Domej]
05:22:49.654 (6187712880)|USER_DEBUG|[19]|DEBUG|eachBO***Book_Order__c:{Id=a001100000DomejAAB, IsDeleted=false, Name=order_2, CreatedDate=2017-02-23 13:22:51, CreatedById=005410000028GkSAAU, LastModifiedDate=2017-02-23 13:22:51, LastModifiedById=005410000028GkSAAU, SystemModstamp=2017-02-23 13:22:51, LastViewedDate=null, LastReferencedDate=null, Contact__c=0031100001G0HnmAAF, Total_Cost__c=200.00, Order_Status__c=New}
05:22:49.654 (6187845652)|USER_DEBUG|[23]|DEBUG|setBookOrderId***{}
05:22:49.654 (6190981861)|USER_DEBUG|[40]|DEBUG|mapBOLineItem***0
05:22:49.654 (6195361135)|USER_DEBUG|[64]|DEBUG|lstBooks***()
05:22:49.654 (6197941734)|USER_DEBUG|[76]|DEBUG|mapCount***{}
05:22:49.654 (6198038541)|USER_DEBUG|[84]|DEBUG|ReqAccId***{}
05:22:49.654 (6200911053)|USER_DEBUG|[105]|DEBUG|FinalBookcount***null
05:22:49.654 (6200959398)|USER_DEBUG|[106]|DEBUG|lstFinalPrdUpdate***()
05:22:49.654 (6204961475)|CODE_UNIT_FINISHED|BookOrderTrigger on Book_Order trigger event BeforeUpdate for [a001100000Domej]
05:22:49.654 (6253426390)|USER_DEBUG|[121]|DEBUG|Anydatatype_msg*** Book Seller Book Seller Store71
05:22:49.654 (6253515772)|USER_DEBUG|[121]|DEBUG|Anydatatype_msg*** Book Seller Book Seller Store71
05:22:49.654 (6253590882)|USER_DEBUG|[121]|DEBUG|Anydatatype_msg*** Book Seller Book Seller Store71
05:22:49.654 (6253664124)|USER_DEBUG|[121]|DEBUG|Anydatatype_msg*** Book Seller Book Seller Store71
05:22:49.654 (6253737405)|USER_DEBUG|[121]|DEBUG|Anydatatype_msg*** Book Seller Book Seller Store71
05:22:49.654 (6253809811)|USER_DEBUG|[121]|DEBUG|Anydatatype_msg*** Book Seller Book Seller Store71
05:22:49.654 (6253881812)|USER_DEBUG|[121]|DEBUG|Anydatatype_msg*** Book Seller Book Seller Store71
05:22:49.654 (6253954008)|USER_DEBUG|[121]|DEBUG|Anydatatype_msg*** Book Seller Book Seller Store71
05:22:49.654 (6254028482)|USER_DEBUG|[121]|DEBUG|Anydatatype_msg*** Book Seller Book Seller Store71
05:22:49.654 (6254101849)|USER_DEBUG|[121]|DEBUG|Anydatatype_msg*** Book Seller Book Seller Store71
05:22:49.654 (6254180216)|USER_DEBUG|[121]|DEBUG|Anydatatype_msg*** Book Seller Book Seller Store72
05:22:49.654 (6254257852)|USER_DEBUG|[121]|DEBUG|Anydatatype_msg*** Book Seller Book Seller Store71
05:22:49.654 (6254333638)|USER_DEBUG|[121]|DEBUG|Anydatatype_msg*** Book Seller Book Seller Store72
05:22:49.654 (6254406305)|USER_DEBUG|[121]|DEBUG|Anydatatype_msg*** Book Seller Book Seller Store71
05:22:49.654 (6254478494)|USER_DEBUG|[121]|DEBUG|Anydatatype_msg*** Book Seller Book Seller Store72
05:22:49.654 (6254550897)|USER_DEBUG|[121]|DEBUG|Anydatatype_msg*** Book Seller Book Seller Store71
05:22:49.654 (6254623396)|USER_DEBUG|[121]|DEBUG|Anydatatype_msg*** Book Seller Book Seller Store72
05:22:49.654 (6254695501)|USER_DEBUG|[121]|DEBUG|Anydatatype_msg*** Book Seller Book Seller Store71
05:22:49.654 (6254768382)|USER_DEBUG|[121]|DEBUG|Anydatatype_msg*** Book Seller Book Seller Store72
05:22:49.654 (6254840634)|USER_DEBUG|[121]|DEBUG|Anydatatype_msg*** Book Seller Book Seller Store71
05:22:49.654 (6254913061)|USER_DEBUG|[121]|DEBUG|Anydatatype_msg*** Book Seller Book Seller Store72
05:22:49.654 (6254985380)|USER_DEBUG|[121]|DEBUG|Anydatatype_msg*** Book Seller Book Seller Store71
05:22:49.654 (6255058030)|USER_DEBUG|[121]|DEBUG|Anydatatype_msg*** Book Seller Book Seller Store72
05:22:49.654 (6255131318)|USER_DEBUG|[121]|DEBUG|Anydatatype_msg*** Book Seller Book Seller Store71
05:22:49.654 (6255203663)|USER_DEBUG|[121]|DEBUG|Anydatatype_msg*** Book Seller Book Seller Store72
05:22:49.654 (6255280514)|USER_DEBUG|[121]|DEBUG|Anydatatype_msg*** Book Seller Book Seller Store71
05:22:49.654 (6255353855)|USER_DEBUG|[121]|DEBUG|Anydatatype_msg*** Book Seller Book Seller Store72
05:22:49.654 (6255426043)|USER_DEBUG|[121]|DEBUG|Anydatatype_msg*** Book Seller Book Seller Store71
05:22:49.654 (6255498163)|USER_DEBUG|[121]|DEBUG|Anydatatype_msg*** Book Seller Book Seller Store72
05:22:49.654 (6255575964)|USER_DEBUG|[121]|DEBUG|Anydatatype_msg*** Book Seller Book Seller Store71
05:22:49.654 (6271451281)|CODE_UNIT_STARTED|[EXTERNAL]|01q11000000D55H|BookOrderTrigger on Book_Order trigger event BeforeUpdate for [a001100000Domej]
05:22:49.654 (6271882493)|USER_DEBUG|[19]|DEBUG|eachBO***Book_Order__c:{Id=a001100000DomejAAB, IsDeleted=false, Name=order_2, CreatedDate=2017-02-23 13:22:51, CreatedById=005410000028GkSAAU, LastModifiedDate=2017-02-23 13:22:51, LastModifiedById=005410000028GkSAAU, SystemModstamp=2017-02-23 13:22:51, LastViewedDate=null, LastReferencedDate=null, Contact__c=0031100001G0HnmAAF, Total_Cost__c=200.00, Order_Status__c=Ordered}
05:22:49.654 (6272006574)|USER_DEBUG|[23]|DEBUG|setBookOrderId***{a001100000DomejAAB}
05:22:49.654 (6288334818)|USER_DEBUG|[40]|DEBUG|mapBOLineItem***10
05:22:49.654 (6319042593)|USER_DEBUG|[64]|DEBUG|lstBooks***()
05:22:49.654 (6322012413)|USER_DEBUG|[76]|DEBUG|mapCount***{}
05:22:49.654 (6322074870)|USER_DEBUG|[84]|DEBUG|ReqAccId***{}
05:22:49.654 (6324002350)|USER_DEBUG|[105]|DEBUG|FinalBookcount***null
05:22:49.654 (6324027586)|USER_DEBUG|[106]|DEBUG|lstFinalPrdUpdate***()
05:22:49.654 (6345259665)|CODE_UNIT_FINISHED|BookOrderTrigger on Book_Order trigger event BeforeUpdate for [a001100000Domej]
05:22:49.654 (6359239571)|EXCEPTION_THROWN|[135]|System.AssertException: Assertion Failed: Expected: Backordered, Actual: Shipped
05:22:49.654 (6359349389)|FATAL_ERROR|System.AssertException: Assertion Failed: Expected: Backordered, Actual: Shipped

Class.BookListControllerTest.TestMethodOne: line 135, column 1
05:22:49.654 (6359358127)|FATAL_ERROR|System.AssertException: Assertion Failed: Expected: Backordered, Actual: Shipped

Class.BookListControllerTest.TestMethodOne: line 135, column 1
05:22:49.654 (6359365135)|CODE_UNIT_FINISHED|BookListControllerTest.TestMethodOne
05:22:49.654 (6360824530)|EXECUTION_FINISHED
