39.0 APEX_CODE,DEBUG;APEX_PROFILING,NONE;CALLOUT,NONE;DB,NONE;SYSTEM,NONE;VALIDATION,NONE;VISUALFORCE,NONE;WAVE,NONE;WORKFLOW,NONE
05:54:07.1 (1433376)|USER_INFO|[EXTERNAL]|005410000028GkS|candidate@829258advdev.com.devbox|Pacific Standard Time|GMT-08:00
05:54:07.1 (1471600)|EXECUTION_STARTED
05:54:07.1 (1476580)|CODE_UNIT_STARTED|[EXTERNAL]|01p11000000Fz9e|BookListControllerTest.TestMethodOne
05:54:10.531 (3531170611)|CODE_UNIT_STARTED|[EXTERNAL]|Workflow:Product2
05:54:10.531 (3787712370)|CODE_UNIT_FINISHED|Workflow:Product2
05:54:10.531 (4056581424)|CODE_UNIT_STARTED|[EXTERNAL]|Workflow:Product2
05:54:10.531 (4306896868)|CODE_UNIT_FINISHED|Workflow:Product2
05:54:10.531 (4504256289)|CODE_UNIT_STARTED|[EXTERNAL]|Workflow:Product2
05:54:11.683 (4683189149)|CODE_UNIT_FINISHED|Workflow:Product2
05:54:11.683 (5026497492)|CODE_UNIT_STARTED|[EXTERNAL]|Workflow:Product2
05:54:11.683 (5300215538)|CODE_UNIT_FINISHED|Workflow:Product2
05:54:11.683 (5615911211)|CODE_UNIT_STARTED|[EXTERNAL]|Workflow:Product2
05:54:12.859 (5859803052)|CODE_UNIT_FINISHED|Workflow:Product2
05:54:12.859 (6245315409)|CODE_UNIT_STARTED|[EXTERNAL]|Workflow:Product2
05:54:12.859 (6543023244)|CODE_UNIT_FINISHED|Workflow:Product2
05:54:14.198 (7198508021)|CODE_UNIT_STARTED|[EXTERNAL]|Workflow:Contact
05:54:14.198 (7230883671)|CODE_UNIT_FINISHED|Workflow:Contact
05:54:14.198 (7313575340)|USER_DEBUG|[92]|DEBUG|Test dataBook_Order__c:{Id=a001100000DomprAAB, Name=order_2, Contact__c=0031100001G0HrjAAF}
05:54:14.198 (7313655986)|EXCEPTION_THROWN|[98]|System.NullPointerException: Attempt to de-reference a null object
05:54:14.198 (7313730192)|FATAL_ERROR|System.NullPointerException: Attempt to de-reference a null object

Class.BookListControllerTest.TestMethodOne: line 98, column 1
05:54:14.198 (7313737884)|FATAL_ERROR|System.NullPointerException: Attempt to de-reference a null object

Class.BookListControllerTest.TestMethodOne: line 98, column 1
05:54:14.198 (7313745507)|CODE_UNIT_FINISHED|BookListControllerTest.TestMethodOne
05:54:14.198 (7315406295)|EXECUTION_FINISHED
