39.0 APEX_CODE,DEBUG;APEX_PROFILING,NONE;CALLOUT,NONE;DB,NONE;SYSTEM,NONE;VALIDATION,NONE;VISUALFORCE,NONE;WAVE,NONE;WORKFLOW,NONE
06:22:19.1 (1552092)|USER_INFO|[EXTERNAL]|005410000028GkS|candidate@829258advdev.com.devbox|Pacific Standard Time|GMT-08:00
06:22:19.1 (1626743)|EXECUTION_STARTED
06:22:19.1 (1632182)|CODE_UNIT_STARTED|[EXTERNAL]|01p11000000FzFc|BookOrderPageControllerTest.TestMethodFour
06:22:23.44 (4044866870)|CODE_UNIT_STARTED|[EXTERNAL]|Workflow:Product2
06:22:23.44 (4370976041)|CODE_UNIT_FINISHED|Workflow:Product2
06:22:23.44 (4563600508)|CODE_UNIT_STARTED|[EXTERNAL]|Workflow:Product2
06:22:23.44 (4725866053)|CODE_UNIT_FINISHED|Workflow:Product2
06:22:24.102 (5102982071)|CODE_UNIT_STARTED|[EXTERNAL]|Workflow:Product2
06:22:24.102 (5340558500)|CODE_UNIT_FINISHED|Workflow:Product2
06:22:24.102 (5708030612)|CODE_UNIT_STARTED|[EXTERNAL]|Workflow:Product2
06:22:24.102 (6037763288)|CODE_UNIT_FINISHED|Workflow:Product2
06:22:25.391 (6391839145)|CODE_UNIT_STARTED|[EXTERNAL]|Workflow:Product2
06:22:25.391 (6646927361)|CODE_UNIT_FINISHED|Workflow:Product2
06:22:26.739 (7739970131)|CODE_UNIT_STARTED|[EXTERNAL]|Workflow:Contact
06:22:26.739 (7777709142)|CODE_UNIT_FINISHED|Workflow:Contact
06:22:26.739 (7847798243)|VF_PAGE_MESSAGE|Book Order ID is Missing
06:22:26.739 (7849958509)|CODE_UNIT_FINISHED|BookOrderPageControllerTest.TestMethodFour
06:22:26.739 (7851698496)|EXECUTION_FINISHED
06:22:28.172 (9172756526)|USER_INFO|[EXTERNAL]|005410000028GkS|candidate@829258advdev.com.devbox|Pacific Standard Time|GMT-08:00
06:22:28.172 (9172783138)|EXECUTION_STARTED
06:22:28.172 (9172789692)|CODE_UNIT_STARTED|[EXTERNAL]|01p11000000FzFc|BookOrderPageControllerTest.TestMethodOne
06:22:31.782 (12782338044)|CODE_UNIT_STARTED|[EXTERNAL]|Workflow:Product2
06:22:31.782 (13064840986)|CODE_UNIT_FINISHED|Workflow:Product2
06:22:31.782 (13218607005)|CODE_UNIT_STARTED|[EXTERNAL]|Workflow:Product2
06:22:31.782 (13366128657)|CODE_UNIT_FINISHED|Workflow:Product2
06:22:31.782 (13701012078)|CODE_UNIT_STARTED|[EXTERNAL]|Workflow:Product2
06:22:32.991 (13991169507)|CODE_UNIT_FINISHED|Workflow:Product2
06:22:32.991 (14293375935)|CODE_UNIT_STARTED|[EXTERNAL]|Workflow:Product2
06:22:32.991 (14591970414)|CODE_UNIT_FINISHED|Workflow:Product2
06:22:32.991 (14866831134)|CODE_UNIT_STARTED|[EXTERNAL]|Workflow:Product2
06:22:34.116 (15116683336)|CODE_UNIT_FINISHED|Workflow:Product2
06:22:35.268 (16268327582)|CODE_UNIT_STARTED|[EXTERNAL]|Workflow:Contact
06:22:35.268 (16296027820)|CODE_UNIT_FINISHED|Workflow:Contact
06:22:35.268 (16328989151)|USER_DEBUG|[68]|DEBUG|lstPrd 300
06:22:35.268 (16347161075)|USER_DEBUG|[74]|DEBUG|Test dataBook_Order__c:{Id=a001100000DbFKxAAN, Name=order_2, Contact__c=0031100001FvChBAAV}
06:22:35.268 (16409430739)|EXCEPTION_THROWN|[93]|System.AssertException: Assertion Failed: Same value: 0
06:22:35.268 (16409567516)|FATAL_ERROR|System.AssertException: Assertion Failed: Same value: 0

Class.BookOrderPageController.addToShoppingCart: line 93, column 1
Class.BookOrderPageControllerTest.TestMethodOne: line 89, column 1
06:22:35.268 (16409577312)|FATAL_ERROR|System.AssertException: Assertion Failed: Same value: 0

Class.BookOrderPageController.addToShoppingCart: line 93, column 1
Class.BookOrderPageControllerTest.TestMethodOne: line 89, column 1
06:22:35.268 (16409588842)|CODE_UNIT_FINISHED|BookOrderPageControllerTest.TestMethodOne
06:22:35.268 (16412025437)|EXECUTION_FINISHED
06:22:36.671 (17671320109)|USER_INFO|[EXTERNAL]|005410000028GkS|candidate@829258advdev.com.devbox|Pacific Standard Time|GMT-08:00
06:22:36.671 (17671344657)|EXECUTION_STARTED
06:22:36.671 (17671350616)|CODE_UNIT_STARTED|[EXTERNAL]|01p11000000FzFc|BookOrderPageControllerTest.TestMethodTwo
06:22:40.378 (21378442669)|CODE_UNIT_STARTED|[EXTERNAL]|Workflow:Product2
06:22:40.378 (21658132107)|CODE_UNIT_FINISHED|Workflow:Product2
06:22:40.378 (21801999192)|CODE_UNIT_STARTED|[EXTERNAL]|Workflow:Product2
06:22:40.378 (21949390759)|CODE_UNIT_FINISHED|Workflow:Product2
06:22:40.378 (22232673535)|CODE_UNIT_STARTED|[EXTERNAL]|Workflow:Product2
06:22:41.512 (22512609642)|CODE_UNIT_FINISHED|Workflow:Product2
06:22:41.512 (22754771542)|CODE_UNIT_STARTED|[EXTERNAL]|Workflow:Product2
06:22:41.512 (23037594899)|CODE_UNIT_FINISHED|Workflow:Product2
06:22:41.512 (23374557788)|CODE_UNIT_STARTED|[EXTERNAL]|Workflow:Product2
06:22:42.781 (23781552942)|CODE_UNIT_FINISHED|Workflow:Product2
06:22:43.840 (24840073186)|CODE_UNIT_STARTED|[EXTERNAL]|Workflow:Contact
06:22:43.840 (24867149272)|CODE_UNIT_FINISHED|Workflow:Contact
06:22:43.840 (25186483124)|EXCEPTION_THROWN|[93]|System.AssertException: Assertion Failed: Same value: 0
06:22:43.840 (25186736141)|FATAL_ERROR|System.AssertException: Assertion Failed: Same value: 0

Class.BookOrderPageController.addToShoppingCart: line 93, column 1
Class.BookOrderPageControllerTest.TestMethodTwo: line 152, column 1
06:22:43.840 (25186745528)|FATAL_ERROR|System.AssertException: Assertion Failed: Same value: 0

Class.BookOrderPageController.addToShoppingCart: line 93, column 1
Class.BookOrderPageControllerTest.TestMethodTwo: line 152, column 1
06:22:43.840 (25186755407)|CODE_UNIT_FINISHED|BookOrderPageControllerTest.TestMethodTwo
06:22:43.840 (25189799414)|EXECUTION_FINISHED
