39.0 APEX_CODE,DEBUG;APEX_PROFILING,NONE;CALLOUT,NONE;DB,NONE;SYSTEM,NONE;VALIDATION,NONE;VISUALFORCE,NONE;WAVE,NONE;WORKFLOW,NONE
05:50:58.1 (1009335)|USER_INFO|[EXTERNAL]|005410000028GkS|candidate@829258advdev.com.devbox|Pacific Standard Time|GMT-08:00
05:50:58.1 (1065434)|EXECUTION_STARTED
05:50:58.1 (1071084)|CODE_UNIT_STARTED|[EXTERNAL]|01p11000000Fz9e|BookListControllerTest.TestMethodOne
05:51:01.500 (3500184950)|CODE_UNIT_STARTED|[EXTERNAL]|Workflow:Product2
05:51:01.500 (3765672992)|CODE_UNIT_FINISHED|Workflow:Product2
05:51:01.500 (3883198195)|CODE_UNIT_STARTED|[EXTERNAL]|Workflow:Product2
05:51:01.500 (4031378620)|CODE_UNIT_FINISHED|Workflow:Product2
05:51:01.500 (4330095134)|CODE_UNIT_STARTED|[EXTERNAL]|Workflow:Product2
05:51:02.578 (4578761818)|CODE_UNIT_FINISHED|Workflow:Product2
05:51:02.578 (4844876181)|CODE_UNIT_STARTED|[EXTERNAL]|Workflow:Product2
05:51:02.578 (5172706794)|CODE_UNIT_FINISHED|Workflow:Product2
05:51:02.578 (5513700299)|CODE_UNIT_STARTED|[EXTERNAL]|Workflow:Product2
05:51:03.810 (5810457714)|CODE_UNIT_FINISHED|Workflow:Product2
05:51:03.810 (6155099900)|CODE_UNIT_STARTED|[EXTERNAL]|Workflow:Contact
05:51:03.810 (6196257829)|CODE_UNIT_FINISHED|Workflow:Contact
05:51:03.810 (6253949808)|USER_DEBUG|[92]|DEBUG|Test dataBook_Order__c:{Id=a001100000DomphAAB, Name=order_2, Contact__c=0031100001G0HqvAAF}
05:51:03.810 (6254065250)|EXCEPTION_THROWN|[98]|System.NullPointerException: Attempt to de-reference a null object
05:51:03.810 (6254161214)|FATAL_ERROR|System.NullPointerException: Attempt to de-reference a null object

Class.BookListControllerTest.TestMethodOne: line 98, column 1
05:51:03.810 (6254174542)|FATAL_ERROR|System.NullPointerException: Attempt to de-reference a null object

Class.BookListControllerTest.TestMethodOne: line 98, column 1
05:51:03.810 (6254189244)|CODE_UNIT_FINISHED|BookListControllerTest.TestMethodOne
05:51:03.810 (6255978956)|EXECUTION_FINISHED
