39.0 APEX_CODE,DEBUG;APEX_PROFILING,NONE;CALLOUT,NONE;DB,NONE;SYSTEM,NONE;VALIDATION,NONE;VISUALFORCE,NONE;WAVE,NONE;WORKFLOW,NONE
06:19:39.0 (946991)|USER_INFO|[EXTERNAL]|005410000028GkS|candidate@829258advdev.com.devbox|Pacific Standard Time|GMT-08:00
06:19:39.0 (988394)|EXECUTION_STARTED
06:19:39.0 (996728)|CODE_UNIT_STARTED|[EXTERNAL]|01p11000000Fz9e|BookListControllerTest.TestMethodOne
06:19:43.264 (4264975149)|CODE_UNIT_STARTED|[EXTERNAL]|Workflow:Product2
06:19:43.264 (4589975395)|CODE_UNIT_FINISHED|Workflow:Product2
06:19:43.264 (4769670829)|CODE_UNIT_STARTED|[EXTERNAL]|Workflow:Product2
06:19:43.264 (4940674956)|CODE_UNIT_FINISHED|Workflow:Product2
06:19:44.324 (5324305874)|CODE_UNIT_STARTED|[EXTERNAL]|Workflow:Product2
06:19:44.324 (5612029267)|CODE_UNIT_FINISHED|Workflow:Product2
06:19:44.324 (6007227421)|CODE_UNIT_STARTED|[EXTERNAL]|Workflow:Product2
06:19:44.324 (6294039881)|CODE_UNIT_FINISHED|Workflow:Product2
06:19:45.765 (6765070523)|CODE_UNIT_STARTED|[EXTERNAL]|Workflow:Product2
06:19:45.765 (7081741633)|CODE_UNIT_FINISHED|Workflow:Product2
06:19:47.113 (8113089991)|CODE_UNIT_STARTED|[EXTERNAL]|Workflow:Contact
06:19:47.113 (8153854020)|CODE_UNIT_FINISHED|Workflow:Contact
06:19:47.113 (8259942933)|USER_DEBUG|[88]|DEBUG|Test dataBook_Order__c:{Id=a001100000DomqpAAB, Name=order_2, Contact__c=0031100001G0I7NAAV}
06:19:47.113 (8260283521)|USER_DEBUG|[95]|DEBUG|Anydatatype_msg1Family1**Inventory Book Seller
06:19:47.113 (8260852537)|USER_DEBUG|[95]|DEBUG|Anydatatype_msg1Family1**Inventory Book Seller
06:19:47.113 (8261066576)|USER_DEBUG|[95]|DEBUG|Anydatatype_msg1Family1**Inventory Book Seller
06:19:47.113 (8261294149)|USER_DEBUG|[95]|DEBUG|Anydatatype_msg1Family1**Inventory Book Seller
06:19:47.113 (8261498595)|USER_DEBUG|[95]|DEBUG|Anydatatype_msg1Family1**Inventory Book Seller
06:19:47.113 (8261707768)|USER_DEBUG|[95]|DEBUG|Anydatatype_msg1Family1**Inventory Book Seller
06:19:47.113 (8261939660)|USER_DEBUG|[95]|DEBUG|Anydatatype_msg1Family1**Inventory Book Seller
06:19:47.113 (8262150633)|USER_DEBUG|[95]|DEBUG|Anydatatype_msg1Family1**Inventory Book Seller
06:19:47.113 (8262387912)|USER_DEBUG|[95]|DEBUG|Anydatatype_msg1Family1**Inventory Book Seller
06:19:47.113 (8262619017)|USER_DEBUG|[95]|DEBUG|Anydatatype_msg1Family1**Inventory Book Seller
06:19:47.113 (8338735202)|CODE_UNIT_STARTED|[EXTERNAL]|01q11000000D55H|BookOrderTrigger on Book_Order trigger event BeforeUpdate for [a001100000Domqp]
06:19:47.113 (8339978427)|USER_DEBUG|[19]|DEBUG|eachBO***Book_Order__c:{Id=a001100000DomqpAAB, IsDeleted=false, Name=order_2, CreatedDate=2017-02-23 14:19:47, CreatedById=005410000028GkSAAU, LastModifiedDate=2017-02-23 14:19:47, LastModifiedById=005410000028GkSAAU, SystemModstamp=2017-02-23 14:19:47, LastViewedDate=null, LastReferencedDate=null, Contact__c=0031100001G0I7NAAV, Total_Cost__c=200.00, Order_Status__c=New}
06:19:47.113 (8340173985)|USER_DEBUG|[23]|DEBUG|setBookOrderId***{}
06:19:47.113 (8344097410)|USER_DEBUG|[40]|DEBUG|mapBOLineItem***0
06:19:47.113 (8348618173)|USER_DEBUG|[64]|DEBUG|lstBooks***()
06:19:47.113 (8351230342)|USER_DEBUG|[76]|DEBUG|mapCount***{}
06:19:47.113 (8351324287)|USER_DEBUG|[84]|DEBUG|ReqAccId***{}
06:19:47.113 (8353349322)|USER_DEBUG|[105]|DEBUG|FinalBookcount***null
06:19:47.113 (8353395487)|USER_DEBUG|[106]|DEBUG|lstFinalPrdUpdate***()
06:19:47.113 (8356942705)|CODE_UNIT_FINISHED|BookOrderTrigger on Book_Order trigger event BeforeUpdate for [a001100000Domqp]
06:19:47.113 (8408345814)|USER_DEBUG|[121]|DEBUG|Anydatatype_msg*** Book Seller Book Seller Store72
06:19:47.113 (8408436983)|USER_DEBUG|[121]|DEBUG|Anydatatype_msg*** Book Seller Book Seller Store71
06:19:47.113 (8408508064)|USER_DEBUG|[121]|DEBUG|Anydatatype_msg*** Book Seller Book Seller Store72
06:19:47.113 (8408576960)|USER_DEBUG|[121]|DEBUG|Anydatatype_msg*** Book Seller Book Seller Store71
06:19:47.113 (8408651677)|USER_DEBUG|[121]|DEBUG|Anydatatype_msg*** Book Seller Book Seller Store72
06:19:47.113 (8408721708)|USER_DEBUG|[121]|DEBUG|Anydatatype_msg*** Book Seller Book Seller Store71
06:19:47.113 (8408789800)|USER_DEBUG|[121]|DEBUG|Anydatatype_msg*** Book Seller Book Seller Store72
06:19:47.113 (8408859273)|USER_DEBUG|[121]|DEBUG|Anydatatype_msg*** Book Seller Book Seller Store71
06:19:47.113 (8408927520)|USER_DEBUG|[121]|DEBUG|Anydatatype_msg*** Book Seller Book Seller Store72
06:19:47.113 (8408995523)|USER_DEBUG|[121]|DEBUG|Anydatatype_msg*** Book Seller Book Seller Store71
06:19:47.113 (8409063772)|USER_DEBUG|[121]|DEBUG|Anydatatype_msg*** Book Seller Book Seller Store72
06:19:47.113 (8409133122)|USER_DEBUG|[121]|DEBUG|Anydatatype_msg*** Book Seller Book Seller Store71
06:19:47.113 (8409200735)|USER_DEBUG|[121]|DEBUG|Anydatatype_msg*** Book Seller Book Seller Store72
06:19:47.113 (8409268649)|USER_DEBUG|[121]|DEBUG|Anydatatype_msg*** Book Seller Book Seller Store71
06:19:47.113 (8409336090)|USER_DEBUG|[121]|DEBUG|Anydatatype_msg*** Book Seller Book Seller Store72
06:19:47.113 (8409403664)|USER_DEBUG|[121]|DEBUG|Anydatatype_msg*** Book Seller Book Seller Store71
06:19:47.113 (8409471820)|USER_DEBUG|[121]|DEBUG|Anydatatype_msg*** Book Seller Book Seller Store72
06:19:47.113 (8409540468)|USER_DEBUG|[121]|DEBUG|Anydatatype_msg*** Book Seller Book Seller Store71
06:19:47.113 (8409608448)|USER_DEBUG|[121]|DEBUG|Anydatatype_msg*** Book Seller Book Seller Store72
06:19:47.113 (8409681707)|USER_DEBUG|[121]|DEBUG|Anydatatype_msg*** Book Seller Book Seller Store71
06:19:47.113 (8409750082)|USER_DEBUG|[121]|DEBUG|Anydatatype_msg*** Book Seller Book Seller Store71
06:19:47.113 (8409817669)|USER_DEBUG|[121]|DEBUG|Anydatatype_msg*** Book Seller Book Seller Store71
06:19:47.113 (8409885947)|USER_DEBUG|[121]|DEBUG|Anydatatype_msg*** Book Seller Book Seller Store71
06:19:47.113 (8409953825)|USER_DEBUG|[121]|DEBUG|Anydatatype_msg*** Book Seller Book Seller Store71
06:19:47.113 (8410021668)|USER_DEBUG|[121]|DEBUG|Anydatatype_msg*** Book Seller Book Seller Store71
06:19:47.113 (8410090389)|USER_DEBUG|[121]|DEBUG|Anydatatype_msg*** Book Seller Book Seller Store71
06:19:47.113 (8410158425)|USER_DEBUG|[121]|DEBUG|Anydatatype_msg*** Book Seller Book Seller Store71
06:19:47.113 (8410227291)|USER_DEBUG|[121]|DEBUG|Anydatatype_msg*** Book Seller Book Seller Store71
06:19:47.113 (8410295482)|USER_DEBUG|[121]|DEBUG|Anydatatype_msg*** Book Seller Book Seller Store71
06:19:47.113 (8410362812)|USER_DEBUG|[121]|DEBUG|Anydatatype_msg*** Book Seller Book Seller Store71
06:19:47.113 (8427157163)|CODE_UNIT_STARTED|[EXTERNAL]|01q11000000D55H|BookOrderTrigger on Book_Order trigger event BeforeUpdate for [a001100000Domqp]
06:19:47.113 (8427594339)|USER_DEBUG|[19]|DEBUG|eachBO***Book_Order__c:{Id=a001100000DomqpAAB, IsDeleted=false, Name=order_2, CreatedDate=2017-02-23 14:19:47, CreatedById=005410000028GkSAAU, LastModifiedDate=2017-02-23 14:19:47, LastModifiedById=005410000028GkSAAU, SystemModstamp=2017-02-23 14:19:47, LastViewedDate=null, LastReferencedDate=null, Contact__c=0031100001G0I7NAAV, Total_Cost__c=200.00, Order_Status__c=Ordered}
06:19:47.113 (8427730567)|USER_DEBUG|[23]|DEBUG|setBookOrderId***{a001100000DomqpAAB}
06:19:47.113 (8441807204)|USER_DEBUG|[40]|DEBUG|mapBOLineItem***10
06:19:47.113 (8481832186)|USER_DEBUG|[64]|DEBUG|lstBooks***()
06:19:47.113 (8484738080)|USER_DEBUG|[76]|DEBUG|mapCount***{}
06:19:47.113 (8484799152)|USER_DEBUG|[84]|DEBUG|ReqAccId***{}
06:19:47.113 (8486845600)|USER_DEBUG|[105]|DEBUG|FinalBookcount***null
06:19:47.113 (8486872558)|USER_DEBUG|[106]|DEBUG|lstFinalPrdUpdate***()
06:19:47.113 (8511572212)|CODE_UNIT_FINISHED|BookOrderTrigger on Book_Order trigger event BeforeUpdate for [a001100000Domqp]
06:19:47.113 (8527194857)|EXCEPTION_THROWN|[135]|System.AssertException: Assertion Failed: Expected: Backordered, Actual: Shipped
06:19:47.113 (8527329965)|FATAL_ERROR|System.AssertException: Assertion Failed: Expected: Backordered, Actual: Shipped

Class.BookListControllerTest.TestMethodOne: line 135, column 1
06:19:47.113 (8527339718)|FATAL_ERROR|System.AssertException: Assertion Failed: Expected: Backordered, Actual: Shipped

Class.BookListControllerTest.TestMethodOne: line 135, column 1
06:19:47.113 (8527359671)|CODE_UNIT_FINISHED|BookListControllerTest.TestMethodOne
06:19:47.113 (8528707123)|EXECUTION_FINISHED
