39.0 APEX_CODE,DEBUG;APEX_PROFILING,NONE;CALLOUT,NONE;DB,NONE;SYSTEM,DEBUG;VALIDATION,NONE;VISUALFORCE,NONE;WAVE,NONE;WORKFLOW,NONE
05:58:25.1 (1314025)|USER_INFO|[EXTERNAL]|005410000028GkS|candidate@829258advdev.com.devbox|Pacific Standard Time|GMT-08:00
05:58:25.1 (1368023)|EXECUTION_STARTED
05:58:25.1 (1374675)|CODE_UNIT_STARTED|[EXTERNAL]|01p11000000FzFc|BookOrderPageControllerTest.TestMethodFour
05:58:29.257 (4257374937)|CODE_UNIT_STARTED|[EXTERNAL]|Workflow:Product2
05:58:29.257 (4574870079)|CODE_UNIT_FINISHED|Workflow:Product2
05:58:29.257 (4803986754)|CODE_UNIT_STARTED|[EXTERNAL]|Workflow:Product2
05:58:29.257 (5003895646)|CODE_UNIT_FINISHED|Workflow:Product2
05:58:30.341 (5341418565)|CODE_UNIT_STARTED|[EXTERNAL]|Workflow:Product2
05:58:30.341 (5603632288)|CODE_UNIT_FINISHED|Workflow:Product2
05:58:30.341 (5994006923)|CODE_UNIT_STARTED|[EXTERNAL]|Workflow:Product2
05:58:30.341 (6306240307)|CODE_UNIT_FINISHED|Workflow:Product2
05:58:31.781 (6781759257)|CODE_UNIT_STARTED|[EXTERNAL]|Workflow:Product2
05:58:31.781 (7123236309)|CODE_UNIT_FINISHED|Workflow:Product2
05:58:31.781 (7408257320)|CODE_UNIT_STARTED|[EXTERNAL]|Workflow:Contact
05:58:31.781 (7450724586)|CODE_UNIT_FINISHED|Workflow:Contact
05:58:31.781 (7502919532)|SYSTEM_MODE_ENTER|false
05:58:31.781 (7502934196)|SYSTEM_MODE_EXIT|false
05:58:31.781 (7502995791)|SYSTEM_MODE_ENTER|false
05:58:31.781 (7503428045)|VF_PAGE_MESSAGE|Book Order ID is Missing
05:58:31.781 (7503438806)|SYSTEM_MODE_EXIT|false
05:58:31.781 (7506545793)|CODE_UNIT_FINISHED|BookOrderPageControllerTest.TestMethodFour
05:58:31.781 (7507890360)|EXECUTION_FINISHED
05:58:33.755 (8755852693)|USER_INFO|[EXTERNAL]|005410000028GkS|candidate@829258advdev.com.devbox|Pacific Standard Time|GMT-08:00
05:58:33.755 (8755872946)|EXECUTION_STARTED
05:58:33.755 (8755877707)|CODE_UNIT_STARTED|[EXTERNAL]|01p11000000FzFc|BookOrderPageControllerTest.TestMethodOne
05:58:37.392 (12392961716)|CODE_UNIT_STARTED|[EXTERNAL]|Workflow:Product2
05:58:37.392 (12669203782)|CODE_UNIT_FINISHED|Workflow:Product2
05:58:37.392 (12829729252)|CODE_UNIT_STARTED|[EXTERNAL]|Workflow:Product2
05:58:37.392 (12999069806)|CODE_UNIT_FINISHED|Workflow:Product2
05:58:37.392 (13314201505)|CODE_UNIT_STARTED|[EXTERNAL]|Workflow:Product2
05:58:38.587 (13587557748)|CODE_UNIT_FINISHED|Workflow:Product2
05:58:38.587 (13893022208)|CODE_UNIT_STARTED|[EXTERNAL]|Workflow:Product2
05:58:38.587 (14232413295)|CODE_UNIT_FINISHED|Workflow:Product2
05:58:38.587 (14575676527)|CODE_UNIT_STARTED|[EXTERNAL]|Workflow:Product2
05:58:39.866 (14866105470)|CODE_UNIT_FINISHED|Workflow:Product2
05:58:39.866 (15148057309)|CODE_UNIT_STARTED|[EXTERNAL]|Workflow:Contact
05:58:39.866 (15175063827)|CODE_UNIT_FINISHED|Workflow:Contact
05:58:39.866 (15209700941)|USER_DEBUG|[68]|DEBUG|lstPrd (Product2:{Account__c=0011100001LcX4tAAF, Id=01t11000006fnZ2AAI, Name=Book_59, Family=Hardcover, Current_Price__c=20.00}, Product2:{Account__c=0011100001LcX4tAAF, Id=01t11000006fnY5AAI, Name=Book_0, Family=Collection, Current_Price__c=20.00}, Product2:{Account__c=0011100001LcX4tAAF, Id=01t11000006fnZ0AAI, Name=Book_57, Family=Hardcover, Current_Price__c=20.00}, Product2:{Account__c=0011100001LcX4tAAF, Id=01t11000006fnYzAAI, Name=Book_56, Family=Hardcover, Current_Price__c=20.00}, Product2:{Account__c=0011100001LcX4tAAF, Id=01t11000006fnYyAAI, Name=Book_55, Family=Hardcover, Current_Price__c=20.00}, Product2:{Account__c=0011100001LcX4tAAF, Id=01t11000006fnYxAAI, Name=Book_54, Family=Hardcover, Current_Price__c=20.00}, Product2:{Account__c=0011100001LcX4tAAF, Id=01t11000006fnYwAAI, Name=Book_53, Family=Hardcover, Current_Price__c=20.00}, Product2:{Account__c=0011100001LcX4tAAF, Id=01t11000006fnYvAAI, Name=Book_52, Family=Hardcover, Current_Price__c=20.00}, Product2:{Account__c=0011100001LcX4tAAF, Id=01t11000006fnYuAAI, Name=Book_51, Family=Hardcover, Current_Price__c=20.00}, Product2:{Account__c=0011100001LcX4tAAF, Id=01t11000006fnYtAAI, Name=Book_50, Family=Hardcover, Current_Price__c=20.00}, ...)
05:58:39.866 (15213860174)|USER_DEBUG|[74]|DEBUG|Test dataBook_Order__c:{Id=a001100000DbFBCAA3, Name=order_2, Contact__c=0031100001Fv76yAAB}
05:58:39.866 (15217781711)|SYSTEM_MODE_ENTER|false
05:58:39.866 (15217793325)|SYSTEM_MODE_EXIT|false
05:58:39.866 (15217846983)|SYSTEM_MODE_ENTER|false
05:58:39.866 (15246512417)|SYSTEM_MODE_EXIT|false
05:58:39.866 (15246686692)|SYSTEM_MODE_ENTER|false
05:58:39.866 (15284278127)|CODE_UNIT_STARTED|[EXTERNAL]|01q11000000D4Gi|BookOrder on Book_Order trigger event BeforeUpdate for [a001100000DbFBC]
05:58:39.866 (15309689374)|USER_DEBUG|[81]|DEBUG|List of Book Names{}
05:58:39.866 (15309782206)|USER_DEBUG|[99]|DEBUG|List of Wharehouse accounts()
05:58:39.866 (15309935774)|USER_DEBUG|[163]|DEBUG|Final update to Product{}
05:58:39.866 (15311646022)|CODE_UNIT_FINISHED|BookOrder on Book_Order trigger event BeforeUpdate for [a001100000DbFBC]
05:58:39.866 (15334305018)|USER_DEBUG|[76]|DEBUG|test0.00
05:58:39.866 (15334342839)|SYSTEM_MODE_EXIT|false
05:58:39.866 (15334489721)|SYSTEM_MODE_ENTER|false
05:58:39.866 (15368272719)|CODE_UNIT_STARTED|[EXTERNAL]|01q11000000D4Gi|BookOrder on Book_Order trigger event BeforeUpdate for [a001100000DbFBC]
05:58:39.866 (15390610061)|USER_DEBUG|[81]|DEBUG|List of Book Names{}
05:58:39.866 (15390663507)|USER_DEBUG|[99]|DEBUG|List of Wharehouse accounts()
05:58:39.866 (15390752104)|USER_DEBUG|[163]|DEBUG|Final update to Product{}
05:58:39.866 (15392775434)|CODE_UNIT_FINISHED|BookOrder on Book_Order trigger event BeforeUpdate for [a001100000DbFBC]
05:58:39.866 (15425970370)|USER_DEBUG|[76]|DEBUG|test0.00
05:58:39.866 (15425994362)|SYSTEM_MODE_EXIT|false
05:58:39.866 (15432044240)|SYSTEM_MODE_ENTER|false
05:58:39.866 (15432259261)|USER_DEBUG|[109]|DEBUG|Count1--0
05:58:39.866 (15432337022)|USER_DEBUG|[111]|DEBUG|Count2--0
05:58:39.866 (15563213854)|CODE_UNIT_STARTED|[EXTERNAL]|01q11000000D4Gi|BookOrder on Book_Order trigger event BeforeUpdate for [a001100000DbFBC]
05:58:39.866 (15579023928)|USER_DEBUG|[81]|DEBUG|List of Book Names{}
05:58:39.866 (15579108227)|USER_DEBUG|[99]|DEBUG|List of Wharehouse accounts()
05:58:39.866 (15579260094)|USER_DEBUG|[163]|DEBUG|Final update to Product{}
05:58:39.866 (15580623284)|CODE_UNIT_FINISHED|BookOrder on Book_Order trigger event BeforeUpdate for [a001100000DbFBC]
05:58:39.866 (15594648699)|USER_DEBUG|[76]|DEBUG|test0.00
05:58:39.866 (15601707312)|SYSTEM_MODE_EXIT|false
05:58:39.866 (15608753894)|SYSTEM_MODE_ENTER|false
05:58:39.866 (15635440864)|USER_DEBUG|[76]|DEBUG|test0.00
05:58:39.866 (15635859236)|SYSTEM_MODE_EXIT|false
05:58:39.866 (15636022836)|SYSTEM_MODE_ENTER|false
05:58:39.866 (15644877402)|CODE_UNIT_STARTED|[EXTERNAL]|01q11000000D4Gi|BookOrder on Book_Order trigger event BeforeUpdate for [a001100000DbFBC]
05:58:39.866 (15683458198)|USER_DEBUG|[81]|DEBUG|List of Book Names{a001100000DbFBCAA3={}}
05:58:39.866 (15683519422)|USER_DEBUG|[99]|DEBUG|List of Wharehouse accounts()
05:58:39.866 (15683871708)|USER_DEBUG|[163]|DEBUG|Final update to Product{}
05:58:39.866 (15685877074)|CODE_UNIT_FINISHED|BookOrder on Book_Order trigger event BeforeUpdate for [a001100000DbFBC]
05:58:39.866 (15697884275)|SYSTEM_MODE_EXIT|false
05:58:39.866 (15700484614)|CODE_UNIT_FINISHED|BookOrderPageControllerTest.TestMethodOne
05:58:39.866 (15701919827)|EXECUTION_FINISHED
05:58:41.901 (16901742705)|USER_INFO|[EXTERNAL]|005410000028GkS|candidate@829258advdev.com.devbox|Pacific Standard Time|GMT-08:00
05:58:41.901 (16901767360)|EXECUTION_STARTED
05:58:41.901 (16901774183)|CODE_UNIT_STARTED|[EXTERNAL]|01p11000000FzFc|BookOrderPageControllerTest.TestMethodTwo
05:58:45.239 (20239082425)|CODE_UNIT_STARTED|[EXTERNAL]|Workflow:Product2
05:58:45.239 (20493467288)|CODE_UNIT_FINISHED|Workflow:Product2
05:58:45.239 (20629400028)|CODE_UNIT_STARTED|[EXTERNAL]|Workflow:Product2
05:58:45.239 (20779356406)|CODE_UNIT_FINISHED|Workflow:Product2
05:58:46.284 (21284451307)|CODE_UNIT_STARTED|[EXTERNAL]|Workflow:Product2
05:58:46.284 (21552512157)|CODE_UNIT_FINISHED|Workflow:Product2
05:58:46.284 (21831440972)|CODE_UNIT_STARTED|[EXTERNAL]|Workflow:Product2
05:58:46.284 (22133254141)|CODE_UNIT_FINISHED|Workflow:Product2
05:58:47.398 (22398031593)|CODE_UNIT_STARTED|[EXTERNAL]|Workflow:Product2
05:58:47.398 (22634515160)|CODE_UNIT_FINISHED|Workflow:Product2
05:58:47.398 (22904160897)|CODE_UNIT_STARTED|[EXTERNAL]|Workflow:Contact
05:58:47.398 (22929002296)|CODE_UNIT_FINISHED|Workflow:Contact
05:58:47.398 (23045732214)|SYSTEM_MODE_ENTER|false
05:58:47.398 (23045744919)|SYSTEM_MODE_EXIT|false
05:58:47.398 (23045791729)|SYSTEM_MODE_ENTER|false
05:58:47.398 (23067867038)|SYSTEM_MODE_EXIT|false
05:58:47.398 (23067994987)|SYSTEM_MODE_ENTER|false
05:58:47.398 (23087020411)|VF_PAGE_MESSAGE|Required fields are missing: [Price_Each__c]
05:58:47.398 (23087140163)|EXCEPTION_THROWN|[93]|System.DmlException: Upsert failed. First exception on row 0; first error: REQUIRED_FIELD_MISSING, Required fields are missing: [Price_Each__c]: [Price_Each__c]
05:58:47.398 (23096362156)|VF_PAGE_MESSAGE|Upsert failed. First exception on row 0; first error: REQUIRED_FIELD_MISSING, Required fields are missing: [Price_Each__c]: [Price_Each__c]
05:58:47.398 (23096592678)|USER_DEBUG|[76]|DEBUG|test0.00
05:58:47.398 (23096616208)|SYSTEM_MODE_EXIT|false
05:58:47.398 (23096659607)|SYSTEM_MODE_ENTER|false
05:58:47.398 (23098433557)|EXCEPTION_THROWN|[151]|System.DmlException: Update failed. First exception on row 0; first error: MISSING_ARGUMENT, Id not specified in an update call: []
05:58:47.398 (23107205449)|VF_PAGE_MESSAGE|Update failed. First exception on row 0; first error: MISSING_ARGUMENT, Id not specified in an update call: []
05:58:47.398 (23107427889)|USER_DEBUG|[76]|DEBUG|test0.00
05:58:47.398 (23107736209)|SYSTEM_MODE_EXIT|false
05:58:47.398 (23107802243)|SYSTEM_MODE_ENTER|false
05:58:47.398 (23107898148)|USER_DEBUG|[109]|DEBUG|Count1--0
05:58:47.398 (23107937670)|USER_DEBUG|[111]|DEBUG|Count2--0
05:58:47.398 (23108312996)|EXCEPTION_THROWN|[117]|System.ListException: Missing id at index: 0
05:58:47.398 (23117071471)|VF_PAGE_MESSAGE|Missing id at index: 0
05:58:47.398 (23117226472)|USER_DEBUG|[76]|DEBUG|test0.00
05:58:47.398 (23131236005)|SYSTEM_MODE_EXIT|false
05:58:47.398 (23131303301)|SYSTEM_MODE_ENTER|false
05:58:47.398 (23143664349)|CODE_UNIT_STARTED|[EXTERNAL]|01q11000000D4Gi|BookOrder on Book_Order trigger event BeforeUpdate for [a001100000DbFBD]
05:58:47.398 (23153458932)|USER_DEBUG|[81]|DEBUG|List of Book Names{a001100000DbFBDAA3={}}
05:58:47.398 (23153540571)|USER_DEBUG|[99]|DEBUG|List of Wharehouse accounts()
05:58:47.398 (23153733245)|USER_DEBUG|[163]|DEBUG|Final update to Product{}
05:58:47.398 (23155258023)|CODE_UNIT_FINISHED|BookOrder on Book_Order trigger event BeforeUpdate for [a001100000DbFBD]
05:58:47.398 (23171432531)|SYSTEM_MODE_EXIT|false
05:58:47.398 (23173822177)|CODE_UNIT_FINISHED|BookOrderPageControllerTest.TestMethodTwo
05:58:47.398 (23174973578)|EXECUTION_FINISHED
