39.0 APEX_CODE,DEBUG;APEX_PROFILING,NONE;CALLOUT,NONE;DB,NONE;SYSTEM,NONE;VALIDATION,NONE;VISUALFORCE,NONE;WAVE,NONE;WORKFLOW,NONE
05:43:29.0 (846175)|USER_INFO|[EXTERNAL]|005410000028GkS|candidate@829258advdev.com.devbox|Pacific Standard Time|GMT-08:00
05:43:29.0 (886661)|EXECUTION_STARTED
05:43:29.0 (890424)|CODE_UNIT_STARTED|[EXTERNAL]|01p11000000Fz9e|BookListControllerTest.TestMethodOne
05:43:32.837 (3837973984)|CODE_UNIT_STARTED|[EXTERNAL]|Workflow:Product2
05:43:32.837 (4166820447)|CODE_UNIT_FINISHED|Workflow:Product2
05:43:32.837 (4311543283)|CODE_UNIT_STARTED|[EXTERNAL]|Workflow:Product2
05:43:32.837 (4428927725)|CODE_UNIT_FINISHED|Workflow:Product2
05:43:32.837 (4775564066)|CODE_UNIT_STARTED|[EXTERNAL]|Workflow:Product2
05:43:34.55 (5055781379)|CODE_UNIT_FINISHED|Workflow:Product2
05:43:34.55 (5334830520)|CODE_UNIT_STARTED|[EXTERNAL]|Workflow:Product2
05:43:34.55 (5558079337)|CODE_UNIT_FINISHED|Workflow:Product2
05:43:34.55 (5868378699)|CODE_UNIT_STARTED|[EXTERNAL]|Workflow:Product2
05:43:35.92 (6092200118)|CODE_UNIT_FINISHED|Workflow:Product2
05:43:35.92 (6286038900)|CODE_UNIT_STARTED|[EXTERNAL]|Workflow:Contact
05:43:35.92 (6323311726)|CODE_UNIT_FINISHED|Workflow:Contact
05:43:35.92 (6373653953)|USER_DEBUG|[91]|DEBUG|Test dataBook_Order__c:{Id=a001100000DompSAAR, Name=order_2, Contact__c=0031100001G0HqMAAV}
05:43:35.92 (6373826632)|FATAL_ERROR|System.ListException: List index out of bounds: 0

Class.BookListControllerTest.TestMethodOne: line 97, column 1
05:43:35.92 (6373869438)|FATAL_ERROR|System.ListException: List index out of bounds: 0

Class.BookListControllerTest.TestMethodOne: line 97, column 1
05:43:35.92 (6373880276)|CODE_UNIT_FINISHED|BookListControllerTest.TestMethodOne
05:43:35.92 (6375664458)|EXECUTION_FINISHED
