39.0 APEX_CODE,DEBUG;APEX_PROFILING,NONE;CALLOUT,NONE;DB,NONE;SYSTEM,NONE;VALIDATION,NONE;VISUALFORCE,NONE;WAVE,NONE;WORKFLOW,NONE
06:03:08.1 (1208279)|USER_INFO|[EXTERNAL]|005410000028GkS|candidate@829258advdev.com.devbox|Pacific Standard Time|GMT-08:00
06:03:08.1 (1250009)|EXECUTION_STARTED
06:03:08.1 (1254450)|CODE_UNIT_STARTED|[EXTERNAL]|01p11000000Fz9e|BookListControllerTest.TestMethodOne
06:03:13.275 (5275752162)|CODE_UNIT_STARTED|[EXTERNAL]|Workflow:Product2
06:03:13.275 (5525925204)|CODE_UNIT_FINISHED|Workflow:Product2
06:03:13.275 (5746222380)|CODE_UNIT_STARTED|[EXTERNAL]|Workflow:Product2
06:03:13.275 (5913587224)|CODE_UNIT_FINISHED|Workflow:Product2
06:03:14.767 (6767799026)|CODE_UNIT_STARTED|[EXTERNAL]|Workflow:Product2
06:03:14.767 (7099575080)|CODE_UNIT_FINISHED|Workflow:Product2
06:03:14.767 (7435514463)|CODE_UNIT_STARTED|[EXTERNAL]|Workflow:Product2
06:03:14.767 (7745920437)|CODE_UNIT_FINISHED|Workflow:Product2
06:03:16.78 (8078468552)|CODE_UNIT_STARTED|[EXTERNAL]|Workflow:Product2
06:03:16.78 (8357511249)|CODE_UNIT_FINISHED|Workflow:Product2
06:03:16.78 (8726207788)|CODE_UNIT_STARTED|[EXTERNAL]|Workflow:Product2
06:03:16.78 (9004949410)|CODE_UNIT_FINISHED|Workflow:Product2
06:03:17.368 (9368129338)|CODE_UNIT_STARTED|[EXTERNAL]|Workflow:Product2
06:03:17.368 (9662280997)|CODE_UNIT_FINISHED|Workflow:Product2
06:03:17.368 (10025629466)|CODE_UNIT_STARTED|[EXTERNAL]|Workflow:Product2
06:03:17.368 (10316636483)|CODE_UNIT_FINISHED|Workflow:Product2
06:03:18.684 (10684877268)|CODE_UNIT_STARTED|[EXTERNAL]|Workflow:Product2
06:03:18.684 (11017347475)|CODE_UNIT_FINISHED|Workflow:Product2
06:03:18.684 (11414487835)|CODE_UNIT_STARTED|[EXTERNAL]|Workflow:Product2
06:03:18.684 (11679994295)|CODE_UNIT_FINISHED|Workflow:Product2
06:03:20.143 (12143223239)|CODE_UNIT_STARTED|[EXTERNAL]|Workflow:Product2
06:03:20.143 (12433940274)|CODE_UNIT_FINISHED|Workflow:Product2
06:03:20.143 (12808218565)|CODE_UNIT_STARTED|[EXTERNAL]|Workflow:Product2
06:03:20.143 (13133634491)|CODE_UNIT_FINISHED|Workflow:Product2
06:03:21.527 (13527384988)|CODE_UNIT_STARTED|[EXTERNAL]|Workflow:Product2
06:03:21.527 (13824445660)|CODE_UNIT_FINISHED|Workflow:Product2
06:03:21.527 (14194185180)|CODE_UNIT_STARTED|[EXTERNAL]|Workflow:Product2
06:03:21.527 (14455802456)|CODE_UNIT_FINISHED|Workflow:Product2
06:03:22.875 (14875187397)|CODE_UNIT_STARTED|[EXTERNAL]|Workflow:Product2
06:03:22.875 (15237605011)|CODE_UNIT_FINISHED|Workflow:Product2
06:03:22.875 (15687132782)|CODE_UNIT_STARTED|[EXTERNAL]|Workflow:Product2
06:03:24.12 (16012465789)|CODE_UNIT_FINISHED|Workflow:Product2
06:03:24.12 (16394794064)|CODE_UNIT_STARTED|[EXTERNAL]|Workflow:Product2
06:03:24.12 (16781860364)|CODE_UNIT_FINISHED|Workflow:Product2
06:03:25.121 (17121238695)|CODE_UNIT_STARTED|[EXTERNAL]|Workflow:Product2
06:03:25.121 (17392294062)|CODE_UNIT_FINISHED|Workflow:Product2
06:03:25.121 (17956154505)|CODE_UNIT_STARTED|[EXTERNAL]|Workflow:Product2
06:03:26.265 (18265663101)|CODE_UNIT_FINISHED|Workflow:Product2
06:03:26.265 (18752216862)|CODE_UNIT_STARTED|[EXTERNAL]|Workflow:Product2
06:03:26.265 (19069129332)|CODE_UNIT_FINISHED|Workflow:Product2
06:03:27.469 (19469679672)|CODE_UNIT_STARTED|[EXTERNAL]|Workflow:Product2
06:03:27.469 (19778572778)|CODE_UNIT_FINISHED|Workflow:Product2
06:03:27.469 (20229744767)|CODE_UNIT_STARTED|[EXTERNAL]|Workflow:Product2
06:03:28.499 (20499787005)|CODE_UNIT_FINISHED|Workflow:Product2
06:03:28.499 (20916085806)|CODE_UNIT_STARTED|[EXTERNAL]|Workflow:Product2
06:03:28.499 (21240017319)|CODE_UNIT_FINISHED|Workflow:Product2
06:03:29.662 (21662857909)|CODE_UNIT_STARTED|[EXTERNAL]|Workflow:Product2
06:03:29.662 (21971825319)|CODE_UNIT_FINISHED|Workflow:Product2
06:03:29.662 (22419837582)|CODE_UNIT_STARTED|[EXTERNAL]|Workflow:Product2
06:03:30.693 (22693450101)|CODE_UNIT_FINISHED|Workflow:Product2
06:03:30.693 (23073631909)|CODE_UNIT_STARTED|[EXTERNAL]|Workflow:Product2
06:03:30.693 (23320870330)|CODE_UNIT_FINISHED|Workflow:Product2
06:03:30.693 (23678783199)|CODE_UNIT_STARTED|[EXTERNAL]|Workflow:Product2
06:03:31.995 (23995873530)|CODE_UNIT_FINISHED|Workflow:Product2
06:03:31.995 (24501088660)|CODE_UNIT_STARTED|[EXTERNAL]|Workflow:Product2
06:03:31.995 (24834870417)|CODE_UNIT_FINISHED|Workflow:Product2
06:03:33.333 (25333069545)|CODE_UNIT_STARTED|[EXTERNAL]|Workflow:Product2
06:03:33.333 (25591122455)|CODE_UNIT_FINISHED|Workflow:Product2
06:03:33.333 (26014132332)|CODE_UNIT_STARTED|[EXTERNAL]|Workflow:Product2
06:03:33.333 (26273802584)|CODE_UNIT_FINISHED|Workflow:Product2
06:03:34.626 (26626906602)|CODE_UNIT_STARTED|[EXTERNAL]|Workflow:Product2
06:03:34.626 (26928381023)|CODE_UNIT_FINISHED|Workflow:Product2
06:03:34.626 (27306886913)|CODE_UNIT_STARTED|[EXTERNAL]|Workflow:Product2
06:03:34.626 (27601352495)|CODE_UNIT_FINISHED|Workflow:Product2
06:03:36.78 (28078826848)|CODE_UNIT_STARTED|[EXTERNAL]|Workflow:Product2
06:03:36.78 (28345700266)|CODE_UNIT_FINISHED|Workflow:Product2
06:03:36.78 (28704002110)|CODE_UNIT_STARTED|[EXTERNAL]|Workflow:Product2
06:03:36.78 (29021772012)|CODE_UNIT_FINISHED|Workflow:Product2
06:03:37.344 (29344611073)|CODE_UNIT_STARTED|[EXTERNAL]|Workflow:Product2
06:03:37.344 (29642451627)|CODE_UNIT_FINISHED|Workflow:Product2
06:03:37.344 (30049865829)|CODE_UNIT_STARTED|[EXTERNAL]|Workflow:Product2
06:03:37.344 (30335358688)|CODE_UNIT_FINISHED|Workflow:Product2
06:03:38.741 (30741540444)|CODE_UNIT_STARTED|[EXTERNAL]|Workflow:Product2
06:03:38.741 (31052131791)|CODE_UNIT_FINISHED|Workflow:Product2
06:03:38.741 (31596392657)|CODE_UNIT_STARTED|[EXTERNAL]|Workflow:Product2
06:03:39.908 (31908784043)|CODE_UNIT_FINISHED|Workflow:Product2
06:03:39.908 (32396447681)|CODE_UNIT_STARTED|[EXTERNAL]|Workflow:Product2
06:03:39.908 (32670064008)|CODE_UNIT_FINISHED|Workflow:Product2
06:03:40.996 (32996582845)|CODE_UNIT_STARTED|[EXTERNAL]|Workflow:Product2
06:03:40.996 (33248489213)|CODE_UNIT_FINISHED|Workflow:Product2
06:03:40.996 (33617577260)|CODE_UNIT_STARTED|[EXTERNAL]|Workflow:Product2
06:03:40.996 (33919300669)|CODE_UNIT_FINISHED|Workflow:Product2
06:03:42.667 (34667097978)|CODE_UNIT_STARTED|[EXTERNAL]|Workflow:Contact
06:03:42.667 (34706485824)|CODE_UNIT_FINISHED|Workflow:Contact
06:03:42.667 (34806382240)|USER_DEBUG|[92]|DEBUG|Test dataBook_Order__c:{Id=a001100000Domq1AAB, Name=order_2, Contact__c=0031100001G0HsSAAV}
06:03:42.667 (34806464004)|EXCEPTION_THROWN|[98]|System.NullPointerException: Attempt to de-reference a null object
06:03:42.667 (34806690190)|FATAL_ERROR|System.NullPointerException: Attempt to de-reference a null object

Class.BookListControllerTest.TestMethodOne: line 98, column 1
06:03:42.667 (34806701184)|FATAL_ERROR|System.NullPointerException: Attempt to de-reference a null object

Class.BookListControllerTest.TestMethodOne: line 98, column 1
06:03:42.667 (34806710593)|CODE_UNIT_FINISHED|BookListControllerTest.TestMethodOne
06:03:42.667 (34808641249)|EXECUTION_FINISHED
