39.0 APEX_CODE,DEBUG;APEX_PROFILING,NONE;CALLOUT,NONE;DB,NONE;SYSTEM,DEBUG;VALIDATION,NONE;VISUALFORCE,NONE;WAVE,NONE;WORKFLOW,NONE
05:51:22.1 (1120214)|USER_INFO|[EXTERNAL]|005410000028GkS|candidate@829258advdev.com.devbox|Pacific Standard Time|GMT-08:00
05:51:22.1 (1152852)|EXECUTION_STARTED
05:51:22.1 (1156033)|CODE_UNIT_STARTED|[EXTERNAL]|01p11000000FzFc|BookOrderPageControllerTest.TestMethodFour
05:51:27.432 (5432615324)|CODE_UNIT_STARTED|[EXTERNAL]|Workflow:Product2
05:51:27.432 (5717415530)|CODE_UNIT_FINISHED|Workflow:Product2
05:51:27.432 (6010627047)|CODE_UNIT_STARTED|[EXTERNAL]|Workflow:Product2
05:51:27.432 (6153239548)|CODE_UNIT_FINISHED|Workflow:Product2
05:51:28.539 (6539630621)|CODE_UNIT_STARTED|[EXTERNAL]|Workflow:Product2
05:51:28.539 (6814773801)|CODE_UNIT_FINISHED|Workflow:Product2
05:51:28.539 (7166776123)|CODE_UNIT_STARTED|[EXTERNAL]|Workflow:Product2
05:51:28.539 (7425760490)|CODE_UNIT_FINISHED|Workflow:Product2
05:51:29.796 (7796396169)|CODE_UNIT_STARTED|[EXTERNAL]|Workflow:Product2
05:51:29.796 (8133022891)|CODE_UNIT_FINISHED|Workflow:Product2
05:51:29.796 (8478541940)|CODE_UNIT_STARTED|[EXTERNAL]|Workflow:Contact
05:51:29.796 (8512193816)|CODE_UNIT_FINISHED|Workflow:Contact
05:51:29.796 (8563098150)|SYSTEM_MODE_ENTER|false
05:51:29.796 (8563110737)|SYSTEM_MODE_EXIT|false
05:51:29.796 (8563216281)|SYSTEM_MODE_ENTER|false
05:51:29.796 (8563615225)|VF_PAGE_MESSAGE|Book Order ID is Missing
05:51:29.796 (8563625168)|SYSTEM_MODE_EXIT|false
05:51:29.796 (8566151590)|CODE_UNIT_FINISHED|BookOrderPageControllerTest.TestMethodFour
05:51:29.796 (8567934493)|EXECUTION_FINISHED
05:51:31.785 (9785127057)|USER_INFO|[EXTERNAL]|005410000028GkS|candidate@829258advdev.com.devbox|Pacific Standard Time|GMT-08:00
05:51:31.785 (9785146836)|EXECUTION_STARTED
05:51:31.785 (9785150191)|CODE_UNIT_STARTED|[EXTERNAL]|01p11000000FzFc|BookOrderPageControllerTest.TestMethodOne
05:51:35.635 (13635089010)|CODE_UNIT_STARTED|[EXTERNAL]|Workflow:Product2
05:51:35.635 (13941775260)|CODE_UNIT_FINISHED|Workflow:Product2
05:51:35.635 (14087628403)|CODE_UNIT_STARTED|[EXTERNAL]|Workflow:Product2
05:51:35.635 (14254946937)|CODE_UNIT_FINISHED|Workflow:Product2
05:51:35.635 (14582390892)|CODE_UNIT_STARTED|[EXTERNAL]|Workflow:Product2
05:51:36.875 (14875822431)|CODE_UNIT_FINISHED|Workflow:Product2
05:51:36.875 (15219663140)|CODE_UNIT_STARTED|[EXTERNAL]|Workflow:Product2
05:51:36.875 (15633762511)|CODE_UNIT_FINISHED|Workflow:Product2
05:51:37.999 (15999313557)|CODE_UNIT_STARTED|[EXTERNAL]|Workflow:Product2
05:51:37.999 (16301878656)|CODE_UNIT_FINISHED|Workflow:Product2
05:51:37.999 (16558933880)|CODE_UNIT_STARTED|[EXTERNAL]|Workflow:Contact
05:51:37.999 (16585048375)|CODE_UNIT_FINISHED|Workflow:Contact
05:51:37.999 (16613530440)|USER_DEBUG|[68]|DEBUG|lstPrd (Product2:{Account__c=0011100001LcVruAAF, Id=01t11000006fm9hAAA, Name=Book_59, Family=Hardcover, Current_Price__c=20.00}, Product2:{Account__c=0011100001LcVruAAF, Id=01t11000006fm8kAAA, Name=Book_0, Family=Collection, Current_Price__c=20.00}, Product2:{Account__c=0011100001LcVruAAF, Id=01t11000006fm9fAAA, Name=Book_57, Family=Hardcover, Current_Price__c=20.00}, Product2:{Account__c=0011100001LcVruAAF, Id=01t11000006fm9eAAA, Name=Book_56, Family=Hardcover, Current_Price__c=20.00}, Product2:{Account__c=0011100001LcVruAAF, Id=01t11000006fm9dAAA, Name=Book_55, Family=Hardcover, Current_Price__c=20.00}, Product2:{Account__c=0011100001LcVruAAF, Id=01t11000006fm9cAAA, Name=Book_54, Family=Hardcover, Current_Price__c=20.00}, Product2:{Account__c=0011100001LcVruAAF, Id=01t11000006fm9bAAA, Name=Book_53, Family=Hardcover, Current_Price__c=20.00}, Product2:{Account__c=0011100001LcVruAAF, Id=01t11000006fm9aAAA, Name=Book_52, Family=Hardcover, Current_Price__c=20.00}, Product2:{Account__c=0011100001LcVruAAF, Id=01t11000006fm9ZAAQ, Name=Book_51, Family=Hardcover, Current_Price__c=20.00}, Product2:{Account__c=0011100001LcVruAAF, Id=01t11000006fm9YAAQ, Name=Book_50, Family=Hardcover, Current_Price__c=20.00}, ...)
05:51:37.999 (16616505794)|USER_DEBUG|[74]|DEBUG|Test dataBook_Order__c:{Id=a001100000DbFAsAAN, Name=order_2, Contact__c=0031100001Fv6nsAAB}
05:51:37.999 (16619530502)|SYSTEM_MODE_ENTER|false
05:51:37.999 (16619539364)|SYSTEM_MODE_EXIT|false
05:51:37.999 (16619581564)|SYSTEM_MODE_ENTER|false
05:51:37.999 (16648009375)|SYSTEM_MODE_EXIT|false
05:51:37.999 (16648232372)|SYSTEM_MODE_ENTER|false
05:51:37.999 (16686200736)|CODE_UNIT_STARTED|[EXTERNAL]|01q11000000D4Gi|BookOrder on Book_Order trigger event BeforeUpdate for [a001100000DbFAs]
05:51:37.999 (16709968203)|USER_DEBUG|[81]|DEBUG|List of Book Names{}
05:51:37.999 (16710080658)|USER_DEBUG|[99]|DEBUG|List of Wharehouse accounts()
05:51:37.999 (16710246553)|USER_DEBUG|[163]|DEBUG|Final update to Product{}
05:51:37.999 (16711954424)|CODE_UNIT_FINISHED|BookOrder on Book_Order trigger event BeforeUpdate for [a001100000DbFAs]
05:51:37.999 (16730438226)|USER_DEBUG|[76]|DEBUG|test0.00
05:51:37.999 (16730470847)|SYSTEM_MODE_EXIT|false
05:51:37.999 (16730580258)|SYSTEM_MODE_ENTER|false
05:51:37.999 (16759517082)|CODE_UNIT_STARTED|[EXTERNAL]|01q11000000D4Gi|BookOrder on Book_Order trigger event BeforeUpdate for [a001100000DbFAs]
05:51:37.999 (16776440666)|USER_DEBUG|[81]|DEBUG|List of Book Names{}
05:51:37.999 (16776487643)|USER_DEBUG|[99]|DEBUG|List of Wharehouse accounts()
05:51:37.999 (16776568004)|USER_DEBUG|[163]|DEBUG|Final update to Product{}
05:51:37.999 (16778060104)|CODE_UNIT_FINISHED|BookOrder on Book_Order trigger event BeforeUpdate for [a001100000DbFAs]
05:51:37.999 (16811685747)|USER_DEBUG|[76]|DEBUG|test0.00
05:51:37.999 (16811702631)|SYSTEM_MODE_EXIT|false
05:51:37.999 (16817559645)|SYSTEM_MODE_ENTER|false
05:51:37.999 (16817719720)|USER_DEBUG|[109]|DEBUG|Count1--0
05:51:37.999 (16817769418)|USER_DEBUG|[111]|DEBUG|Count2--0
05:51:37.999 (16942353198)|CODE_UNIT_STARTED|[EXTERNAL]|01q11000000D4Gi|BookOrder on Book_Order trigger event BeforeUpdate for [a001100000DbFAs]
05:51:37.999 (16961361006)|USER_DEBUG|[81]|DEBUG|List of Book Names{}
05:51:37.999 (16961409199)|USER_DEBUG|[99]|DEBUG|List of Wharehouse accounts()
05:51:37.999 (16961489517)|USER_DEBUG|[163]|DEBUG|Final update to Product{}
05:51:37.999 (16963450200)|CODE_UNIT_FINISHED|BookOrder on Book_Order trigger event BeforeUpdate for [a001100000DbFAs]
05:51:37.999 (16982295270)|USER_DEBUG|[76]|DEBUG|test0.00
05:51:37.999 (16988690242)|SYSTEM_MODE_EXIT|false
05:51:37.999 (16993080059)|SYSTEM_MODE_ENTER|false
05:51:39.23 (17023428221)|USER_DEBUG|[76]|DEBUG|test0.00
05:51:39.23 (17023794046)|SYSTEM_MODE_EXIT|false
05:51:39.23 (17023940771)|SYSTEM_MODE_ENTER|false
05:51:39.23 (17036070422)|CODE_UNIT_STARTED|[EXTERNAL]|01q11000000D4Gi|BookOrder on Book_Order trigger event BeforeUpdate for [a001100000DbFAs]
05:51:39.23 (17071119959)|USER_DEBUG|[81]|DEBUG|List of Book Names{a001100000DbFAsAAN={}}
05:51:39.23 (17071199285)|USER_DEBUG|[99]|DEBUG|List of Wharehouse accounts()
05:51:39.23 (17071599775)|USER_DEBUG|[163]|DEBUG|Final update to Product{}
05:51:39.23 (17073760678)|CODE_UNIT_FINISHED|BookOrder on Book_Order trigger event BeforeUpdate for [a001100000DbFAs]
05:51:39.23 (17088172658)|SYSTEM_MODE_EXIT|false
05:51:39.23 (17091150400)|CODE_UNIT_FINISHED|BookOrderPageControllerTest.TestMethodOne
05:51:39.23 (17093138812)|EXECUTION_FINISHED
05:51:40.371 (18371351017)|USER_INFO|[EXTERNAL]|005410000028GkS|candidate@829258advdev.com.devbox|Pacific Standard Time|GMT-08:00
05:51:40.371 (18371364774)|EXECUTION_STARTED
05:51:40.371 (18371368012)|CODE_UNIT_STARTED|[EXTERNAL]|01p11000000FzFc|BookOrderPageControllerTest.TestMethodTwo
05:51:43.807 (21807487160)|CODE_UNIT_STARTED|[EXTERNAL]|Workflow:Product2
05:51:43.807 (22079565608)|CODE_UNIT_FINISHED|Workflow:Product2
05:51:43.807 (22208287394)|CODE_UNIT_STARTED|[EXTERNAL]|Workflow:Product2
05:51:43.807 (22356799675)|CODE_UNIT_FINISHED|Workflow:Product2
05:51:43.807 (22650447260)|CODE_UNIT_STARTED|[EXTERNAL]|Workflow:Product2
05:51:44.951 (22951241853)|CODE_UNIT_FINISHED|Workflow:Product2
05:51:44.951 (23258406201)|CODE_UNIT_STARTED|[EXTERNAL]|Workflow:Product2
05:51:44.951 (23521225899)|CODE_UNIT_FINISHED|Workflow:Product2
05:51:45.965 (23965894310)|CODE_UNIT_STARTED|[EXTERNAL]|Workflow:Product2
05:51:45.965 (24328311972)|CODE_UNIT_FINISHED|Workflow:Product2
05:51:45.965 (24586785207)|CODE_UNIT_STARTED|[EXTERNAL]|Workflow:Contact
05:51:45.965 (24610931030)|CODE_UNIT_FINISHED|Workflow:Contact
05:51:45.965 (24846405045)|SYSTEM_MODE_ENTER|false
05:51:45.965 (24846421846)|SYSTEM_MODE_EXIT|false
05:51:45.965 (24846462085)|SYSTEM_MODE_ENTER|false
05:51:45.965 (24857648835)|SYSTEM_MODE_EXIT|false
05:51:45.965 (24857748575)|FATAL_ERROR|System.ListException: List index out of bounds: 0

Class.BookOrderPageControllerTest.TestMethodTwo: line 146, column 1
05:51:45.965 (24857757983)|FATAL_ERROR|System.ListException: List index out of bounds: 0

Class.BookOrderPageControllerTest.TestMethodTwo: line 146, column 1
05:51:45.965 (24857765072)|CODE_UNIT_FINISHED|BookOrderPageControllerTest.TestMethodTwo
05:51:45.965 (24860200309)|EXECUTION_FINISHED
