39.0 APEX_CODE,DEBUG;APEX_PROFILING,NONE;CALLOUT,NONE;DB,NONE;SYSTEM,NONE;VALIDATION,NONE;VISUALFORCE,NONE;WAVE,NONE;WORKFLOW,NONE
06:19:30.0 (911540)|USER_INFO|[EXTERNAL]|005410000028GkS|candidate@829258advdev.com.devbox|Pacific Standard Time|GMT-08:00
06:19:30.0 (944251)|EXECUTION_STARTED
06:19:30.0 (947792)|CODE_UNIT_STARTED|[EXTERNAL]|01p11000000FzFc|BookOrderPageControllerTest.TestMethodFour
06:19:33.544 (3544451843)|CODE_UNIT_STARTED|[EXTERNAL]|Workflow:Product2
06:19:33.544 (3853357002)|CODE_UNIT_FINISHED|Workflow:Product2
06:19:33.544 (4005086775)|CODE_UNIT_STARTED|[EXTERNAL]|Workflow:Product2
06:19:33.544 (4145086456)|CODE_UNIT_FINISHED|Workflow:Product2
06:19:33.544 (4466495810)|CODE_UNIT_STARTED|[EXTERNAL]|Workflow:Product2
06:19:34.785 (4785454078)|CODE_UNIT_FINISHED|Workflow:Product2
06:19:34.785 (5042493049)|CODE_UNIT_STARTED|[EXTERNAL]|Workflow:Product2
06:19:34.785 (5343145694)|CODE_UNIT_FINISHED|Workflow:Product2
06:19:34.785 (5673844372)|CODE_UNIT_STARTED|[EXTERNAL]|Workflow:Product2
06:19:36.10 (6010519310)|CODE_UNIT_FINISHED|Workflow:Product2
06:19:36.10 (6301772195)|CODE_UNIT_STARTED|[EXTERNAL]|Workflow:Contact
06:19:36.10 (6346671142)|CODE_UNIT_FINISHED|Workflow:Contact
06:19:36.10 (6404145597)|VF_PAGE_MESSAGE|Book Order ID is Missing
06:19:36.10 (6406230176)|CODE_UNIT_FINISHED|BookOrderPageControllerTest.TestMethodFour
06:19:36.10 (6407728964)|EXECUTION_FINISHED
06:19:37.696 (7696448634)|USER_INFO|[EXTERNAL]|005410000028GkS|candidate@829258advdev.com.devbox|Pacific Standard Time|GMT-08:00
06:19:37.696 (7696463271)|EXECUTION_STARTED
06:19:37.696 (7696466762)|CODE_UNIT_STARTED|[EXTERNAL]|01p11000000FzFc|BookOrderPageControllerTest.TestMethodOne
06:19:41.74 (11074594644)|CODE_UNIT_STARTED|[EXTERNAL]|Workflow:Product2
06:19:41.74 (11376740121)|CODE_UNIT_FINISHED|Workflow:Product2
06:19:41.74 (11540925551)|CODE_UNIT_STARTED|[EXTERNAL]|Workflow:Product2
06:19:41.74 (11753639617)|CODE_UNIT_FINISHED|Workflow:Product2
06:19:42.175 (12175875334)|CODE_UNIT_STARTED|[EXTERNAL]|Workflow:Product2
06:19:42.175 (12528995473)|CODE_UNIT_FINISHED|Workflow:Product2
06:19:42.175 (12843792818)|CODE_UNIT_STARTED|[EXTERNAL]|Workflow:Product2
06:19:42.175 (13129557313)|CODE_UNIT_FINISHED|Workflow:Product2
06:19:43.462 (13462023588)|CODE_UNIT_STARTED|[EXTERNAL]|Workflow:Product2
06:19:43.462 (13802444428)|CODE_UNIT_FINISHED|Workflow:Product2
06:19:44.715 (14715448181)|CODE_UNIT_STARTED|[EXTERNAL]|Workflow:Contact
06:19:44.715 (14749031920)|CODE_UNIT_FINISHED|Workflow:Contact
06:19:44.715 (14783592313)|USER_DEBUG|[68]|DEBUG|lstPrd 300
06:19:44.715 (14804502326)|USER_DEBUG|[74]|DEBUG|Test dataBook_Order__c:{Id=a001100000DbFCeAAN, Name=order_2, Contact__c=0031100001Fv7OyAAJ}
06:19:44.715 (14872161139)|EXCEPTION_THROWN|[93]|System.AssertException: Assertion Failed: Same value: 0
06:19:44.715 (14872419013)|FATAL_ERROR|System.AssertException: Assertion Failed: Same value: 0

Class.BookOrderPageController.addToShoppingCart: line 93, column 1
Class.BookOrderPageControllerTest.TestMethodOne: line 89, column 1
06:19:44.715 (14872428139)|FATAL_ERROR|System.AssertException: Assertion Failed: Same value: 0

Class.BookOrderPageController.addToShoppingCart: line 93, column 1
Class.BookOrderPageControllerTest.TestMethodOne: line 89, column 1
06:19:44.715 (14872438856)|CODE_UNIT_FINISHED|BookOrderPageControllerTest.TestMethodOne
06:19:44.715 (14875026796)|EXECUTION_FINISHED
06:19:46.50 (16050866933)|USER_INFO|[EXTERNAL]|005410000028GkS|candidate@829258advdev.com.devbox|Pacific Standard Time|GMT-08:00
06:19:46.50 (16050896064)|EXECUTION_STARTED
06:19:46.50 (16050902699)|CODE_UNIT_STARTED|[EXTERNAL]|01p11000000FzFc|BookOrderPageControllerTest.TestMethodTwo
06:19:49.531 (19531406788)|CODE_UNIT_STARTED|[EXTERNAL]|Workflow:Product2
06:19:49.531 (19813730615)|CODE_UNIT_FINISHED|Workflow:Product2
06:19:49.531 (19940140091)|CODE_UNIT_STARTED|[EXTERNAL]|Workflow:Product2
06:19:49.531 (20072555964)|CODE_UNIT_FINISHED|Workflow:Product2
06:19:49.531 (20368733933)|CODE_UNIT_STARTED|[EXTERNAL]|Workflow:Product2
06:19:50.660 (20660832258)|CODE_UNIT_FINISHED|Workflow:Product2
06:19:50.660 (20947906021)|CODE_UNIT_STARTED|[EXTERNAL]|Workflow:Product2
06:19:50.660 (21224092822)|CODE_UNIT_FINISHED|Workflow:Product2
06:19:50.660 (21507978448)|CODE_UNIT_STARTED|[EXTERNAL]|Workflow:Product2
06:19:51.825 (21825468581)|CODE_UNIT_FINISHED|Workflow:Product2
06:19:51.825 (22639279631)|CODE_UNIT_STARTED|[EXTERNAL]|Workflow:Contact
06:19:51.825 (22663446192)|CODE_UNIT_FINISHED|Workflow:Contact
06:19:52.853 (22853000601)|EXCEPTION_THROWN|[93]|System.AssertException: Assertion Failed: Same value: 0
06:19:52.853 (22853283850)|FATAL_ERROR|System.AssertException: Assertion Failed: Same value: 0

Class.BookOrderPageController.addToShoppingCart: line 93, column 1
Class.BookOrderPageControllerTest.TestMethodTwo: line 152, column 1
06:19:52.853 (22853292677)|FATAL_ERROR|System.AssertException: Assertion Failed: Same value: 0

Class.BookOrderPageController.addToShoppingCart: line 93, column 1
Class.BookOrderPageControllerTest.TestMethodTwo: line 152, column 1
06:19:52.853 (22853300534)|CODE_UNIT_FINISHED|BookOrderPageControllerTest.TestMethodTwo
06:19:52.853 (22855428653)|EXECUTION_FINISHED
