39.0 APEX_CODE,DEBUG;APEX_PROFILING,NONE;CALLOUT,NONE;DB,NONE;SYSTEM,NONE;VALIDATION,NONE;VISUALFORCE,NONE;WAVE,NONE;WORKFLOW,NONE
07:17:12.0 (866446)|USER_INFO|[EXTERNAL]|005410000028GkS|candidate@829258advdev.com.devbox|Pacific Standard Time|GMT-08:00
07:17:12.0 (914401)|EXECUTION_STARTED
07:17:12.0 (919220)|CODE_UNIT_STARTED|[EXTERNAL]|01p11000000FzFc|BookOrderPageControllerTest.TestMethodFour
07:17:15.615 (3615741829)|CODE_UNIT_STARTED|[EXTERNAL]|Workflow:Product2
07:17:15.615 (3882518287)|CODE_UNIT_FINISHED|Workflow:Product2
07:17:15.615 (4022229671)|CODE_UNIT_STARTED|[EXTERNAL]|Workflow:Product2
07:17:15.615 (4179370981)|CODE_UNIT_FINISHED|Workflow:Product2
07:17:15.615 (4507753942)|CODE_UNIT_STARTED|[EXTERNAL]|Workflow:Product2
07:17:16.803 (4803610024)|CODE_UNIT_FINISHED|Workflow:Product2
07:17:16.803 (5044520542)|CODE_UNIT_STARTED|[EXTERNAL]|Workflow:Product2
07:17:16.803 (5322660115)|CODE_UNIT_FINISHED|Workflow:Product2
07:17:16.803 (5626065215)|CODE_UNIT_STARTED|[EXTERNAL]|Workflow:Product2
07:17:17.884 (5884094499)|CODE_UNIT_FINISHED|Workflow:Product2
07:17:17.884 (6143478182)|USER_DEBUG|[59]|DEBUG|test_1520
07:17:17.884 (6315248996)|CODE_UNIT_STARTED|[EXTERNAL]|Workflow:Contact
07:17:17.884 (6364361054)|CODE_UNIT_FINISHED|Workflow:Contact
07:17:17.884 (6435235491)|VF_PAGE_MESSAGE|Book Order ID is Missing
07:17:17.884 (6437639598)|CODE_UNIT_FINISHED|BookOrderPageControllerTest.TestMethodFour
07:17:17.884 (6439082283)|EXECUTION_FINISHED
07:17:19.707 (7707405928)|USER_INFO|[EXTERNAL]|005410000028GkS|candidate@829258advdev.com.devbox|Pacific Standard Time|GMT-08:00
07:17:19.707 (7707426692)|EXECUTION_STARTED
07:17:19.707 (7707431147)|CODE_UNIT_STARTED|[EXTERNAL]|01p11000000FzFc|BookOrderPageControllerTest.TestMethodOne
07:17:22.994 (10994756180)|CODE_UNIT_STARTED|[EXTERNAL]|Workflow:Product2
07:17:22.994 (11251398521)|CODE_UNIT_FINISHED|Workflow:Product2
07:17:22.994 (11378309305)|CODE_UNIT_STARTED|[EXTERNAL]|Workflow:Product2
07:17:22.994 (11517696241)|CODE_UNIT_FINISHED|Workflow:Product2
07:17:22.994 (11818396332)|CODE_UNIT_STARTED|[EXTERNAL]|Workflow:Product2
07:17:24.78 (12078737342)|CODE_UNIT_FINISHED|Workflow:Product2
07:17:24.78 (12347333616)|CODE_UNIT_STARTED|[EXTERNAL]|Workflow:Product2
07:17:24.78 (12669599876)|CODE_UNIT_FINISHED|Workflow:Product2
07:17:24.78 (12963060286)|CODE_UNIT_STARTED|[EXTERNAL]|Workflow:Product2
07:17:25.234 (13234298336)|CODE_UNIT_FINISHED|Workflow:Product2
07:17:25.234 (13508237242)|USER_DEBUG|[59]|DEBUG|test_1520
07:17:25.234 (13645040520)|CODE_UNIT_STARTED|[EXTERNAL]|Workflow:Contact
07:17:25.234 (13673668210)|CODE_UNIT_FINISHED|Workflow:Contact
07:17:25.234 (13710906729)|USER_DEBUG|[83]|DEBUG|lstPrd 50
07:17:25.234 (13715841023)|USER_DEBUG|[89]|DEBUG|Test dataBook_Order__c:{Id=a001100000DbFXdAAN, Name=order_2, Contact__c=0031100001FvNKLAA3}
07:17:25.234 (13810827270)|CODE_UNIT_STARTED|[EXTERNAL]|01q11000000D4Gi|BookOrder on Book_Order trigger event BeforeUpdate for [a001100000DbFXd]
07:17:25.234 (13848431731)|USER_DEBUG|[81]|DEBUG|List of Book Names{}
07:17:25.234 (13848524317)|USER_DEBUG|[99]|DEBUG|List of Wharehouse accounts()
07:17:25.234 (13848675676)|USER_DEBUG|[163]|DEBUG|Final update to Product{}
07:17:25.234 (13850443982)|CODE_UNIT_FINISHED|BookOrder on Book_Order trigger event BeforeUpdate for [a001100000DbFXd]
07:17:25.234 (13867000810)|USER_DEBUG|[76]|DEBUG|test0.00
07:17:25.234 (13896295702)|CODE_UNIT_STARTED|[EXTERNAL]|01q11000000D4Gi|BookOrder on Book_Order trigger event BeforeUpdate for [a001100000DbFXd]
07:17:25.234 (13911502516)|USER_DEBUG|[81]|DEBUG|List of Book Names{}
07:17:25.234 (13911583297)|USER_DEBUG|[99]|DEBUG|List of Wharehouse accounts()
07:17:25.234 (13911695671)|USER_DEBUG|[163]|DEBUG|Final update to Product{}
07:17:25.234 (13913843599)|CODE_UNIT_FINISHED|BookOrder on Book_Order trigger event BeforeUpdate for [a001100000DbFXd]
07:17:25.234 (13950503138)|USER_DEBUG|[76]|DEBUG|test0.00
07:17:25.234 (13955914394)|USER_DEBUG|[109]|DEBUG|Count1--0
07:17:25.234 (13955971569)|USER_DEBUG|[111]|DEBUG|Count2--0
07:17:25.234 (14081941327)|CODE_UNIT_STARTED|[EXTERNAL]|01q11000000D4Gi|BookOrder on Book_Order trigger event BeforeUpdate for [a001100000DbFXd]
07:17:25.234 (14097495303)|USER_DEBUG|[81]|DEBUG|List of Book Names{}
07:17:25.234 (14097551515)|USER_DEBUG|[99]|DEBUG|List of Wharehouse accounts()
07:17:25.234 (14097640285)|USER_DEBUG|[163]|DEBUG|Final update to Product{}
07:17:25.234 (14099381217)|CODE_UNIT_FINISHED|BookOrder on Book_Order trigger event BeforeUpdate for [a001100000DbFXd]
07:17:25.234 (14118458645)|USER_DEBUG|[76]|DEBUG|test0.00
07:17:25.234 (14187643760)|USER_DEBUG|[76]|DEBUG|test0.00
07:17:25.234 (14225482725)|CODE_UNIT_STARTED|[EXTERNAL]|01q11000000D4Gi|BookOrder on Book_Order trigger event BeforeUpdate for [a001100000DbFXd]
07:17:26.241 (14241458945)|USER_DEBUG|[81]|DEBUG|List of Book Names{a001100000DbFXdAAN={Book_98=1}}
07:17:26.241 (14260696072)|USER_DEBUG|[99]|DEBUG|List of Wharehouse accounts(Account:{Id=0011100001LcpyTAAR, Name=Warehouse0}, Account:{Id=0011100001LcpupAAB, Name=Warehouse0}, Account:{Id=0011100001LcpnvAAB, Name=Warehouse0}, Account:{Id=0011100001LcpyUAAR, Name=Warehouse1}, Account:{Id=0011100001LcpuqAAB, Name=Warehouse1}, Account:{Id=0011100001LcpnwAAB, Name=Warehouse1}, Account:{Id=0011100001LcpydAAB, Name=Warehouse10}, Account:{Id=0011100001LcpuzAAB, Name=Warehouse10}, Account:{Id=0011100001Lcpo5AAB, Name=Warehouse10}, Account:{Id=0011100001LcpyeAAB, Name=Warehouse11}, ...)
07:17:26.241 (14276970841)|USER_DEBUG|[163]|DEBUG|Final update to Product{}
07:17:26.241 (14279136242)|CODE_UNIT_FINISHED|BookOrder on Book_Order trigger event BeforeUpdate for [a001100000DbFXd]
07:17:26.241 (14297604938)|CODE_UNIT_FINISHED|BookOrderPageControllerTest.TestMethodOne
07:17:26.241 (14299246016)|EXECUTION_FINISHED
07:17:27.643 (15643851110)|USER_INFO|[EXTERNAL]|005410000028GkS|candidate@829258advdev.com.devbox|Pacific Standard Time|GMT-08:00
07:17:27.643 (15643877212)|EXECUTION_STARTED
07:17:27.643 (15643884040)|CODE_UNIT_STARTED|[EXTERNAL]|01p11000000FzFc|BookOrderPageControllerTest.TestMethodTwo
07:17:31.32 (19032364137)|CODE_UNIT_STARTED|[EXTERNAL]|Workflow:Product2
07:17:31.32 (19294126820)|CODE_UNIT_FINISHED|Workflow:Product2
07:17:31.32 (19425082584)|CODE_UNIT_STARTED|[EXTERNAL]|Workflow:Product2
07:17:31.32 (19574723956)|CODE_UNIT_FINISHED|Workflow:Product2
07:17:31.32 (19859059069)|CODE_UNIT_STARTED|[EXTERNAL]|Workflow:Product2
07:17:32.125 (20125868304)|CODE_UNIT_FINISHED|Workflow:Product2
07:17:32.125 (20389489811)|CODE_UNIT_STARTED|[EXTERNAL]|Workflow:Product2
07:17:32.125 (20699101554)|CODE_UNIT_FINISHED|Workflow:Product2
07:17:32.125 (21016385438)|CODE_UNIT_STARTED|[EXTERNAL]|Workflow:Product2
07:17:33.284 (21284310931)|CODE_UNIT_FINISHED|Workflow:Product2
07:17:33.284 (21539732972)|USER_DEBUG|[59]|DEBUG|test_1520
07:17:33.284 (21671384636)|CODE_UNIT_STARTED|[EXTERNAL]|Workflow:Contact
07:17:33.284 (21699601414)|CODE_UNIT_FINISHED|Workflow:Contact
07:17:33.284 (22026212016)|CODE_UNIT_STARTED|[EXTERNAL]|01q11000000D4Gi|BookOrder on Book_Order trigger event BeforeUpdate for [a001100000DbFXe]
07:17:33.284 (22040676677)|USER_DEBUG|[81]|DEBUG|List of Book Names{}
07:17:33.284 (22040733276)|USER_DEBUG|[99]|DEBUG|List of Wharehouse accounts()
07:17:33.284 (22040838366)|USER_DEBUG|[163]|DEBUG|Final update to Product{}
07:17:33.284 (22042492232)|CODE_UNIT_FINISHED|BookOrder on Book_Order trigger event BeforeUpdate for [a001100000DbFXe]
07:17:33.284 (22056243948)|USER_DEBUG|[76]|DEBUG|test0.00
07:17:33.284 (22081077500)|USER_DEBUG|[76]|DEBUG|test0.00
07:17:33.284 (22081617749)|USER_DEBUG|[76]|DEBUG|test0.00
07:17:33.284 (22107337045)|CODE_UNIT_STARTED|[EXTERNAL]|01q11000000D4Gi|BookOrder on Book_Order trigger event BeforeUpdate for [a001100000DbFXe]
07:17:33.284 (22122902823)|USER_DEBUG|[81]|DEBUG|List of Book Names{a001100000DbFXeAAN={Book_99=1}}
07:17:33.284 (22143914847)|USER_DEBUG|[99]|DEBUG|List of Wharehouse accounts(Account:{Id=0011100001Lcq9PAAR, Name=Warehouse0}, Account:{Id=0011100001Lcq5lAAB, Name=Warehouse0}, Account:{Id=0011100001LcpyrAAB, Name=Warehouse0}, Account:{Id=0011100001Lcq9QAAR, Name=Warehouse1}, Account:{Id=0011100001Lcq5mAAB, Name=Warehouse1}, Account:{Id=0011100001LcpysAAB, Name=Warehouse1}, Account:{Id=0011100001Lcpz1AAB, Name=Warehouse10}, Account:{Id=0011100001Lcq5vAAB, Name=Warehouse10}, Account:{Id=0011100001Lcq9ZAAR, Name=Warehouse10}, Account:{Id=0011100001Lcpz2AAB, Name=Warehouse11}, ...)
07:17:33.284 (22159000951)|USER_DEBUG|[163]|DEBUG|Final update to Product{}
07:17:33.284 (22160511696)|CODE_UNIT_FINISHED|BookOrder on Book_Order trigger event BeforeUpdate for [a001100000DbFXe]
07:17:33.284 (22178565716)|CODE_UNIT_FINISHED|BookOrderPageControllerTest.TestMethodTwo
07:17:33.284 (22180482822)|EXECUTION_FINISHED
