39.0 APEX_CODE,DEBUG;APEX_PROFILING,NONE;CALLOUT,NONE;DB,NONE;SYSTEM,NONE;VALIDATION,NONE;VISUALFORCE,NONE;WAVE,NONE;WORKFLOW,NONE
05:58:12.0 (454512)|USER_INFO|[EXTERNAL]|005410000028GkS|candidate@829258advdev.com.devbox|Pacific Standard Time|GMT-08:00
05:58:12.0 (503757)|EXECUTION_STARTED
05:58:12.0 (509422)|CODE_UNIT_STARTED|[EXTERNAL]|01p11000000Fz9e|BookListControllerTest.TestMethodOne
05:58:15.977 (3977969732)|CODE_UNIT_STARTED|[EXTERNAL]|Workflow:Product2
05:58:15.977 (4335646836)|CODE_UNIT_FINISHED|Workflow:Product2
05:58:15.977 (4574843916)|CODE_UNIT_STARTED|[EXTERNAL]|Workflow:Product2
05:58:15.977 (4769451820)|CODE_UNIT_FINISHED|Workflow:Product2
05:58:17.205 (5205463925)|CODE_UNIT_STARTED|[EXTERNAL]|Workflow:Product2
05:58:17.205 (5452208091)|CODE_UNIT_FINISHED|Workflow:Product2
05:58:17.205 (5884721909)|CODE_UNIT_STARTED|[EXTERNAL]|Workflow:Product2
05:58:17.205 (6141933104)|CODE_UNIT_FINISHED|Workflow:Product2
05:58:18.559 (6559679235)|CODE_UNIT_STARTED|[EXTERNAL]|Workflow:Product2
05:58:18.559 (6854734555)|CODE_UNIT_FINISHED|Workflow:Product2
05:58:18.559 (7275166054)|CODE_UNIT_STARTED|[EXTERNAL]|Workflow:Product2
05:58:19.625 (7625949194)|CODE_UNIT_FINISHED|Workflow:Product2
05:58:19.625 (8107055864)|CODE_UNIT_STARTED|[EXTERNAL]|Workflow:Product2
05:58:19.625 (8373018412)|CODE_UNIT_FINISHED|Workflow:Product2
05:58:20.797 (8797458756)|CODE_UNIT_STARTED|[EXTERNAL]|Workflow:Product2
05:58:20.797 (9061769220)|CODE_UNIT_FINISHED|Workflow:Product2
05:58:20.797 (9355733852)|EXCEPTION_THROWN|[33]|System.AssertException: Assertion Failed: Expected: 50, Actual: 0
05:58:20.797 (9356236503)|FATAL_ERROR|System.AssertException: Assertion Failed: Expected: 50, Actual: 0

Class.BookListControllerTest: line 33, column 1
05:58:20.797 (9356246413)|FATAL_ERROR|System.AssertException: Assertion Failed: Expected: 50, Actual: 0

Class.BookListControllerTest: line 33, column 1
05:58:20.797 (9356253303)|CODE_UNIT_FINISHED|BookListControllerTest.TestMethodOne
05:58:20.797 (9357788411)|EXECUTION_FINISHED
