39.0 APEX_CODE,DEBUG;APEX_PROFILING,NONE;CALLOUT,NONE;DB,NONE;SYSTEM,NONE;VALIDATION,NONE;VISUALFORCE,NONE;WAVE,NONE;WORKFLOW,NONE
06:04:52.0 (849371)|USER_INFO|[EXTERNAL]|005410000028GkS|candidate@829258advdev.com.devbox|Pacific Standard Time|GMT-08:00
06:04:52.0 (884660)|EXECUTION_STARTED
06:04:52.0 (888251)|CODE_UNIT_STARTED|[EXTERNAL]|01p11000000FzFc|BookOrderPageControllerTest.TestMethodFour
06:04:56.246 (4246053891)|CODE_UNIT_STARTED|[EXTERNAL]|Workflow:Product2
06:04:56.246 (4614278380)|CODE_UNIT_FINISHED|Workflow:Product2
06:04:56.246 (4835928257)|CODE_UNIT_STARTED|[EXTERNAL]|Workflow:Product2
06:04:56.246 (5034443600)|CODE_UNIT_FINISHED|Workflow:Product2
06:04:57.436 (5436959996)|CODE_UNIT_STARTED|[EXTERNAL]|Workflow:Product2
06:04:57.436 (5723411240)|CODE_UNIT_FINISHED|Workflow:Product2
06:04:57.436 (6195753831)|CODE_UNIT_STARTED|[EXTERNAL]|Workflow:Product2
06:04:58.486 (6486408874)|CODE_UNIT_FINISHED|Workflow:Product2
06:04:58.486 (7027260516)|CODE_UNIT_STARTED|[EXTERNAL]|Workflow:Product2
06:04:58.486 (7356026609)|CODE_UNIT_FINISHED|Workflow:Product2
06:04:59.707 (7707507714)|CODE_UNIT_STARTED|[EXTERNAL]|Workflow:Contact
06:04:59.707 (7752275554)|CODE_UNIT_FINISHED|Workflow:Contact
06:04:59.707 (7871278651)|VF_PAGE_MESSAGE|Book Order ID is Missing
06:04:59.707 (7892890456)|CODE_UNIT_FINISHED|BookOrderPageControllerTest.TestMethodFour
06:04:59.707 (7894831625)|EXECUTION_FINISHED
06:05:01.122 (9122673626)|USER_INFO|[EXTERNAL]|005410000028GkS|candidate@829258advdev.com.devbox|Pacific Standard Time|GMT-08:00
06:05:01.122 (9122687116)|EXECUTION_STARTED
06:05:01.122 (9122691248)|CODE_UNIT_STARTED|[EXTERNAL]|01p11000000FzFc|BookOrderPageControllerTest.TestMethodOne
06:05:04.723 (12723503440)|CODE_UNIT_STARTED|[EXTERNAL]|Workflow:Product2
06:05:04.723 (13033279234)|CODE_UNIT_FINISHED|Workflow:Product2
06:05:04.723 (13209635138)|CODE_UNIT_STARTED|[EXTERNAL]|Workflow:Product2
06:05:04.723 (13333472358)|CODE_UNIT_FINISHED|Workflow:Product2
06:05:04.723 (13638941129)|CODE_UNIT_STARTED|[EXTERNAL]|Workflow:Product2
06:05:05.917 (13917747624)|CODE_UNIT_FINISHED|Workflow:Product2
06:05:05.917 (14255279396)|CODE_UNIT_STARTED|[EXTERNAL]|Workflow:Product2
06:05:05.917 (14496880859)|CODE_UNIT_FINISHED|Workflow:Product2
06:05:06.973 (14973039743)|CODE_UNIT_STARTED|[EXTERNAL]|Workflow:Product2
06:05:06.973 (15362706405)|CODE_UNIT_FINISHED|Workflow:Product2
06:05:06.973 (15624153107)|CODE_UNIT_STARTED|[EXTERNAL]|Workflow:Contact
06:05:06.973 (15647996817)|CODE_UNIT_FINISHED|Workflow:Contact
06:05:06.973 (15675978930)|USER_DEBUG|[68]|DEBUG|lstPrd 50
06:05:06.973 (15680550349)|USER_DEBUG|[74]|DEBUG|Test dataBook_Order__c:{Id=a001100000DbFBbAAN, Name=order_2, Contact__c=0031100001Fv7JnAAJ}
06:05:06.973 (15746127261)|CODE_UNIT_STARTED|[EXTERNAL]|01q11000000D4Gi|BookOrder on Book_Order trigger event BeforeUpdate for [a001100000DbFBb]
06:05:06.973 (15768489403)|USER_DEBUG|[81]|DEBUG|List of Book Names{}
06:05:06.973 (15768583787)|USER_DEBUG|[99]|DEBUG|List of Wharehouse accounts()
06:05:06.973 (15768726588)|USER_DEBUG|[163]|DEBUG|Final update to Product{}
06:05:06.973 (15770369939)|CODE_UNIT_FINISHED|BookOrder on Book_Order trigger event BeforeUpdate for [a001100000DbFBb]
06:05:06.973 (15789932377)|USER_DEBUG|[76]|DEBUG|test0.00
06:05:06.973 (15824288603)|CODE_UNIT_STARTED|[EXTERNAL]|01q11000000D4Gi|BookOrder on Book_Order trigger event BeforeUpdate for [a001100000DbFBb]
06:05:06.973 (15838842399)|USER_DEBUG|[81]|DEBUG|List of Book Names{}
06:05:06.973 (15838893550)|USER_DEBUG|[99]|DEBUG|List of Wharehouse accounts()
06:05:06.973 (15838978259)|USER_DEBUG|[163]|DEBUG|Final update to Product{}
06:05:06.973 (15840327849)|CODE_UNIT_FINISHED|BookOrder on Book_Order trigger event BeforeUpdate for [a001100000DbFBb]
06:05:06.973 (15873105606)|USER_DEBUG|[76]|DEBUG|test0.00
06:05:06.973 (15878125470)|USER_DEBUG|[109]|DEBUG|Count1--0
06:05:06.973 (15878179381)|USER_DEBUG|[111]|DEBUG|Count2--0
06:05:07.977 (15977725410)|CODE_UNIT_STARTED|[EXTERNAL]|01q11000000D4Gi|BookOrder on Book_Order trigger event BeforeUpdate for [a001100000DbFBb]
06:05:07.977 (15994219947)|USER_DEBUG|[81]|DEBUG|List of Book Names{}
06:05:07.977 (15994271060)|USER_DEBUG|[99]|DEBUG|List of Wharehouse accounts()
06:05:07.977 (15994359979)|USER_DEBUG|[163]|DEBUG|Final update to Product{}
06:05:07.977 (15995596824)|CODE_UNIT_FINISHED|BookOrder on Book_Order trigger event BeforeUpdate for [a001100000DbFBb]
06:05:07.977 (16010299542)|USER_DEBUG|[76]|DEBUG|test0.00
06:05:07.977 (16048770661)|USER_DEBUG|[76]|DEBUG|test0.00
06:05:07.977 (16059943351)|CODE_UNIT_STARTED|[EXTERNAL]|01q11000000D4Gi|BookOrder on Book_Order trigger event BeforeUpdate for [a001100000DbFBb]
06:05:07.977 (16093182360)|USER_DEBUG|[81]|DEBUG|List of Book Names{a001100000DbFBbAAN={}}
06:05:07.977 (16093233847)|USER_DEBUG|[99]|DEBUG|List of Wharehouse accounts()
06:05:07.977 (16093534240)|USER_DEBUG|[163]|DEBUG|Final update to Product{}
06:05:07.977 (16095339508)|CODE_UNIT_FINISHED|BookOrder on Book_Order trigger event BeforeUpdate for [a001100000DbFBb]
06:05:07.977 (16110528501)|CODE_UNIT_FINISHED|BookOrderPageControllerTest.TestMethodOne
06:05:07.977 (16111812127)|EXECUTION_FINISHED
06:05:09.593 (17593271285)|USER_INFO|[EXTERNAL]|005410000028GkS|candidate@829258advdev.com.devbox|Pacific Standard Time|GMT-08:00
06:05:09.593 (17593292247)|EXECUTION_STARTED
06:05:09.593 (17593295796)|CODE_UNIT_STARTED|[EXTERNAL]|01p11000000FzFc|BookOrderPageControllerTest.TestMethodTwo
06:05:13.201 (21201992424)|CODE_UNIT_STARTED|[EXTERNAL]|Workflow:Product2
06:05:13.201 (21532515250)|CODE_UNIT_FINISHED|Workflow:Product2
06:05:13.201 (21713937472)|CODE_UNIT_STARTED|[EXTERNAL]|Workflow:Product2
06:05:13.201 (21888872130)|CODE_UNIT_FINISHED|Workflow:Product2
06:05:14.308 (22308611643)|CODE_UNIT_STARTED|[EXTERNAL]|Workflow:Product2
06:05:14.308 (22557896864)|CODE_UNIT_FINISHED|Workflow:Product2
06:05:14.308 (22820287754)|CODE_UNIT_STARTED|[EXTERNAL]|Workflow:Product2
06:05:14.308 (23117036844)|CODE_UNIT_FINISHED|Workflow:Product2
06:05:15.414 (23414362793)|CODE_UNIT_STARTED|[EXTERNAL]|Workflow:Product2
06:05:15.414 (23660348239)|CODE_UNIT_FINISHED|Workflow:Product2
06:05:15.414 (24015357449)|CODE_UNIT_STARTED|[EXTERNAL]|Workflow:Contact
06:05:15.414 (24045819771)|CODE_UNIT_FINISHED|Workflow:Contact
06:05:15.414 (24359592631)|VF_PAGE_MESSAGE|Required fields are missing: [Price_Each__c]
06:05:15.414 (24359664114)|EXCEPTION_THROWN|[93]|System.DmlException: Upsert failed. First exception on row 0; first error: REQUIRED_FIELD_MISSING, Required fields are missing: [Price_Each__c]: [Price_Each__c]
06:05:15.414 (24369035994)|VF_PAGE_MESSAGE|Upsert failed. First exception on row 0; first error: REQUIRED_FIELD_MISSING, Required fields are missing: [Price_Each__c]: [Price_Each__c]
06:05:15.414 (24369215798)|USER_DEBUG|[76]|DEBUG|test0.00
06:05:15.414 (24370024383)|EXCEPTION_THROWN|[151]|System.DmlException: Update failed. First exception on row 0; first error: MISSING_ARGUMENT, Id not specified in an update call: []
06:05:15.414 (24379519031)|VF_PAGE_MESSAGE|Update failed. First exception on row 0; first error: MISSING_ARGUMENT, Id not specified in an update call: []
06:05:15.414 (24379706781)|USER_DEBUG|[76]|DEBUG|test0.00
06:05:15.414 (24380151796)|USER_DEBUG|[109]|DEBUG|Count1--0
06:05:15.414 (24380192618)|USER_DEBUG|[111]|DEBUG|Count2--0
06:05:15.414 (24380981887)|EXCEPTION_THROWN|[117]|System.ListException: Missing id at index: 0
06:05:15.414 (24390517881)|VF_PAGE_MESSAGE|Missing id at index: 0
06:05:15.414 (24390610351)|USER_DEBUG|[76]|DEBUG|test0.00
06:05:15.414 (24409914549)|CODE_UNIT_STARTED|[EXTERNAL]|01q11000000D4Gi|BookOrder on Book_Order trigger event BeforeUpdate for [a001100000DbFBc]
06:05:16.417 (24417794757)|USER_DEBUG|[81]|DEBUG|List of Book Names{a001100000DbFBcAAN={}}
06:05:16.417 (24417889093)|USER_DEBUG|[99]|DEBUG|List of Wharehouse accounts()
06:05:16.417 (24418092173)|USER_DEBUG|[163]|DEBUG|Final update to Product{}
06:05:16.417 (24419373170)|CODE_UNIT_FINISHED|BookOrder on Book_Order trigger event BeforeUpdate for [a001100000DbFBc]
06:05:16.417 (24436469003)|CODE_UNIT_FINISHED|BookOrderPageControllerTest.TestMethodTwo
06:05:16.417 (24437992058)|EXECUTION_FINISHED
