39.0 APEX_CODE,DEBUG;APEX_PROFILING,NONE;CALLOUT,NONE;DB,NONE;SYSTEM,NONE;VALIDATION,NONE;VISUALFORCE,NONE;WAVE,NONE;WORKFLOW,NONE
06:14:38.0 (810085)|USER_INFO|[EXTERNAL]|005410000028GkS|candidate@829258advdev.com.devbox|Pacific Standard Time|GMT-08:00
06:14:38.0 (849037)|EXECUTION_STARTED
06:14:38.0 (853309)|CODE_UNIT_STARTED|[EXTERNAL]|01p11000000Fz9e|BookListControllerTest.TestMethodOne
06:14:41.844 (3844942360)|CODE_UNIT_STARTED|[EXTERNAL]|Workflow:Product2
06:14:41.844 (4124512062)|CODE_UNIT_FINISHED|Workflow:Product2
06:14:41.844 (4307268428)|CODE_UNIT_STARTED|[EXTERNAL]|Workflow:Product2
06:14:41.844 (4462588510)|CODE_UNIT_FINISHED|Workflow:Product2
06:14:41.844 (4802575505)|CODE_UNIT_STARTED|[EXTERNAL]|Workflow:Product2
06:14:43.87 (5087149642)|CODE_UNIT_FINISHED|Workflow:Product2
06:14:43.87 (5552115126)|CODE_UNIT_STARTED|[EXTERNAL]|Workflow:Product2
06:14:43.87 (5874907872)|CODE_UNIT_FINISHED|Workflow:Product2
06:14:44.362 (6362146308)|CODE_UNIT_STARTED|[EXTERNAL]|Workflow:Product2
06:14:44.362 (6690911427)|CODE_UNIT_FINISHED|Workflow:Product2
06:14:44.362 (7103433804)|CODE_UNIT_STARTED|[EXTERNAL]|Workflow:Contact
06:14:44.362 (7141060320)|CODE_UNIT_FINISHED|Workflow:Contact
06:14:44.362 (7208741503)|USER_DEBUG|[85]|DEBUG|Test dataBook_Order__c:{Id=a001100000DomqVAAR, Name=order_2, Contact__c=0031100001G0HtpAAF}
06:14:44.362 (7208953058)|EXCEPTION_THROWN|[92]|System.SObjectException: SObject row was retrieved via SOQL without querying the requested field: Account.Type
06:14:44.362 (7209031237)|FATAL_ERROR|System.SObjectException: SObject row was retrieved via SOQL without querying the requested field: Account.Type

Class.BookListControllerTest.TestMethodOne: line 92, column 1
06:14:44.362 (7209039572)|FATAL_ERROR|System.SObjectException: SObject row was retrieved via SOQL without querying the requested field: Account.Type

Class.BookListControllerTest.TestMethodOne: line 92, column 1
06:14:44.362 (7209047411)|CODE_UNIT_FINISHED|BookListControllerTest.TestMethodOne
06:14:44.362 (7210747199)|EXECUTION_FINISHED
