39.0 APEX_CODE,DEBUG;APEX_PROFILING,NONE;CALLOUT,NONE;DB,NONE;SYSTEM,NONE;VALIDATION,NONE;VISUALFORCE,NONE;WAVE,NONE;WORKFLOW,NONE
07:04:51.0 (574827)|USER_INFO|[EXTERNAL]|005410000028GkS|candidate@829258advdev.com.devbox|Pacific Standard Time|GMT-08:00
07:04:51.0 (635342)|EXECUTION_STARTED
07:04:51.0 (640071)|CODE_UNIT_STARTED|[EXTERNAL]|01p11000000FzFc|BookOrderPageControllerTest.TestMethodFour
07:04:55.465 (4465407347)|CODE_UNIT_STARTED|[EXTERNAL]|Workflow:Product2
07:04:58.244 (7244308356)|CODE_UNIT_FINISHED|Workflow:Product2
07:04:58.244 (7364417080)|CODE_UNIT_STARTED|[EXTERNAL]|Workflow:Product2
07:04:58.244 (7484192772)|CODE_UNIT_FINISHED|Workflow:Product2
07:04:58.244 (7784869775)|CODE_UNIT_STARTED|[EXTERNAL]|Workflow:Product2
07:04:58.244 (8039236192)|CODE_UNIT_FINISHED|Workflow:Product2
07:04:59.349 (8349027312)|CODE_UNIT_STARTED|[EXTERNAL]|Workflow:Product2
07:04:59.349 (8667025982)|CODE_UNIT_FINISHED|Workflow:Product2
07:04:59.349 (9019769363)|CODE_UNIT_STARTED|[EXTERNAL]|Workflow:Product2
07:04:59.349 (9293990121)|CODE_UNIT_FINISHED|Workflow:Product2
07:05:00.575 (9575721593)|USER_DEBUG|[59]|DEBUG|test_1520
07:05:00.575 (9737552606)|CODE_UNIT_STARTED|[EXTERNAL]|Workflow:Contact
07:05:00.575 (9777881692)|CODE_UNIT_FINISHED|Workflow:Contact
07:05:00.575 (9835616032)|VF_PAGE_MESSAGE|Book Order ID is Missing
07:05:00.575 (9838056703)|CODE_UNIT_FINISHED|BookOrderPageControllerTest.TestMethodFour
07:05:00.575 (9839459215)|EXECUTION_FINISHED
07:05:02.205 (11205825174)|USER_INFO|[EXTERNAL]|005410000028GkS|candidate@829258advdev.com.devbox|Pacific Standard Time|GMT-08:00
07:05:02.205 (11205848329)|EXECUTION_STARTED
07:05:02.205 (11205853272)|CODE_UNIT_STARTED|[EXTERNAL]|01p11000000FzFc|BookOrderPageControllerTest.TestMethodOne
07:05:05.387 (14387164668)|CODE_UNIT_STARTED|[EXTERNAL]|Workflow:Product2
07:05:05.387 (14679482225)|CODE_UNIT_FINISHED|Workflow:Product2
07:05:05.387 (14816099035)|CODE_UNIT_STARTED|[EXTERNAL]|Workflow:Product2
07:05:05.387 (14953926392)|CODE_UNIT_FINISHED|Workflow:Product2
07:05:05.387 (15245150375)|CODE_UNIT_STARTED|[EXTERNAL]|Workflow:Product2
07:05:06.615 (15615257038)|CODE_UNIT_FINISHED|Workflow:Product2
07:05:06.615 (15864062590)|CODE_UNIT_STARTED|[EXTERNAL]|Workflow:Product2
07:05:06.615 (16188567302)|CODE_UNIT_FINISHED|Workflow:Product2
07:05:06.615 (16455157983)|CODE_UNIT_STARTED|[EXTERNAL]|Workflow:Product2
07:05:07.765 (16765812093)|CODE_UNIT_FINISHED|Workflow:Product2
07:05:07.765 (17021308327)|USER_DEBUG|[59]|DEBUG|test_1520
07:05:07.765 (17150989951)|CODE_UNIT_STARTED|[EXTERNAL]|Workflow:Contact
07:05:07.765 (17173123628)|CODE_UNIT_FINISHED|Workflow:Contact
07:05:07.765 (17202158870)|USER_DEBUG|[83]|DEBUG|lstPrd 50
07:05:07.765 (17205226884)|USER_DEBUG|[89]|DEBUG|Test dataBook_Order__c:{Id=a001100000DbFUZAA3, Name=order_2, Contact__c=0031100001FvNBzAAN}
07:05:07.765 (17283752794)|CODE_UNIT_STARTED|[EXTERNAL]|01q11000000D4Gi|BookOrder on Book_Order trigger event BeforeUpdate for [a001100000DbFUZ]
07:05:07.765 (17302107001)|USER_DEBUG|[81]|DEBUG|List of Book Names{}
07:05:07.765 (17302194711)|USER_DEBUG|[99]|DEBUG|List of Wharehouse accounts()
07:05:07.765 (17302351861)|USER_DEBUG|[163]|DEBUG|Final update to Product{}
07:05:07.765 (17303668999)|CODE_UNIT_FINISHED|BookOrder on Book_Order trigger event BeforeUpdate for [a001100000DbFUZ]
07:05:07.765 (17317549417)|USER_DEBUG|[76]|DEBUG|test0.00
07:05:07.765 (17343485075)|CODE_UNIT_STARTED|[EXTERNAL]|01q11000000D4Gi|BookOrder on Book_Order trigger event BeforeUpdate for [a001100000DbFUZ]
07:05:07.765 (17357947987)|USER_DEBUG|[81]|DEBUG|List of Book Names{}
07:05:07.765 (17357999749)|USER_DEBUG|[99]|DEBUG|List of Wharehouse accounts()
07:05:07.765 (17358086179)|USER_DEBUG|[163]|DEBUG|Final update to Product{}
07:05:07.765 (17359332966)|CODE_UNIT_FINISHED|BookOrder on Book_Order trigger event BeforeUpdate for [a001100000DbFUZ]
07:05:07.765 (17411761892)|USER_DEBUG|[76]|DEBUG|test0.00
07:05:07.765 (17418275636)|USER_DEBUG|[109]|DEBUG|Count1--0
07:05:07.765 (17418331500)|USER_DEBUG|[111]|DEBUG|Count2--0
07:05:07.765 (17538981960)|CODE_UNIT_STARTED|[EXTERNAL]|01q11000000D4Gi|BookOrder on Book_Order trigger event BeforeUpdate for [a001100000DbFUZ]
07:05:07.765 (17573890091)|USER_DEBUG|[81]|DEBUG|List of Book Names{}
07:05:07.765 (17573945293)|USER_DEBUG|[99]|DEBUG|List of Wharehouse accounts()
07:05:07.765 (17574034602)|USER_DEBUG|[163]|DEBUG|Final update to Product{}
07:05:07.765 (17575968034)|CODE_UNIT_FINISHED|BookOrder on Book_Order trigger event BeforeUpdate for [a001100000DbFUZ]
07:05:07.765 (17593886133)|USER_DEBUG|[76]|DEBUG|test0.00
07:05:07.765 (17643544398)|USER_DEBUG|[76]|DEBUG|test0.00
07:05:07.765 (17655155967)|CODE_UNIT_STARTED|[EXTERNAL]|01q11000000D4Gi|BookOrder on Book_Order trigger event BeforeUpdate for [a001100000DbFUZ]
07:05:07.765 (17674050235)|USER_DEBUG|[81]|DEBUG|List of Book Names{a001100000DbFUZAA3={Book_98=1}}
07:05:07.765 (17701240483)|USER_DEBUG|[99]|DEBUG|List of Wharehouse accounts(Account:{Id=0011100001LcpIoAAJ, Name=Warehouse0}, Account:{Id=0011100001LcpBuAAJ, Name=Warehouse0}, Account:{Id=0011100001LcpMSAAZ, Name=Warehouse0}, Account:{Id=0011100001LcpIpAAJ, Name=Warehouse1}, Account:{Id=0011100001LcpBvAAJ, Name=Warehouse1}, Account:{Id=0011100001LcpMTAAZ, Name=Warehouse1}, Account:{Id=0011100001LcpIyAAJ, Name=Warehouse10}, Account:{Id=0011100001LcpC4AAJ, Name=Warehouse10}, Account:{Id=0011100001LcpMcAAJ, Name=Warehouse10}, Account:{Id=0011100001LcpIzAAJ, Name=Warehouse11}, ...)
07:05:07.765 (17716696549)|USER_DEBUG|[163]|DEBUG|Final update to Product{}
07:05:07.765 (17718270830)|CODE_UNIT_FINISHED|BookOrder on Book_Order trigger event BeforeUpdate for [a001100000DbFUZ]
07:05:07.765 (17731741450)|CODE_UNIT_FINISHED|BookOrderPageControllerTest.TestMethodOne
07:05:07.765 (17733336461)|EXECUTION_FINISHED
07:05:09.892 (18892184436)|USER_INFO|[EXTERNAL]|005410000028GkS|candidate@829258advdev.com.devbox|Pacific Standard Time|GMT-08:00
07:05:09.892 (18892204195)|EXECUTION_STARTED
07:05:09.892 (18892207929)|CODE_UNIT_STARTED|[EXTERNAL]|01p11000000FzFc|BookOrderPageControllerTest.TestMethodTwo
07:05:13.391 (22391725835)|CODE_UNIT_STARTED|[EXTERNAL]|Workflow:Product2
07:05:13.391 (22656261529)|CODE_UNIT_FINISHED|Workflow:Product2
07:05:13.391 (22787606684)|CODE_UNIT_STARTED|[EXTERNAL]|Workflow:Product2
07:05:13.391 (22926150937)|CODE_UNIT_FINISHED|Workflow:Product2
07:05:13.391 (23227644335)|CODE_UNIT_STARTED|[EXTERNAL]|Workflow:Product2
07:05:14.563 (23563256514)|CODE_UNIT_FINISHED|Workflow:Product2
07:05:14.563 (23812610240)|CODE_UNIT_STARTED|[EXTERNAL]|Workflow:Product2
07:05:14.563 (24045077234)|CODE_UNIT_FINISHED|Workflow:Product2
07:05:14.563 (24396981305)|CODE_UNIT_STARTED|[EXTERNAL]|Workflow:Product2
07:05:15.689 (24689085075)|CODE_UNIT_FINISHED|Workflow:Product2
07:05:15.689 (24966785872)|USER_DEBUG|[59]|DEBUG|test_1520
07:05:15.689 (25096165763)|CODE_UNIT_STARTED|[EXTERNAL]|Workflow:Contact
07:05:15.689 (25123620090)|CODE_UNIT_FINISHED|Workflow:Contact
07:05:15.689 (25431699310)|CODE_UNIT_STARTED|[EXTERNAL]|01q11000000D4Gi|BookOrder on Book_Order trigger event BeforeUpdate for [a001100000DbFUa]
07:05:15.689 (25448028696)|USER_DEBUG|[81]|DEBUG|List of Book Names{}
07:05:15.689 (25448093637)|USER_DEBUG|[99]|DEBUG|List of Wharehouse accounts()
07:05:15.689 (25448219558)|USER_DEBUG|[163]|DEBUG|Final update to Product{}
07:05:15.689 (25449851227)|CODE_UNIT_FINISHED|BookOrder on Book_Order trigger event BeforeUpdate for [a001100000DbFUa]
07:05:15.689 (25462187257)|USER_DEBUG|[76]|DEBUG|test0.00
07:05:15.689 (25483232372)|USER_DEBUG|[76]|DEBUG|test0.00
07:05:15.689 (25483859224)|USER_DEBUG|[76]|DEBUG|test0.00
07:05:15.689 (25645039848)|CODE_UNIT_STARTED|[EXTERNAL]|01q11000000D4Gi|BookOrder on Book_Order trigger event BeforeUpdate for [a001100000DbFUa]
07:05:15.689 (25663613283)|USER_DEBUG|[81]|DEBUG|List of Book Names{a001100000DbFUaAAN={Book_99=1}}
07:05:15.689 (25683585447)|USER_DEBUG|[99]|DEBUG|List of Wharehouse accounts(Account:{Id=0011100001LcpTkAAJ, Name=Warehouse0}, Account:{Id=0011100001LcpMqAAJ, Name=Warehouse0}, Account:{Id=0011100001LcpXOAAZ, Name=Warehouse0}, Account:{Id=0011100001LcpTlAAJ, Name=Warehouse1}, Account:{Id=0011100001LcpMrAAJ, Name=Warehouse1}, Account:{Id=0011100001LcpXPAAZ, Name=Warehouse1}, Account:{Id=0011100001LcpTuAAJ, Name=Warehouse10}, Account:{Id=0011100001LcpXYAAZ, Name=Warehouse10}, Account:{Id=0011100001LcpN0AAJ, Name=Warehouse10}, Account:{Id=0011100001LcpTvAAJ, Name=Warehouse11}, ...)
07:05:16.700 (25700656816)|USER_DEBUG|[163]|DEBUG|Final update to Product{}
07:05:16.700 (25702172806)|CODE_UNIT_FINISHED|BookOrder on Book_Order trigger event BeforeUpdate for [a001100000DbFUa]
07:05:16.700 (25715791150)|CODE_UNIT_FINISHED|BookOrderPageControllerTest.TestMethodTwo
07:05:16.700 (25716927124)|EXECUTION_FINISHED
